2023-12-10 17:20:21,405 [INFO] Activator:176 - 


2023-12-10 17:20:21,412 [INFO] Activator:177 - !SESSION log4j initialized
2023-12-10 17:20:28,847 [INFO] LogOutputStream:77 - [STDOUT_REDIRECT] 
2023-12-10 17:20:31,094 [INFO] ApplicationProperties:184 - Using Application install path: C:\ST\STM32CubeIDE_1.13.1\STM32CubeIDE\plugins\com.st.stm32cube.common.mx_6.9.1.202307191849
2023-12-10 17:20:31,114 [INFO] DbMcusXml:78 - Set database path to: C:\ST\STM32CubeIDE_1.13.1\STM32CubeIDE\plugins\com.st.stm32cube.common.mx_6.9.1.202307191849\\db\/mcu/
2023-12-10 17:20:31,114 [INFO] ApiDb:274 - Set plugin database path to: C:\ST\STM32CubeIDE_1.13.1\STM32CubeIDE\plugins\com.st.stm32cube.common.mx_6.9.1.202307191849\\db\/plugins/boardmanager/
2023-12-10 17:20:31,115 [WARN] ApiDb:259 - Overriding images path with different value:  => C:\ST\STM32CubeIDE_1.13.1\STM32CubeIDE\plugins\com.st.stm32cube.common.mx_6.9.1.202307191849\\db\/plugins/mcufinder/images/
2023-12-10 17:20:31,127 [INFO] ApiDb:250 - Set database path to: C:\Users\green\.stmcufinder\plugins\mcufinder//mcu/
2023-12-10 17:20:31,129 [INFO] DbMcusAds:125 - Set database path to: C:\Users\green\.stmcufinder\plugins\mcufinder//mcu/
2023-12-10 17:20:31,132 [INFO] CrossReferenceDbSqlite:203 - Set database path to: C:\Users\green\.stmcufinder\plugins\mcufinder//mcu/cs/
2023-12-10 17:20:31,270 [INFO] RulesReader:64 - Compatibility file has been processed (293 Rules)
2023-12-10 17:20:31,360 [INFO] DbMcusXml:78 - Set database path to: C:\ST\STM32CubeIDE_1.13.1\STM32CubeIDE\plugins\com.st.stm32cube.common.mx_6.9.1.202307191849\\db\/mcu/
2023-12-10 17:20:31,361 [INFO] ApiDb:274 - Set plugin database path to: C:\ST\STM32CubeIDE_1.13.1\STM32CubeIDE\plugins\com.st.stm32cube.common.mx_6.9.1.202307191849\\db\/plugins/boardmanager/
2023-12-10 17:20:31,361 [INFO] ApiDb:261 - Set plugin images path to: C:\ST\STM32CubeIDE_1.13.1\STM32CubeIDE\plugins\com.st.stm32cube.common.mx_6.9.1.202307191849\\db\/plugins/mcufinder/images/
2023-12-10 17:20:31,361 [WARN] DbFile:41 - Overriding database path with different value: C:\Users\green\.stmcufinder\plugins\mcufinder/ => C:\Users\green\.stmcufinder\plugins\mcufinder
2023-12-10 17:20:31,361 [INFO] ApiDb:250 - Set database path to: C:\Users\green\.stmcufinder\plugins\mcufinder//mcu/
2023-12-10 17:20:31,361 [WARN] DbFile:41 - Overriding database path with different value: C:\Users\green\.stmcufinder\plugins\mcufinder/ => C:\Users\green\.stmcufinder\plugins\mcufinder
2023-12-10 17:20:31,362 [INFO] DbMcusAds:125 - Set database path to: C:\Users\green\.stmcufinder\plugins\mcufinder//mcu/
2023-12-10 17:20:31,362 [WARN] DbFile:41 - Overriding database path with different value: C:\Users\green\.stmcufinder\plugins\mcufinder/ => C:\Users\green\.stmcufinder\plugins\mcufinder
2023-12-10 17:20:31,362 [WARN] DbFile:41 - Overriding database path with different value: C:\Users\green\.stmcufinder\plugins\mcufinder/ => C:\Users\green\.stmcufinder\plugins\mcufinder
2023-12-10 17:20:31,362 [INFO] CrossReferenceDbSqlite:203 - Set database path to: C:\Users\green\.stmcufinder\plugins\mcufinder//mcu/cs/
2023-12-10 17:20:31,450 [INFO] MainPanel:262 - HeapMemory: 268435456
2023-12-10 17:20:31,551 [INFO] DbMcusXml:78 - Set database path to: C:\ST\STM32CubeIDE_1.13.1\STM32CubeIDE\plugins\com.st.stm32cube.common.mx_6.9.1.202307191849\\db\/mcu/
2023-12-10 17:20:31,551 [INFO] ApiDb:274 - Set plugin database path to: C:\ST\STM32CubeIDE_1.13.1\STM32CubeIDE\plugins\com.st.stm32cube.common.mx_6.9.1.202307191849\\db\/plugins/boardmanager/
2023-12-10 17:20:31,551 [INFO] ApiDb:261 - Set plugin images path to: C:\ST\STM32CubeIDE_1.13.1\STM32CubeIDE\plugins\com.st.stm32cube.common.mx_6.9.1.202307191849\\db\/plugins/mcufinder/images/
2023-12-10 17:20:31,551 [WARN] DbFile:41 - Overriding database path with different value: C:\Users\green\.stmcufinder\plugins\mcufinder/ => C:\Users\green\.stmcufinder\plugins\mcufinder
2023-12-10 17:20:31,551 [INFO] ApiDb:250 - Set database path to: C:\Users\green\.stmcufinder\plugins\mcufinder//mcu/
2023-12-10 17:20:31,551 [WARN] DbFile:41 - Overriding database path with different value: C:\Users\green\.stmcufinder\plugins\mcufinder/ => C:\Users\green\.stmcufinder\plugins\mcufinder
2023-12-10 17:20:31,551 [INFO] DbMcusAds:125 - Set database path to: C:\Users\green\.stmcufinder\plugins\mcufinder//mcu/
2023-12-10 17:20:31,551 [WARN] DbFile:41 - Overriding database path with different value: C:\Users\green\.stmcufinder\plugins\mcufinder/ => C:\Users\green\.stmcufinder\plugins\mcufinder
2023-12-10 17:20:31,551 [WARN] DbFile:41 - Overriding database path with different value: C:\Users\green\.stmcufinder\plugins\mcufinder/ => C:\Users\green\.stmcufinder\plugins\mcufinder
2023-12-10 17:20:31,551 [INFO] CrossReferenceDbSqlite:203 - Set database path to: C:\Users\green\.stmcufinder\plugins\mcufinder//mcu/cs/
2023-12-10 17:20:31,572 [INFO] ApplicationProperties:184 - Using Application install path: C:\ST\STM32CubeIDE_1.13.1\STM32CubeIDE\plugins\com.st.stm32cube.common.mx_6.9.1.202307191849
2023-12-10 17:20:31,573 [INFO] PluginManage:196 - Search for loadable plugins [exclusion list=, ]
2023-12-10 17:20:31,575 [INFO] PluginManage:310 - Check plugin analytics
2023-12-10 17:20:31,769 [INFO] AnalyticsPlugin:253 - Accepted Software Licenses: 
2023-12-10 17:20:31,769 [INFO] AnalyticsPlugin:255 - Accepted CMSIS Pack Licenses: 
2023-12-10 17:20:31,769 [INFO] AnalyticsPlugin:257 - Accepted Firmware Licenses: 
2023-12-10 17:20:31,773 [INFO] PluginManage:359 - Loaded plugin analytics (category:tool,tabindex:-1)
2023-12-10 17:20:31,773 [INFO] PluginManage:310 - Check plugin cadmodel
2023-12-10 17:20:31,792 [INFO] CADModel:105 - Init CAD model plugin
2023-12-10 17:20:31,792 [INFO] PluginManage:359 - Loaded plugin cadmodel (category:power,tabindex:5)
2023-12-10 17:20:31,793 [INFO] PluginManage:310 - Check plugin clock
2023-12-10 17:20:31,814 [INFO] PluginManage:359 - Loaded plugin clock (category:base,tabindex:2)
2023-12-10 17:20:31,814 [INFO] PluginManage:310 - Check plugin ddr
2023-12-10 17:20:31,816 [INFO] PluginManage:359 - Loaded plugin ddr (category:tool,tabindex:6)
2023-12-10 17:20:31,817 [INFO] PluginManage:310 - Check plugin filemanager
2023-12-10 17:20:31,949 [INFO] PluginManage:359 - Loaded plugin filemanager (category:base,tabindex:10)
2023-12-10 17:20:31,949 [INFO] PluginManage:310 - Check plugin ipmanager
2023-12-10 17:20:31,957 [INFO] PluginManage:359 - Loaded plugin ipmanager (category:base,tabindex:5)
2023-12-10 17:20:31,957 [INFO] PluginManage:310 - Check plugin lpbam
2023-12-10 17:20:31,974 [INFO] PluginManage:359 - Loaded plugin lpbam (category:base,tabindex:0)
2023-12-10 17:20:31,974 [INFO] PluginManage:310 - Check plugin memorymap
2023-12-10 17:20:31,994 [INFO] PluginManage:359 - Loaded plugin memorymap (category:base,tabindex:4)
2023-12-10 17:20:31,995 [INFO] PluginManage:310 - Check plugin pinoutandconfiguration
2023-12-10 17:20:32,016 [INFO] PluginManage:359 - Loaded plugin pinoutandconfiguration (category:base,tabindex:1)
2023-12-10 17:20:32,016 [INFO] PluginManage:310 - Check plugin pinoutconfig
2023-12-10 17:20:32,135 [WARN] SupportedApi:132 - Cannot load RTOS API schema: s4s-elt-must-match.1: The content of 'definitions' must match (annotation?, (simpleType | complexType)?, (unique | key | keyref)*)). A problem was found starting at: attribute.
2023-12-10 17:20:32,279 [INFO] PluginManage:359 - Loaded plugin pinoutconfig (category:base,tabindex:0)
2023-12-10 17:20:32,280 [INFO] PluginManage:310 - Check plugin power
2023-12-10 17:20:32,302 [INFO] PluginManage:359 - Loaded plugin power (category:power,tabindex:4)
2023-12-10 17:20:32,302 [INFO] PluginManage:310 - Check plugin projectmanager
2023-12-10 17:20:32,321 [INFO] PluginManage:359 - Loaded plugin projectmanager (category:projectmanager,tabindex:3)
2023-12-10 17:20:32,321 [INFO] PluginManage:310 - Check plugin thirdparty
2023-12-10 17:20:32,647 [INFO] PluginManage:359 - Loaded plugin thirdparty (category:base,tabindex:-1)
2023-12-10 17:20:32,647 [WARN] IntegrityCheckThread:84 - waiting for thirdparty lock release [integrity check]
2023-12-10 17:20:32,647 [INFO] PluginManage:310 - Check plugin tools
2023-12-10 17:20:32,647 [INFO] IntegrityCheckThread:86 - entering critical section [integrity check]
2023-12-10 17:20:32,648 [INFO] ThirdPartyUpdaterWithRetryManager:70 - Updater plugin not ready yet. [1/15]
2023-12-10 17:20:32,682 [INFO] PluginManage:359 - Loaded plugin tools (category:base,tabindex:7)
2023-12-10 17:20:32,683 [INFO] PluginManage:310 - Check plugin tutovideos
2023-12-10 17:20:32,897 [INFO] PluginManage:359 - Loaded plugin tutovideos (category:base,tabindex:-1)
2023-12-10 17:20:32,897 [INFO] PluginManage:310 - Check plugin updater
2023-12-10 17:20:32,911 [INFO] PluginManage:359 - Loaded plugin updater (category:base,tabindex:12)
2023-12-10 17:20:32,911 [INFO] PluginManage:310 - Check plugin userauth
2023-12-10 17:20:32,916 [INFO] UserAuth:113 - Init User Auth plugin
2023-12-10 17:20:32,917 [INFO] PluginManage:359 - Loaded plugin userauth (category:base,tabindex:14)
2023-12-10 17:20:32,917 [INFO] PluginManage:283 - PluginManage : Loaded plugins [17]
2023-12-10 17:20:33,167 [INFO] PinOutPanel:1499 - setPackage(No Configuration,No Configuration)
2023-12-10 17:20:33,282 [INFO] CADModel:165 - CPN selected for project level
2023-12-10 17:20:33,282 [INFO] CADModel:114 - Register for checkConnection events
2023-12-10 17:20:33,308 [INFO] IPUIPlugin:80 - create IPUIPlugin
2023-12-10 17:20:33,308 [INFO] PluginManager:220 - loadIPPluginJar : add adc
2023-12-10 17:20:33,340 [INFO] IPUIPlugin:80 - create IPUIPlugin
2023-12-10 17:20:33,341 [INFO] PluginManager:220 - loadIPPluginJar : add aes
2023-12-10 17:20:33,379 [INFO] IPUIPlugin:80 - create IPUIPlugin
2023-12-10 17:20:33,380 [INFO] PluginManager:220 - loadIPPluginJar : add can
2023-12-10 17:20:33,402 [INFO] IPUIPlugin:80 - create IPUIPlugin
2023-12-10 17:20:33,403 [INFO] PluginManager:220 - loadIPPluginJar : add comp
2023-12-10 17:20:33,438 [INFO] IPUIPlugin:80 - create IPUIPlugin
2023-12-10 17:20:33,438 [INFO] PluginManager:220 - loadIPPluginJar : add cryp
2023-12-10 17:20:33,486 [INFO] IPUIPlugin:80 - create IPUIPlugin
2023-12-10 17:20:33,486 [INFO] PluginManager:220 - loadIPPluginJar : add dfsdm
2023-12-10 17:20:33,510 [INFO] IPUIPlugin:80 - create IPUIPlugin
2023-12-10 17:20:33,512 [INFO] PluginManager:220 - loadIPPluginJar : add dma
2023-12-10 17:20:33,593 [INFO] IPUIPlugin:80 - create IPUIPlugin
2023-12-10 17:20:33,593 [INFO] PluginManager:220 - loadIPPluginJar : add dma3
2023-12-10 17:20:33,635 [INFO] IPUIPlugin:80 - create IPUIPlugin
2023-12-10 17:20:33,636 [INFO] PluginManager:220 - loadIPPluginJar : add fatfs
2023-12-10 17:20:33,732 [INFO] IPUIPlugin:80 - create IPUIPlugin
2023-12-10 17:20:33,732 [INFO] PluginManager:220 - loadIPPluginJar : add fmc
2023-12-10 17:20:33,761 [INFO] IPUIPlugin:80 - create IPUIPlugin
2023-12-10 17:20:33,762 [INFO] PluginManager:220 - loadIPPluginJar : add freertos
2023-12-10 17:20:33,799 [INFO] IPUIPlugin:80 - create IPUIPlugin
2023-12-10 17:20:33,800 [INFO] PluginManager:220 - loadIPPluginJar : add genericplugin
2023-12-10 17:20:33,986 [INFO] IPUIPlugin:80 - create IPUIPlugin
2023-12-10 17:20:33,987 [INFO] PluginManager:220 - loadIPPluginJar : add gfxmmu
2023-12-10 17:20:34,202 [INFO] IPUIPlugin:80 - create IPUIPlugin
2023-12-10 17:20:34,205 [INFO] PluginManager:220 - loadIPPluginJar : add gic
2023-12-10 17:20:34,228 [INFO] IPUIPlugin:80 - create IPUIPlugin
2023-12-10 17:20:34,228 [INFO] PluginManager:220 - loadIPPluginJar : add gpio
2023-12-10 17:20:34,403 [INFO] IPUIPlugin:80 - create IPUIPlugin
2023-12-10 17:20:34,403 [INFO] PluginManager:220 - loadIPPluginJar : add gtzc
2023-12-10 17:20:34,443 [INFO] IPUIPlugin:80 - create IPUIPlugin
2023-12-10 17:20:34,443 [INFO] PluginManager:220 - loadIPPluginJar : add hash
2023-12-10 17:20:34,516 [INFO] IPUIPlugin:80 - create IPUIPlugin
2023-12-10 17:20:34,516 [INFO] PluginManager:220 - loadIPPluginJar : add i2c
2023-12-10 17:20:34,558 [INFO] IPUIPlugin:80 - create IPUIPlugin
2023-12-10 17:20:34,558 [INFO] PluginManager:220 - loadIPPluginJar : add i2s
2023-12-10 17:20:34,598 [INFO] IPUIPlugin:80 - create IPUIPlugin
2023-12-10 17:20:34,598 [INFO] PluginManager:220 - loadIPPluginJar : add i3c
2023-12-10 17:20:34,705 [INFO] IPUIPlugin:80 - create IPUIPlugin
2023-12-10 17:20:34,705 [INFO] PluginManager:220 - loadIPPluginJar : add ipddr
2023-12-10 17:20:34,793 [INFO] IPUIPlugin:80 - create IPUIPlugin
2023-12-10 17:20:34,794 [INFO] PluginManager:220 - loadIPPluginJar : add linkedlist
2023-12-10 17:20:34,826 [INFO] IPUIPlugin:80 - create IPUIPlugin
2023-12-10 17:20:34,827 [INFO] PluginManager:220 - loadIPPluginJar : add lorawan
2023-12-10 17:20:34,860 [INFO] IPUIPlugin:80 - create IPUIPlugin
2023-12-10 17:20:34,860 [INFO] PluginManager:220 - loadIPPluginJar : add ltdc
2023-12-10 17:20:34,873 [INFO] IPUIPlugin:80 - create IPUIPlugin
2023-12-10 17:20:34,874 [INFO] PluginManager:220 - loadIPPluginJar : add mdma
2023-12-10 17:20:34,885 [INFO] IPUIPlugin:80 - create IPUIPlugin
2023-12-10 17:20:34,885 [INFO] PluginManager:220 - loadIPPluginJar : add nvic
2023-12-10 17:20:34,920 [INFO] IPUIPlugin:80 - create IPUIPlugin
2023-12-10 17:20:34,920 [INFO] PluginManager:220 - loadIPPluginJar : add opamp
2023-12-10 17:20:34,974 [INFO] IPUIPlugin:80 - create IPUIPlugin
2023-12-10 17:20:34,974 [INFO] PluginManager:220 - loadIPPluginJar : add openamp
2023-12-10 17:20:35,024 [INFO] IPUIPlugin:80 - create IPUIPlugin
2023-12-10 17:20:35,024 [INFO] PluginManager:220 - loadIPPluginJar : add pdm2pcm
2023-12-10 17:20:35,041 [INFO] IPUIPlugin:80 - create IPUIPlugin
2023-12-10 17:20:35,043 [INFO] PluginManager:220 - loadIPPluginJar : add plateformsettings
2023-12-10 17:20:35,064 [INFO] IPUIPlugin:80 - create IPUIPlugin
2023-12-10 17:20:35,065 [INFO] PluginManager:220 - loadIPPluginJar : add quadspi
2023-12-10 17:20:35,076 [INFO] IPUIPlugin:80 - create IPUIPlugin
2023-12-10 17:20:35,076 [INFO] PluginManager:220 - loadIPPluginJar : add resmgrutility
2023-12-10 17:20:35,126 [INFO] IPUIPlugin:80 - create IPUIPlugin
2023-12-10 17:20:35,126 [INFO] PluginManager:220 - loadIPPluginJar : add sai
2023-12-10 17:20:35,182 [INFO] IPUIPlugin:80 - create IPUIPlugin
2023-12-10 17:20:35,182 [INFO] PluginManager:220 - loadIPPluginJar : add spi
2023-12-10 17:20:35,242 [INFO] IPUIPlugin:80 - create IPUIPlugin
2023-12-10 17:20:35,242 [INFO] PluginManager:220 - loadIPPluginJar : add stm32_wpan
2023-12-10 17:20:35,264 [INFO] IPUIPlugin:80 - create IPUIPlugin
2023-12-10 17:20:35,264 [INFO] PluginManager:220 - loadIPPluginJar : add tim
2023-12-10 17:20:35,320 [INFO] IPUIPlugin:80 - create IPUIPlugin
2023-12-10 17:20:35,320 [INFO] PluginManager:220 - loadIPPluginJar : add touchsensing
2023-12-10 17:20:35,341 [INFO] IPUIPlugin:80 - create IPUIPlugin
2023-12-10 17:20:35,342 [INFO] PluginManager:220 - loadIPPluginJar : add tracer_emb
2023-12-10 17:20:35,372 [INFO] IPUIPlugin:80 - create IPUIPlugin
2023-12-10 17:20:35,372 [INFO] PluginManager:220 - loadIPPluginJar : add ts
2023-12-10 17:20:35,393 [INFO] IPUIPlugin:80 - create IPUIPlugin
2023-12-10 17:20:35,393 [INFO] PluginManager:220 - loadIPPluginJar : add tsc
2023-12-10 17:20:35,414 [INFO] IPUIPlugin:80 - create IPUIPlugin
2023-12-10 17:20:35,414 [INFO] PluginManager:220 - loadIPPluginJar : add ucpd
2023-12-10 17:20:35,457 [INFO] IPUIPlugin:80 - create IPUIPlugin
2023-12-10 17:20:35,457 [INFO] PluginManager:220 - loadIPPluginJar : add usart
2023-12-10 17:20:35,495 [INFO] IPUIPlugin:80 - create IPUIPlugin
2023-12-10 17:20:35,495 [INFO] PluginManager:220 - loadIPPluginJar : add usbx
2023-12-10 17:20:35,634 [INFO] CADModel:165 - CPN selected for project level
2023-12-10 17:20:35,634 [INFO] CADModel:114 - Register for checkConnection events
2023-12-10 17:20:35,635 [FATAL] Updater:308 - Updater called before beeing initialized
2023-12-10 17:20:35,635 [ERROR] CADModel:125 - Updater not yet initialized, retry later 
2023-12-10 17:20:35,652 [INFO] ThirdPartyUpdaterWithRetryManager:70 - Updater plugin not ready yet. [2/15]
2023-12-10 17:20:35,866 [INFO] CADModel:165 - CPN selected for project level
2023-12-10 17:20:35,867 [INFO] CADModel:114 - Register for checkConnection events
2023-12-10 17:20:35,867 [FATAL] Updater:308 - Updater called before beeing initialized
2023-12-10 17:20:35,867 [ERROR] CADModel:125 - Updater not yet initialized, retry later 
2023-12-10 17:20:35,875 [FATAL] Updater:308 - Updater called before beeing initialized
2023-12-10 17:20:36,032 [FATAL] Updater:308 - Updater called before beeing initialized
2023-12-10 17:20:36,042 [INFO] DbMcusAds:53 - JSON generation date=Tue Mar 07 10:50:55 EET 2023 (1678179055335)
2023-12-10 17:20:36,043 [FATAL] Updater:308 - Updater called before beeing initialized
2023-12-10 17:20:36,146 [WARN] DetailPanel:346 - Failed to get advertising image, set to default
2023-12-10 17:20:36,241 [FATAL] Updater:308 - Updater called before beeing initialized
2023-12-10 17:20:36,243 [FATAL] Updater:308 - Updater called before beeing initialized
2023-12-10 17:20:36,243 [FATAL] Updater:308 - Updater called before beeing initialized
2023-12-10 17:20:36,243 [WARN] DetailPanel:346 - Failed to get advertising image, set to default
2023-12-10 17:20:36,244 [FATAL] Updater:308 - Updater called before beeing initialized
2023-12-10 17:20:36,312 [ERROR] Updater:1120 - MainUpdater not yet initialized. External WinMGr cannot be set.
2023-12-10 17:20:36,323 [INFO] Updater:1056 - Updater Version found : 6.9.1
2023-12-10 17:20:36,348 [INFO] ApplicationProperties:184 - Using Application install path: C:\ST\STM32CubeIDE_1.13.1\STM32CubeIDE\plugins\com.st.stm32cube.common.mx_6.9.1.202307191849
2023-12-10 17:20:36,549 [INFO] MainUpdater:2868 - connection check result : 10
2023-12-10 17:20:36,550 [INFO] MainUpdater:285 - Updater Check For Update Now.
2023-12-10 17:20:36,551 [INFO] MicroXplorer:498 - Change Database Version : DB.6.0.91
2023-12-10 17:20:36,574 [INFO] McuFinderGlobals:63 - Set McuFinder mode to 2 (CubeIDE integrated)
2023-12-10 17:20:36,854 [INFO] CheckServerUpdateThread:120 - End of CheckServer Thread
2023-12-10 17:20:38,846 [WARN] PackLoader:240 - Cannot read IP mode file for STMicroelectronics.X-CUBE-SMBUS.2.1.0
2023-12-10 17:20:38,895 [WARN] PackLoader:240 - Cannot read IP mode file for STMicroelectronics.X-CUBE-AZRTOS-F7.1.1.0
2023-12-10 17:20:38,916 [WARN] PackLoader:240 - Cannot read IP mode file for STMicroelectronics.FP-SNS-MOTENV1.4.3.2
2023-12-10 17:20:38,935 [WARN] PackLoader:240 - Cannot read IP mode file for STMicroelectronics.FP-SNS-FLIGHT1.5.0.2
2023-12-10 17:20:38,956 [WARN] PackLoader:240 - Cannot read IP mode file for STMicroelectronics.X-CUBE-DISPLAY.3.0.0
2023-12-10 17:20:38,979 [WARN] PackLoader:240 - Cannot read IP mode file for STMicroelectronics.X-CUBE-BLE1.7.0.0
2023-12-10 17:20:38,995 [WARN] PackLoader:240 - Cannot read IP mode file for emotas.I-CUBE-CANOPEN.1.3.0
2023-12-10 17:20:39,007 [WARN] PackLoader:240 - Cannot read IP mode file for STMicroelectronics.X-CUBE-TOUCHGFX.4.22.0
2023-12-10 17:20:39,017 [WARN] PackLoader:240 - Cannot read IP mode file for STMicroelectronics.X-CUBE-TOUCHGFX.4.22.1
2023-12-10 17:20:39,031 [WARN] PackLoader:240 - Cannot read IP mode file for STMicroelectronics.FP-SNS-SMARTAG2.1.2.0
2023-12-10 17:20:39,056 [INFO] LogOutputStream:77 - [STDOUT_REDIRECT] 1 : Invalid condition id : UX_CORESTACK_Condition cause : null
2023-12-10 17:20:39,056 [INFO] LogOutputStream:77 - [STDOUT_REDIRECT] 1 : Invalid condition id : UX_CORESTACK_Condition cause : null
2023-12-10 17:20:39,058 [INFO] LogOutputStream:77 - [STDOUT_REDIRECT] 1 : Invalid condition id : UX_CORESTACK_Condition cause : null
2023-12-10 17:20:39,059 [INFO] LogOutputStream:77 - [STDOUT_REDIRECT] 1 : Invalid condition id : UX_CORESTACK_Condition cause : null
2023-12-10 17:20:39,061 [INFO] LogOutputStream:77 - [STDOUT_REDIRECT] 1 : Invalid condition id : UX_CORESTACK_Condition cause : null
2023-12-10 17:20:39,066 [WARN] PackLoader:240 - Cannot read IP mode file for STMicroelectronics.X-CUBE-AZRTOS-WL.2.0.0
2023-12-10 17:20:39,087 [WARN] PackLoader:240 - Cannot read IP mode file for WES.I-CUBE-Cesium.1.3.0
2023-12-10 17:20:39,104 [WARN] PackLoader:240 - Cannot read IP mode file for STMicroelectronics.X-CUBE-BLE2.3.3.0
2023-12-10 17:20:39,123 [WARN] PackLoader:240 - Cannot read IP mode file for STMicroelectronics.X-CUBE-ALGOBUILD.1.3.0
2023-12-10 17:20:39,156 [WARN] PackLoader:240 - Cannot read IP mode file for STMicroelectronics.X-CUBE-AZRTOS-G0.1.1.0
2023-12-10 17:20:39,176 [WARN] PackLoader:240 - Cannot read IP mode file for STMicroelectronics.X-CUBE-NFC4.3.0.0
2023-12-10 17:20:39,199 [WARN] PackLoader:240 - Cannot read IP mode file for STMicroelectronics.X-CUBE-BLEMGR.3.0.0
2023-12-10 17:20:39,212 [WARN] PackLoader:240 - Cannot read IP mode file for STMicroelectronics.FP-ATR-SIGFOX1.3.2.0
2023-12-10 17:20:39,261 [WARN] PackLoader:240 - Cannot read IP mode file for SEGGER.I-CUBE-embOS.1.3.1
2023-12-10 17:20:39,343 [WARN] PackLoader:240 - Cannot read IP mode file for STMicroelectronics.X-CUBE-GNSS1.6.0.0
2023-12-10 17:20:39,399 [WARN] PackLoader:240 - Cannot read IP mode file for STMicroelectronics.X-CUBE-AZRTOS-F4.1.1.0
2023-12-10 17:20:39,421 [WARN] PackLoader:240 - Cannot read IP mode file for wolfSSL.I-CUBE-wolfSSL.5.6.3
2023-12-10 17:20:39,496 [WARN] PackLoader:240 - Cannot read IP mode file for STMicroelectronics.X-CUBE-AZRTOS-L5.2.0.0
2023-12-10 17:20:39,615 [WARN] PackLoader:240 - Cannot read IP mode file for STMicroelectronics.X-CUBE-MEMS1.9.6.0
2023-12-10 17:20:39,908 [WARN] PackLoader:240 - Cannot read IP mode file for STMicroelectronics.X-CUBE-EEPRMA1.4.2.0
2023-12-10 17:20:39,945 [WARN] PackLoader:240 - Cannot read IP mode file for ITTIA_DB.I-CUBE-ITTIADB.8.8.0
2023-12-10 17:20:39,962 [WARN] PackLoader:240 - Cannot read IP mode file for STMicroelectronics.X-CUBE-BLEMGR.2.0.0
2023-12-10 17:20:40,006 [WARN] ConditionMgr:438 - getConditionDescription Invalid condition id : UX DEVICE CLASS RTOS Condition cause : null
2023-12-10 17:20:40,006 [WARN] ConditionMgr:438 - getConditionDescription Invalid condition id : UX DEVICE CLASS RTOS Condition cause : null
2023-12-10 17:20:40,010 [WARN] PackLoader:240 - Cannot read IP mode file for STMicroelectronics.X-CUBE-AZRTOS-H7.3.1.0
2023-12-10 17:20:40,010 [WARN] ConditionMgr:1039 - genDependencies : Invalid condition id : UX DEVICE CLASS RTOS Condition cause : null
2023-12-10 17:20:40,011 [WARN] ConditionMgr:1039 - genDependencies : Invalid condition id : UX DEVICE CLASS RTOS Condition cause : null
2023-12-10 17:20:40,011 [WARN] ConditionMgr:1039 - genDependencies : Invalid condition id : UX DEVICE CLASS RTOS Condition cause : null
2023-12-10 17:20:40,012 [WARN] ConditionMgr:1039 - genDependencies : Invalid condition id : UX DEVICE CLASS RTOS Condition cause : null
2023-12-10 17:20:40,012 [WARN] ConditionMgr:1039 - genDependencies : Invalid condition id : UX DEVICE CLASS RTOS Condition cause : null
2023-12-10 17:20:40,029 [WARN] PackLoader:240 - Cannot read IP mode file for STMicroelectronics.X-CUBE-NFC7.1.0.1
2023-12-10 17:20:40,049 [WARN] PackLoader:240 - Cannot read IP mode file for STMicroelectronics.X-CUBE-NFC6.3.0.0
2023-12-10 17:20:40,068 [WARN] PackLoader:240 - Cannot read IP mode file for STMicroelectronics.X-CUBE-EEPRMA1.4.1.0
2023-12-10 17:20:40,084 [WARN] PackLoader:240 - Cannot read IP mode file for STMicroelectronics.X-CUBE-AI.8.1.0
2023-12-10 17:20:40,128 [WARN] ConditionMgr:438 - getConditionDescription Invalid condition id : LAN8742 Phy interface Condition cause : null
2023-12-10 17:20:40,129 [WARN] PackLoader:240 - Cannot read IP mode file for STMicroelectronics.X-CUBE-AZRTOS-L4.2.0.0
2023-12-10 17:20:40,130 [WARN] ConditionMgr:1039 - genDependencies : Invalid condition id : LAN8742 Phy interface Condition cause : null
2023-12-10 17:20:40,131 [WARN] ConditionMgr:1039 - genDependencies : Invalid condition id : LAN8742 Phy interface Condition cause : null
2023-12-10 17:20:40,131 [WARN] ConditionMgr:1039 - genDependencies : Invalid condition id : LAN8742 Phy interface Condition cause : null
2023-12-10 17:20:40,151 [WARN] PackLoader:240 - Cannot read IP mode file for STMicroelectronics.X-CUBE-SFXS2LP1.4.0.0
2023-12-10 17:20:40,164 [WARN] PackLoader:240 - Cannot read IP mode file for STMicroelectronics.X-CUBE-ISPU.1.1.0
2023-12-10 17:20:40,190 [WARN] ConditionMgr:438 - getConditionDescription Invalid condition id : UX DEVICE CLASS RTOS Condition cause : null
2023-12-10 17:20:40,191 [WARN] ConditionMgr:438 - getConditionDescription Invalid condition id : UX DEVICE CLASS RTOS Condition cause : null
2023-12-10 17:20:40,194 [WARN] PackLoader:240 - Cannot read IP mode file for STMicroelectronics.X-CUBE-AZRTOS-WB.2.0.0
2023-12-10 17:20:40,195 [WARN] ConditionMgr:1039 - genDependencies : Invalid condition id : UX DEVICE CLASS RTOS Condition cause : null
2023-12-10 17:20:40,195 [WARN] ConditionMgr:1039 - genDependencies : Invalid condition id : UX DEVICE CLASS RTOS Condition cause : null
2023-12-10 17:20:40,195 [WARN] ConditionMgr:1039 - genDependencies : Invalid condition id : UX DEVICE CLASS RTOS Condition cause : null
2023-12-10 17:20:40,196 [WARN] ConditionMgr:1039 - genDependencies : Invalid condition id : UX DEVICE CLASS RTOS Condition cause : null
2023-12-10 17:20:40,196 [WARN] ConditionMgr:1039 - genDependencies : Invalid condition id : UX DEVICE CLASS RTOS Condition cause : null
2023-12-10 17:20:40,229 [WARN] PackLoader:240 - Cannot read IP mode file for STMicroelectronics.X-CUBE-SUBG2.5.0.0
2023-12-10 17:20:40,263 [WARN] PackLoader:240 - Cannot read IP mode file for STMicroelectronics.X-CUBE-TOF1.3.3.1
2023-12-10 17:20:40,318 [WARN] PackLoader:240 - Cannot read IP mode file for STMicroelectronics.X-CUBE-AZRTOS-G4.2.0.0
2023-12-10 17:20:40,350 [WARN] PackLoader:240 - Cannot read IP mode file for Infineon.AIROC-Wi-Fi-Bluetooth-STM32.1.5.1
2023-12-10 17:20:40,370 [WARN] PackLoader:240 - Cannot read IP mode file for STMicroelectronics.FP-SNS-MOTENVWB1.1.3.0
2023-12-10 17:20:40,389 [WARN] PackLoader:240 - Cannot read IP mode file for STMicroelectronics.FP-SNS-MOTENVWB1.1.3.1
2023-12-10 17:20:40,407 [WARN] PackLoader:240 - Cannot read IP mode file for STMicroelectronics.X-CUBE-ISPU.2.0.0
2023-12-10 17:20:40,485 [WARN] PackLoader:240 - Cannot read IP mode file for STMicroelectronics.X-CUBE-MEMS1.10.0.0
2023-12-10 17:20:40,657 [WARN] PackLoader:240 - Cannot read IP mode file for STMicroelectronics.X-CUBE-FREERTOS.1.1.0
2023-12-10 17:20:40,672 [WARN] PackLoader:240 - Cannot read IP mode file for portGmbH.I-Cube-SoM-uGOAL.1.1.0
2023-12-10 17:20:40,687 [WARN] PackLoader:240 - Cannot read IP mode file for STMicroelectronics.X-CUBE-ALS.1.0.1
2023-12-10 17:20:40,699 [WARN] PackLoader:240 - Cannot read IP mode file for STMicroelectronics.FP-ATR-ASTRA1.2.0.0
2023-12-10 17:20:40,725 [WARN] PackLoader:240 - Cannot read IP mode file for STMicroelectronics.X-CUBE-TOF1.3.4.0
2023-12-10 17:20:40,779 [WARN] PackLoader:240 - Cannot read IP mode file for STMicroelectronics.X-CUBE-AZRTOS-H7.3.2.0
2023-12-10 17:20:40,783 [INFO] ThirdParty:978 - Integrity check success = true
2023-12-10 17:20:40,783 [INFO] IntegrityCheckThread:100 - exiting critical section [integrity check]
2023-12-10 17:20:40,783 [INFO] IntegrityCheckThread:103 - End integrity checks thread
2023-12-10 17:20:57,945 [ERROR] LogOutputStream:75 - [STDERR_REDIRECT] SLF4J: Failed to load class "org.slf4j.impl.StaticLoggerBinder".
2023-12-10 17:20:57,945 [ERROR] LogOutputStream:75 - [STDERR_REDIRECT] SLF4J: Defaulting to no-operation (NOP) logger implementation
2023-12-10 17:20:57,947 [ERROR] LogOutputStream:75 - [STDERR_REDIRECT] SLF4J: See http://www.slf4j.org/codes.html#StaticLoggerBinder for further details.
