2023-09-13 09:38:31,449 [INFO] Activator:176 - 


2023-09-13 09:38:31,452 [INFO] Activator:177 - !SESSION log4j initialized
2023-09-13 09:38:36,448 [INFO] LogOutputStream:77 - [STDOUT_REDIRECT] 
2023-09-13 09:38:43,605 [INFO] ApplicationProperties:184 - Using Application install path: C:\ST\STM32CubeIDE_1.13.1\STM32CubeIDE\plugins\com.st.stm32cube.common.mx_6.9.1.202307191849
2023-09-13 09:38:43,695 [INFO] DbMcusXml:78 - Set database path to: C:\ST\STM32CubeIDE_1.13.1\STM32CubeIDE\plugins\com.st.stm32cube.common.mx_6.9.1.202307191849\\db\/mcu/
2023-09-13 09:38:43,695 [INFO] ApiDb:274 - Set plugin database path to: C:\ST\STM32CubeIDE_1.13.1\STM32CubeIDE\plugins\com.st.stm32cube.common.mx_6.9.1.202307191849\\db\/plugins/boardmanager/
2023-09-13 09:38:43,696 [WARN] ApiDb:259 - Overriding images path with different value:  => C:\ST\STM32CubeIDE_1.13.1\STM32CubeIDE\plugins\com.st.stm32cube.common.mx_6.9.1.202307191849\\db\/plugins/mcufinder/images/
2023-09-13 09:38:46,272 [WARN] ApiFinderProperties:113 - C:\Users\green\.stmcufinder\plugins\mcufinder\mcu\mcuFinder.mfd doesn't exist
2023-09-13 09:38:46,274 [INFO] ApiDb:250 - Set database path to: C:\Users\green\.stmcufinder\plugins\mcufinder//mcu/
2023-09-13 09:38:46,275 [INFO] DbMcusAds:125 - Set database path to: C:\Users\green\.stmcufinder\plugins\mcufinder//mcu/
2023-09-13 09:38:46,279 [INFO] CrossReferenceDbSqlite:203 - Set database path to: C:\Users\green\.stmcufinder\plugins\mcufinder//mcu/cs/
2023-09-13 09:38:46,472 [INFO] RulesReader:64 - Compatibility file has been processed (293 Rules)
2023-09-13 09:38:46,596 [INFO] DbMcusXml:78 - Set database path to: C:\ST\STM32CubeIDE_1.13.1\STM32CubeIDE\plugins\com.st.stm32cube.common.mx_6.9.1.202307191849\\db\/mcu/
2023-09-13 09:38:46,596 [INFO] ApiDb:274 - Set plugin database path to: C:\ST\STM32CubeIDE_1.13.1\STM32CubeIDE\plugins\com.st.stm32cube.common.mx_6.9.1.202307191849\\db\/plugins/boardmanager/
2023-09-13 09:38:46,596 [INFO] ApiDb:261 - Set plugin images path to: C:\ST\STM32CubeIDE_1.13.1\STM32CubeIDE\plugins\com.st.stm32cube.common.mx_6.9.1.202307191849\\db\/plugins/mcufinder/images/
2023-09-13 09:38:46,597 [WARN] DbFile:41 - Overriding database path with different value: C:\Users\green\.stmcufinder\plugins\mcufinder/ => C:\Users\green\.stmcufinder\plugins\mcufinder
2023-09-13 09:38:46,597 [INFO] ApiDb:250 - Set database path to: C:\Users\green\.stmcufinder\plugins\mcufinder//mcu/
2023-09-13 09:38:46,597 [WARN] DbFile:41 - Overriding database path with different value: C:\Users\green\.stmcufinder\plugins\mcufinder/ => C:\Users\green\.stmcufinder\plugins\mcufinder
2023-09-13 09:38:46,597 [INFO] DbMcusAds:125 - Set database path to: C:\Users\green\.stmcufinder\plugins\mcufinder//mcu/
2023-09-13 09:38:46,597 [WARN] DbFile:41 - Overriding database path with different value: C:\Users\green\.stmcufinder\plugins\mcufinder/ => C:\Users\green\.stmcufinder\plugins\mcufinder
2023-09-13 09:38:46,597 [WARN] DbFile:41 - Overriding database path with different value: C:\Users\green\.stmcufinder\plugins\mcufinder/ => C:\Users\green\.stmcufinder\plugins\mcufinder
2023-09-13 09:38:46,597 [INFO] CrossReferenceDbSqlite:203 - Set database path to: C:\Users\green\.stmcufinder\plugins\mcufinder//mcu/cs/
2023-09-13 09:38:46,782 [INFO] MainPanel:262 - HeapMemory: 268435456
2023-09-13 09:38:47,014 [INFO] DbMcusXml:78 - Set database path to: C:\ST\STM32CubeIDE_1.13.1\STM32CubeIDE\plugins\com.st.stm32cube.common.mx_6.9.1.202307191849\\db\/mcu/
2023-09-13 09:38:47,014 [INFO] ApiDb:274 - Set plugin database path to: C:\ST\STM32CubeIDE_1.13.1\STM32CubeIDE\plugins\com.st.stm32cube.common.mx_6.9.1.202307191849\\db\/plugins/boardmanager/
2023-09-13 09:38:47,015 [INFO] ApiDb:261 - Set plugin images path to: C:\ST\STM32CubeIDE_1.13.1\STM32CubeIDE\plugins\com.st.stm32cube.common.mx_6.9.1.202307191849\\db\/plugins/mcufinder/images/
2023-09-13 09:38:47,017 [WARN] DbFile:41 - Overriding database path with different value: C:\Users\green\.stmcufinder\plugins\mcufinder/ => C:\Users\green\.stmcufinder\plugins\mcufinder
2023-09-13 09:38:47,017 [INFO] ApiDb:250 - Set database path to: C:\Users\green\.stmcufinder\plugins\mcufinder//mcu/
2023-09-13 09:38:47,018 [WARN] DbFile:41 - Overriding database path with different value: C:\Users\green\.stmcufinder\plugins\mcufinder/ => C:\Users\green\.stmcufinder\plugins\mcufinder
2023-09-13 09:38:47,018 [INFO] DbMcusAds:125 - Set database path to: C:\Users\green\.stmcufinder\plugins\mcufinder//mcu/
2023-09-13 09:38:47,019 [WARN] DbFile:41 - Overriding database path with different value: C:\Users\green\.stmcufinder\plugins\mcufinder/ => C:\Users\green\.stmcufinder\plugins\mcufinder
2023-09-13 09:38:47,019 [WARN] DbFile:41 - Overriding database path with different value: C:\Users\green\.stmcufinder\plugins\mcufinder/ => C:\Users\green\.stmcufinder\plugins\mcufinder
2023-09-13 09:38:47,020 [INFO] CrossReferenceDbSqlite:203 - Set database path to: C:\Users\green\.stmcufinder\plugins\mcufinder//mcu/cs/
2023-09-13 09:38:47,087 [INFO] ApplicationProperties:184 - Using Application install path: C:\ST\STM32CubeIDE_1.13.1\STM32CubeIDE\plugins\com.st.stm32cube.common.mx_6.9.1.202307191849
2023-09-13 09:38:47,092 [INFO] PluginManage:196 - Search for loadable plugins [exclusion list=, ]
2023-09-13 09:38:47,096 [INFO] PluginManage:310 - Check plugin analytics
2023-09-13 09:38:47,594 [INFO] AnalyticsPlugin:253 - Accepted Software Licenses: 
2023-09-13 09:38:47,594 [INFO] AnalyticsPlugin:255 - Accepted CMSIS Pack Licenses: 
2023-09-13 09:38:47,594 [INFO] AnalyticsPlugin:257 - Accepted Firmware Licenses: 
2023-09-13 09:38:47,599 [INFO] PluginManage:359 - Loaded plugin analytics (category:tool,tabindex:-1)
2023-09-13 09:38:47,599 [INFO] PluginManage:310 - Check plugin cadmodel
2023-09-13 09:38:47,618 [INFO] CADModel:105 - Init CAD model plugin
2023-09-13 09:38:47,619 [INFO] PluginManage:359 - Loaded plugin cadmodel (category:power,tabindex:5)
2023-09-13 09:38:47,619 [INFO] PluginManage:310 - Check plugin clock
2023-09-13 09:38:47,649 [INFO] PluginManage:359 - Loaded plugin clock (category:base,tabindex:2)
2023-09-13 09:38:47,649 [INFO] PluginManage:310 - Check plugin ddr
2023-09-13 09:38:47,653 [INFO] PluginManage:359 - Loaded plugin ddr (category:tool,tabindex:6)
2023-09-13 09:38:47,653 [INFO] PluginManage:310 - Check plugin filemanager
2023-09-13 09:38:47,851 [INFO] PluginManage:359 - Loaded plugin filemanager (category:base,tabindex:10)
2023-09-13 09:38:47,851 [INFO] PluginManage:310 - Check plugin ipmanager
2023-09-13 09:38:47,863 [INFO] PluginManage:359 - Loaded plugin ipmanager (category:base,tabindex:5)
2023-09-13 09:38:47,863 [INFO] PluginManage:310 - Check plugin lpbam
2023-09-13 09:38:47,887 [INFO] PluginManage:359 - Loaded plugin lpbam (category:base,tabindex:0)
2023-09-13 09:38:47,887 [INFO] PluginManage:310 - Check plugin memorymap
2023-09-13 09:38:47,937 [INFO] PluginManage:359 - Loaded plugin memorymap (category:base,tabindex:4)
2023-09-13 09:38:47,938 [INFO] PluginManage:310 - Check plugin pinoutandconfiguration
2023-09-13 09:38:47,980 [INFO] PluginManage:359 - Loaded plugin pinoutandconfiguration (category:base,tabindex:1)
2023-09-13 09:38:47,980 [INFO] PluginManage:310 - Check plugin pinoutconfig
2023-09-13 09:38:48,266 [WARN] SupportedApi:132 - Cannot load RTOS API schema: s4s-elt-must-match.1: The content of 'definitions' must match (annotation?, (simpleType | complexType)?, (unique | key | keyref)*)). A problem was found starting at: attribute.
2023-09-13 09:38:48,663 [INFO] PluginManage:359 - Loaded plugin pinoutconfig (category:base,tabindex:0)
2023-09-13 09:38:48,663 [INFO] PluginManage:310 - Check plugin power
2023-09-13 09:38:48,707 [INFO] PluginManage:359 - Loaded plugin power (category:power,tabindex:4)
2023-09-13 09:38:48,708 [INFO] PluginManage:310 - Check plugin projectmanager
2023-09-13 09:38:48,748 [INFO] PluginManage:359 - Loaded plugin projectmanager (category:projectmanager,tabindex:3)
2023-09-13 09:38:48,748 [INFO] PluginManage:310 - Check plugin thirdparty
2023-09-13 09:38:49,446 [INFO] PluginManage:359 - Loaded plugin thirdparty (category:base,tabindex:-1)
2023-09-13 09:38:49,447 [INFO] PluginManage:310 - Check plugin tools
2023-09-13 09:38:49,446 [WARN] IntegrityCheckThread:84 - waiting for thirdparty lock release [integrity check]
2023-09-13 09:38:49,447 [INFO] IntegrityCheckThread:86 - entering critical section [integrity check]
2023-09-13 09:38:49,449 [INFO] ThirdPartyUpdaterWithRetryManager:70 - Updater plugin not ready yet. [1/15]
2023-09-13 09:38:49,528 [INFO] PluginManage:359 - Loaded plugin tools (category:base,tabindex:7)
2023-09-13 09:38:49,528 [INFO] PluginManage:310 - Check plugin tutovideos
2023-09-13 09:38:50,016 [INFO] PluginManage:359 - Loaded plugin tutovideos (category:base,tabindex:-1)
2023-09-13 09:38:50,017 [INFO] PluginManage:310 - Check plugin updater
2023-09-13 09:38:50,043 [INFO] PluginManage:359 - Loaded plugin updater (category:base,tabindex:12)
2023-09-13 09:38:50,044 [INFO] PluginManage:310 - Check plugin userauth
2023-09-13 09:38:50,058 [INFO] UserAuth:113 - Init User Auth plugin
2023-09-13 09:38:50,059 [INFO] PluginManage:359 - Loaded plugin userauth (category:base,tabindex:14)
2023-09-13 09:38:50,060 [INFO] PluginManage:283 - PluginManage : Loaded plugins [17]
2023-09-13 09:38:50,613 [INFO] PinOutPanel:1499 - setPackage(No Configuration,No Configuration)
2023-09-13 09:38:50,870 [INFO] CADModel:165 - CPN selected for project level
2023-09-13 09:38:50,870 [INFO] CADModel:114 - Register for checkConnection events
2023-09-13 09:38:50,939 [INFO] IPUIPlugin:80 - create IPUIPlugin
2023-09-13 09:38:50,941 [INFO] PluginManager:220 - loadIPPluginJar : add adc
2023-09-13 09:38:51,048 [INFO] IPUIPlugin:80 - create IPUIPlugin
2023-09-13 09:38:51,048 [INFO] PluginManager:220 - loadIPPluginJar : add aes
2023-09-13 09:38:51,162 [INFO] IPUIPlugin:80 - create IPUIPlugin
2023-09-13 09:38:51,163 [INFO] PluginManager:220 - loadIPPluginJar : add can
2023-09-13 09:38:51,254 [INFO] IPUIPlugin:80 - create IPUIPlugin
2023-09-13 09:38:51,254 [INFO] PluginManager:220 - loadIPPluginJar : add comp
2023-09-13 09:38:51,347 [INFO] IPUIPlugin:80 - create IPUIPlugin
2023-09-13 09:38:51,347 [INFO] PluginManager:220 - loadIPPluginJar : add cryp
2023-09-13 09:38:51,399 [INFO] IPUIPlugin:80 - create IPUIPlugin
2023-09-13 09:38:51,399 [INFO] PluginManager:220 - loadIPPluginJar : add dfsdm
2023-09-13 09:38:51,425 [INFO] IPUIPlugin:80 - create IPUIPlugin
2023-09-13 09:38:51,426 [INFO] PluginManager:220 - loadIPPluginJar : add dma
2023-09-13 09:38:51,493 [INFO] IPUIPlugin:80 - create IPUIPlugin
2023-09-13 09:38:51,493 [INFO] PluginManager:220 - loadIPPluginJar : add dma3
2023-09-13 09:38:51,523 [INFO] IPUIPlugin:80 - create IPUIPlugin
2023-09-13 09:38:51,523 [INFO] PluginManager:220 - loadIPPluginJar : add fatfs
2023-09-13 09:38:51,592 [INFO] IPUIPlugin:80 - create IPUIPlugin
2023-09-13 09:38:51,593 [INFO] PluginManager:220 - loadIPPluginJar : add fmc
2023-09-13 09:38:51,611 [INFO] IPUIPlugin:80 - create IPUIPlugin
2023-09-13 09:38:51,611 [INFO] PluginManager:220 - loadIPPluginJar : add freertos
2023-09-13 09:38:51,637 [INFO] IPUIPlugin:80 - create IPUIPlugin
2023-09-13 09:38:51,637 [INFO] PluginManager:220 - loadIPPluginJar : add genericplugin
2023-09-13 09:38:51,777 [INFO] IPUIPlugin:80 - create IPUIPlugin
2023-09-13 09:38:51,778 [INFO] PluginManager:220 - loadIPPluginJar : add gfxmmu
2023-09-13 09:38:52,006 [INFO] IPUIPlugin:80 - create IPUIPlugin
2023-09-13 09:38:52,007 [INFO] PluginManager:220 - loadIPPluginJar : add gic
2023-09-13 09:38:52,024 [INFO] IPUIPlugin:80 - create IPUIPlugin
2023-09-13 09:38:52,025 [INFO] PluginManager:220 - loadIPPluginJar : add gpio
2023-09-13 09:38:52,178 [INFO] IPUIPlugin:80 - create IPUIPlugin
2023-09-13 09:38:52,178 [INFO] PluginManager:220 - loadIPPluginJar : add gtzc
2023-09-13 09:38:52,228 [INFO] IPUIPlugin:80 - create IPUIPlugin
2023-09-13 09:38:52,228 [INFO] PluginManager:220 - loadIPPluginJar : add hash
2023-09-13 09:38:52,305 [INFO] IPUIPlugin:80 - create IPUIPlugin
2023-09-13 09:38:52,305 [INFO] PluginManager:220 - loadIPPluginJar : add i2c
2023-09-13 09:38:52,360 [INFO] IPUIPlugin:80 - create IPUIPlugin
2023-09-13 09:38:52,360 [INFO] PluginManager:220 - loadIPPluginJar : add i2s
2023-09-13 09:38:52,438 [INFO] IPUIPlugin:80 - create IPUIPlugin
2023-09-13 09:38:52,439 [INFO] PluginManager:220 - loadIPPluginJar : add i3c
2023-09-13 09:38:52,451 [INFO] ThirdPartyUpdaterWithRetryManager:70 - Updater plugin not ready yet. [2/15]
2023-09-13 09:38:52,725 [INFO] IPUIPlugin:80 - create IPUIPlugin
2023-09-13 09:38:52,725 [INFO] PluginManager:220 - loadIPPluginJar : add ipddr
2023-09-13 09:38:52,923 [INFO] IPUIPlugin:80 - create IPUIPlugin
2023-09-13 09:38:52,924 [INFO] PluginManager:220 - loadIPPluginJar : add linkedlist
2023-09-13 09:38:52,996 [INFO] IPUIPlugin:80 - create IPUIPlugin
2023-09-13 09:38:52,996 [INFO] PluginManager:220 - loadIPPluginJar : add lorawan
2023-09-13 09:38:53,069 [INFO] IPUIPlugin:80 - create IPUIPlugin
2023-09-13 09:38:53,070 [INFO] PluginManager:220 - loadIPPluginJar : add ltdc
2023-09-13 09:38:53,098 [INFO] IPUIPlugin:80 - create IPUIPlugin
2023-09-13 09:38:53,099 [INFO] PluginManager:220 - loadIPPluginJar : add mdma
2023-09-13 09:38:53,121 [INFO] IPUIPlugin:80 - create IPUIPlugin
2023-09-13 09:38:53,122 [INFO] PluginManager:220 - loadIPPluginJar : add nvic
2023-09-13 09:38:53,192 [INFO] IPUIPlugin:80 - create IPUIPlugin
2023-09-13 09:38:53,192 [INFO] PluginManager:220 - loadIPPluginJar : add opamp
2023-09-13 09:38:53,315 [INFO] IPUIPlugin:80 - create IPUIPlugin
2023-09-13 09:38:53,315 [INFO] PluginManager:220 - loadIPPluginJar : add openamp
2023-09-13 09:38:53,403 [INFO] IPUIPlugin:80 - create IPUIPlugin
2023-09-13 09:38:53,404 [INFO] PluginManager:220 - loadIPPluginJar : add pdm2pcm
2023-09-13 09:38:53,434 [INFO] IPUIPlugin:80 - create IPUIPlugin
2023-09-13 09:38:53,440 [INFO] PluginManager:220 - loadIPPluginJar : add plateformsettings
2023-09-13 09:38:53,475 [INFO] IPUIPlugin:80 - create IPUIPlugin
2023-09-13 09:38:53,475 [INFO] PluginManager:220 - loadIPPluginJar : add quadspi
2023-09-13 09:38:53,509 [INFO] IPUIPlugin:80 - create IPUIPlugin
2023-09-13 09:38:53,509 [INFO] PluginManager:220 - loadIPPluginJar : add resmgrutility
2023-09-13 09:38:53,622 [INFO] IPUIPlugin:80 - create IPUIPlugin
2023-09-13 09:38:53,623 [INFO] PluginManager:220 - loadIPPluginJar : add sai
2023-09-13 09:38:53,697 [INFO] IPUIPlugin:80 - create IPUIPlugin
2023-09-13 09:38:53,698 [INFO] PluginManager:220 - loadIPPluginJar : add spi
2023-09-13 09:38:53,814 [INFO] IPUIPlugin:80 - create IPUIPlugin
2023-09-13 09:38:53,814 [INFO] PluginManager:220 - loadIPPluginJar : add stm32_wpan
2023-09-13 09:38:53,858 [INFO] IPUIPlugin:80 - create IPUIPlugin
2023-09-13 09:38:53,858 [INFO] PluginManager:220 - loadIPPluginJar : add tim
2023-09-13 09:38:53,984 [INFO] IPUIPlugin:80 - create IPUIPlugin
2023-09-13 09:38:53,984 [INFO] PluginManager:220 - loadIPPluginJar : add touchsensing
2023-09-13 09:38:54,036 [INFO] IPUIPlugin:80 - create IPUIPlugin
2023-09-13 09:38:54,036 [INFO] PluginManager:220 - loadIPPluginJar : add tracer_emb
2023-09-13 09:38:54,088 [INFO] IPUIPlugin:80 - create IPUIPlugin
2023-09-13 09:38:54,088 [INFO] PluginManager:220 - loadIPPluginJar : add ts
2023-09-13 09:38:54,138 [INFO] IPUIPlugin:80 - create IPUIPlugin
2023-09-13 09:38:54,139 [INFO] PluginManager:220 - loadIPPluginJar : add tsc
2023-09-13 09:38:54,180 [INFO] IPUIPlugin:80 - create IPUIPlugin
2023-09-13 09:38:54,180 [INFO] PluginManager:220 - loadIPPluginJar : add ucpd
2023-09-13 09:38:54,280 [INFO] IPUIPlugin:80 - create IPUIPlugin
2023-09-13 09:38:54,280 [INFO] PluginManager:220 - loadIPPluginJar : add usart
2023-09-13 09:38:54,387 [INFO] IPUIPlugin:80 - create IPUIPlugin
2023-09-13 09:38:54,388 [INFO] PluginManager:220 - loadIPPluginJar : add usbx
2023-09-13 09:38:54,651 [INFO] CADModel:165 - CPN selected for project level
2023-09-13 09:38:54,651 [INFO] CADModel:114 - Register for checkConnection events
2023-09-13 09:38:54,652 [FATAL] Updater:308 - Updater called before beeing initialized
2023-09-13 09:38:54,652 [ERROR] CADModel:125 - Updater not yet initialized, retry later 
2023-09-13 09:38:55,147 [INFO] CADModel:165 - CPN selected for project level
2023-09-13 09:38:55,148 [INFO] CADModel:114 - Register for checkConnection events
2023-09-13 09:38:55,148 [FATAL] Updater:308 - Updater called before beeing initialized
2023-09-13 09:38:55,148 [ERROR] CADModel:125 - Updater not yet initialized, retry later 
2023-09-13 09:38:55,157 [FATAL] Updater:308 - Updater called before beeing initialized
2023-09-13 09:38:55,461 [INFO] ThirdPartyUpdaterWithRetryManager:70 - Updater plugin not ready yet. [3/15]
2023-09-13 09:38:55,493 [FATAL] Updater:308 - Updater called before beeing initialized
2023-09-13 09:38:55,503 [INFO] DbMcusAds:53 - JSON generation date=Thu Sep 30 09:55:09 EEST 2021 (1632984909247)
2023-09-13 09:38:55,503 [FATAL] Updater:308 - Updater called before beeing initialized
2023-09-13 09:38:55,698 [WARN] DetailPanel:346 - Failed to get advertising image, set to default
2023-09-13 09:38:55,981 [FATAL] Updater:308 - Updater called before beeing initialized
2023-09-13 09:38:55,985 [FATAL] Updater:308 - Updater called before beeing initialized
2023-09-13 09:38:55,985 [FATAL] Updater:308 - Updater called before beeing initialized
2023-09-13 09:38:55,985 [WARN] DetailPanel:346 - Failed to get advertising image, set to default
2023-09-13 09:38:55,987 [FATAL] Updater:308 - Updater called before beeing initialized
2023-09-13 09:38:56,138 [ERROR] Updater:1120 - MainUpdater not yet initialized. External WinMGr cannot be set.
2023-09-13 09:38:56,159 [INFO] Updater:1056 - Updater Version found : 6.9.1
2023-09-13 09:38:56,230 [INFO] ApplicationProperties:184 - Using Application install path: C:\ST\STM32CubeIDE_1.13.1\STM32CubeIDE\plugins\com.st.stm32cube.common.mx_6.9.1.202307191849
2023-09-13 09:38:56,315 [INFO] MainUpdater:521 - Copy updater definitions from MX database
2023-09-13 09:38:56,395 [INFO] MainUpdater:554 - Copy flag file definitions from MX database
2023-09-13 09:38:56,397 [INFO] MainUpdater:570 - Copy thirdparty index definitions from MX database
2023-09-13 09:38:56,400 [INFO] MainUpdater:589 - Copy default thirdparty db definitions from MX database
2023-09-13 09:38:56,890 [INFO] MainUpdater:2868 - connection check result : 10
2023-09-13 09:38:56,891 [INFO] MainUpdater:3562 - Updater definition file requires update
2023-09-13 09:38:56,895 [INFO] MainUpdater:285 - Updater Check For Update Now.
2023-09-13 09:38:56,896 [INFO] MicroXplorer:498 - Change Database Version : DB.6.0.91
2023-09-13 09:38:56,977 [INFO] McuFinderGlobals:63 - Set McuFinder mode to 2 (CubeIDE integrated)
2023-09-13 09:38:56,978 [INFO] UserAuth:179 - activating auth plugin
2023-09-13 09:38:56,983 [INFO] UserAuth:393 - Internet connection configuration mode: 1
2023-09-13 09:38:57,001 [INFO] JxBrowserEngine:151 - Initiate JxBrowser Engine with user profile folder
2023-09-13 09:38:57,034 [INFO] ServerAccessManage:473 - Download File updaters.zip
2023-09-13 09:38:57,209 [INFO] FileExtend:240 - Unzip File : updaters.zip
2023-09-13 09:38:57,209 [INFO] FileExtend:255 - Standard Zip Deflate
2023-09-13 09:38:58,042 [INFO] ServerAccessManage:473 - Download File PacksControlFlags.xml
2023-09-13 09:38:58,190 [INFO] ServerAccessManage:473 - Download File cubemx.pidx
2023-09-13 09:38:58,430 [INFO] ServerAccessManage:473 - Download File STMicroelectronics.FP-ATR-ASTRA1.pdsc
2023-09-13 09:38:58,462 [WARN] MainUpdater:1189 - Updater busy. Cannot search thirdparties
2023-09-13 09:38:58,462 [INFO] ThirdPartyUpdaterWithRetryManager:96 - Updater plugin is busy. [1/15]
2023-09-13 09:38:58,691 [INFO] ServerAccessManage:473 - Download File STMicroelectronics.FP-ATR-SIGFOX1.pdsc
2023-09-13 09:38:58,838 [INFO] ServerAccessManage:473 - Download File STMicroelectronics.FP-SNS-FLIGHT1.pdsc
2023-09-13 09:38:59,152 [INFO] ServerAccessManage:473 - Download File STMicroelectronics.FP-SNS-MOTENV1.pdsc
2023-09-13 09:38:59,441 [INFO] ServerAccessManage:473 - Download File STMicroelectronics.FP-SNS-SMARTAG2.pdsc
2023-09-13 09:38:59,603 [INFO] ServerAccessManage:473 - Download File STMicroelectronics.X-CUBE-AI.pdsc
2023-09-13 09:39:00,708 [INFO] ServerAccessManage:473 - Download File STMicroelectronics.X-CUBE-ALS.pdsc
2023-09-13 09:39:00,924 [INFO] ServerAccessManage:473 - Download File STMicroelectronics.X-CUBE-BLE1.pdsc
2023-09-13 09:39:01,463 [WARN] MainUpdater:1189 - Updater busy. Cannot search thirdparties
2023-09-13 09:39:01,463 [INFO] ThirdPartyUpdaterWithRetryManager:96 - Updater plugin is busy. [2/15]
2023-09-13 09:39:01,873 [ERROR] ServerAccessManage:1089 - Problem, file not found on Server
2023-09-13 09:39:01,942 [INFO] ServerAccessManage:473 - Download File STMicroelectronics.X-CUBE-BLE2.pdsc
2023-09-13 09:39:02,507 [INFO] ServerAccessManage:473 - Download File STMicroelectronics.X-CUBE-BLEMGR.pdsc
2023-09-13 09:39:02,945 [INFO] ServerAccessManage:473 - Download File STMicroelectronics.X-CUBE-DISPLAY.pdsc
2023-09-13 09:39:03,389 [INFO] ServerAccessManage:473 - Download File STMicroelectronics.X-CUBE-EEPRMA1.pdsc
2023-09-13 09:39:03,604 [ERROR] ServerAccessManage:1089 - Problem, file not found on Server
2023-09-13 09:39:03,845 [INFO] ServerAccessManage:473 - Download File STMicroelectronics.X-CUBE-FREERTOS.pdsc
2023-09-13 09:39:04,147 [INFO] ServerAccessManage:473 - Download File STMicroelectronics.X-CUBE-GNSS1.pdsc
2023-09-13 09:39:04,465 [WARN] MainUpdater:1189 - Updater busy. Cannot search thirdparties
2023-09-13 09:39:04,465 [INFO] ThirdPartyUpdaterWithRetryManager:96 - Updater plugin is busy. [3/15]
2023-09-13 09:39:04,781 [ERROR] ServerAccessManage:1089 - Problem, file not found on Server
2023-09-13 09:39:04,906 [ERROR] ServerAccessManage:1089 - Problem, file not found on Server
2023-09-13 09:39:05,025 [ERROR] ServerAccessManage:1089 - Problem, file not found on Server
2023-09-13 09:39:05,148 [ERROR] ServerAccessManage:1089 - Problem, file not found on Server
2023-09-13 09:39:05,277 [ERROR] ServerAccessManage:1089 - Problem, file not found on Server
2023-09-13 09:39:05,387 [ERROR] ServerAccessManage:1089 - Problem, file not found on Server
2023-09-13 09:39:05,453 [INFO] ServerAccessManage:473 - Download File STMicroelectronics.X-CUBE-ISPU.pdsc
2023-09-13 09:39:05,724 [INFO] ServerAccessManage:473 - Download File STMicroelectronics.X-CUBE-MEMS1.pdsc
2023-09-13 09:39:06,960 [INFO] WebApp:157 - Instantiating new browser for Auth
2023-09-13 09:39:07,320 [INFO] ServerAccessManage:473 - Download File STMicroelectronics.X-CUBE-NFC4.pdsc
2023-09-13 09:39:07,468 [WARN] MainUpdater:1189 - Updater busy. Cannot search thirdparties
2023-09-13 09:39:07,468 [INFO] ThirdPartyUpdaterWithRetryManager:96 - Updater plugin is busy. [4/15]
2023-09-13 09:39:08,098 [INFO] WebApp:753 - Register for checkConnection events
2023-09-13 09:39:08,098 [INFO] WebApp:390 - Apply proxy settings
2023-09-13 09:39:08,098 [INFO] WebApp:475 - Chromium requires no authentication
2023-09-13 09:39:08,128 [INFO] WebApp:418 - Direct internet connection detected
2023-09-13 09:39:08,176 [INFO] ServerAccessManage:473 - Download File STMicroelectronics.X-CUBE-NFC6.pdsc
2023-09-13 09:39:08,377 [INFO] ServerAccessManage:473 - Download File STMicroelectronics.X-CUBE-NFC7.pdsc
2023-09-13 09:39:08,493 [INFO] WebApp:188 - Starting web application
2023-09-13 09:39:08,493 [INFO] WebApp:520 - Web application path used C:\ST\STM32CubeIDE_1.13.1\STM32CubeIDE\plugins\com.st.stm32cube.common.mx_6.9.1.202307191849\db\plugins\mcufinder\reactClient1\index.html
2023-09-13 09:39:08,590 [INFO] ServerAccessManage:473 - Download File STMicroelectronics.X-CUBE-SFXS2LP1.pdsc
2023-09-13 09:39:08,968 [INFO] ServerAccessManage:473 - Download File STMicroelectronics.X-CUBE-SUBG2.pdsc
2023-09-13 09:39:09,634 [INFO] ServerAccessManage:473 - Download File STMicroelectronics.X-CUBE-SMBUS.pdsc
2023-09-13 09:39:09,839 [ERROR] ServerAccessManage:1089 - Problem, file not found on Server
2023-09-13 09:39:09,904 [INFO] ServerAccessManage:473 - Download File STMicroelectronics.X-CUBE-TOF1.pdsc
2023-09-13 09:39:10,463 [ERROR] ServerAccessManage:1089 - Problem, file not found on Server
2023-09-13 09:39:10,469 [WARN] MainUpdater:1189 - Updater busy. Cannot search thirdparties
2023-09-13 09:39:10,469 [INFO] ThirdPartyUpdaterWithRetryManager:96 - Updater plugin is busy. [5/15]
2023-09-13 09:39:10,581 [INFO] ServerAccessManage:473 - Download File STMicroelectronics.X-CUBE-TOUCHGFX.pdsc
2023-09-13 09:39:11,734 [INFO] ServerAccessManage:473 - Download File STMicroelectronics.X-CUBE-ALGOBUILD.pdsc
2023-09-13 09:39:12,185 [INFO] ServerAccessManage:473 - Download File STMicroelectronics.X-CUBE-AZRTOS-H7.pdsc
2023-09-13 09:39:12,775 [INFO] ServerAccessManage:473 - Download File STMicroelectronics.X-CUBE-AZRTOS-F4.pdsc
2023-09-13 09:39:13,126 [INFO] ServerAccessManage:473 - Download File STMicroelectronics.X-CUBE-AZRTOS-F7.pdsc
2023-09-13 09:39:13,471 [WARN] MainUpdater:1189 - Updater busy. Cannot search thirdparties
2023-09-13 09:39:13,471 [INFO] ThirdPartyUpdaterWithRetryManager:96 - Updater plugin is busy. [6/15]
2023-09-13 09:39:13,493 [INFO] ServerAccessManage:473 - Download File STMicroelectronics.X-CUBE-AZRTOS-L4.pdsc
2023-09-13 09:39:13,829 [INFO] ServerAccessManage:473 - Download File STMicroelectronics.X-CUBE-AZRTOS-L5.pdsc
2023-09-13 09:39:14,290 [INFO] ServerAccessManage:473 - Download File STMicroelectronics.X-CUBE-AZRTOS-G0.pdsc
2023-09-13 09:39:14,631 [INFO] ServerAccessManage:473 - Download File STMicroelectronics.X-CUBE-AZRTOS-G4.pdsc
2023-09-13 09:39:14,981 [INFO] ServerAccessManage:473 - Download File STMicroelectronics.X-CUBE-AZRTOS-WB.pdsc
2023-09-13 09:39:15,332 [INFO] ServerAccessManage:473 - Download File STMicroelectronics.X-CUBE-AZRTOS-WL.pdsc
2023-09-13 09:39:16,472 [WARN] MainUpdater:1189 - Updater busy. Cannot search thirdparties
2023-09-13 09:39:16,473 [INFO] ThirdPartyUpdaterWithRetryManager:96 - Updater plugin is busy. [7/15]
2023-09-13 09:39:16,579 [INFO] ServerAccessManage:473 - Download File wolfSSL.I-CUBE-wolfSSL.pdsc
2023-09-13 09:39:19,474 [WARN] MainUpdater:1189 - Updater busy. Cannot search thirdparties
2023-09-13 09:39:19,474 [INFO] ThirdPartyUpdaterWithRetryManager:96 - Updater plugin is busy. [8/15]
2023-09-13 09:39:19,854 [ERROR] ServerAccessManage:1089 - Problem, file not found on Server
2023-09-13 09:39:20,280 [ERROR] ServerAccessManage:1089 - Problem, file not found on Server
2023-09-13 09:39:20,777 [ERROR] ServerAccessManage:1089 - Problem, file not found on Server
2023-09-13 09:39:21,617 [ERROR] ServerAccessManage:1096 - Problem, Http access forbiden
2023-09-13 09:39:21,623 [ERROR] ServerAccessManage:651 - Problem, Http access forbiden : RoweBots.I-CUBE-UNISONRTOS.pdsc.
2023-09-13 09:39:21,987 [INFO] ServerAccessManage:473 - Download File SEGGER.I-CUBE-embOS.pdsc
2023-09-13 09:39:22,475 [WARN] MainUpdater:1189 - Updater busy. Cannot search thirdparties
2023-09-13 09:39:22,475 [INFO] ThirdPartyUpdaterWithRetryManager:96 - Updater plugin is busy. [9/15]
2023-09-13 09:39:22,862 [INFO] ServerAccessManage:473 - Download File portGmbH.I-Cube-SoM-uGOAL.pdsc
2023-09-13 09:39:23,433 [ERROR] ServerAccessManage:1089 - Problem, file not found on Server
2023-09-13 09:39:23,484 [ERROR] ServerAccessManage:1089 - Problem, file not found on Server
2023-09-13 09:39:23,534 [ERROR] ServerAccessManage:1089 - Problem, file not found on Server
2023-09-13 09:39:23,983 [INFO] ServerAccessManage:473 - Download File emotas.I-CUBE-CANOPEN.pdsc
2023-09-13 09:39:25,275 [INFO] ServerAccessManage:473 - Download File WES.I-CUBE-Cesium.pdsc
2023-09-13 09:39:25,477 [WARN] MainUpdater:1189 - Updater busy. Cannot search thirdparties
2023-09-13 09:39:25,477 [INFO] ThirdPartyUpdaterWithRetryManager:96 - Updater plugin is busy. [10/15]
2023-09-13 09:39:27,947 [ERROR] ServerAccessManage:1089 - Problem, file not found on Server
2023-09-13 09:39:28,478 [WARN] MainUpdater:1189 - Updater busy. Cannot search thirdparties
2023-09-13 09:39:28,478 [INFO] ThirdPartyUpdaterWithRetryManager:96 - Updater plugin is busy. [11/15]
2023-09-13 09:39:28,764 [ERROR] ServerAccessManage:1089 - Problem, file not found on Server
2023-09-13 09:39:29,012 [WARN] PackLoader:240 - Cannot read IP mode file for STMicroelectronics.FP-ATR-ASTRA1.2.0.0
2023-09-13 09:39:29,025 [WARN] PackLoader:240 - Cannot read IP mode file for STMicroelectronics.FP-ATR-SIGFOX1.3.2.0
2023-09-13 09:39:29,065 [WARN] PackLoader:240 - Cannot read IP mode file for STMicroelectronics.FP-SNS-FLIGHT1.5.0.2
2023-09-13 09:39:29,078 [WARN] PackLoader:240 - Cannot read IP mode file for STMicroelectronics.FP-SNS-MOTENV1.4.3.2
2023-09-13 09:39:29,092 [WARN] PackLoader:240 - Cannot read IP mode file for STMicroelectronics.FP-SNS-SMARTAG2.1.2.0
2023-09-13 09:39:29,101 [WARN] PackLoader:240 - Cannot read IP mode file for STMicroelectronics.X-CUBE-AI.8.1.0
2023-09-13 09:39:29,125 [WARN] PackLoader:240 - Cannot read IP mode file for STMicroelectronics.X-CUBE-ALS.1.0.1
2023-09-13 09:39:29,143 [WARN] PackLoader:240 - Cannot read IP mode file for STMicroelectronics.X-CUBE-BLE1.7.0.0
2023-09-13 09:39:29,146 [WARN] CheckServerUpdateThread:151 - Open CheckUpdateFile Fail
2023-09-13 09:39:29,164 [WARN] PackLoader:240 - Cannot read IP mode file for STMicroelectronics.X-CUBE-BLE2.3.3.0
2023-09-13 09:39:29,218 [WARN] PackLoader:240 - Cannot read IP mode file for STMicroelectronics.X-CUBE-BLEMGR.2.0.0
2023-09-13 09:39:29,250 [WARN] PackLoader:240 - Cannot read IP mode file for STMicroelectronics.X-CUBE-DISPLAY.3.0.0
2023-09-13 09:39:29,272 [WARN] PackLoader:240 - Cannot read IP mode file for STMicroelectronics.X-CUBE-EEPRMA1.4.1.0
2023-09-13 09:39:29,286 [WARN] PackLoader:240 - Cannot read IP mode file for STMicroelectronics.X-CUBE-FREERTOS.1.1.0
2023-09-13 09:39:29,292 [INFO] CheckServerUpdateThread:120 - End of CheckServer Thread
2023-09-13 09:39:29,296 [WARN] PackLoader:240 - Cannot read IP mode file for STMicroelectronics.X-CUBE-GNSS1.6.0.0
2023-09-13 09:39:29,304 [WARN] PackLoader:240 - Cannot read IP mode file for STMicroelectronics.X-CUBE-ISPU.1.1.0
2023-09-13 09:39:29,479 [WARN] PackLoader:240 - Cannot read IP mode file for STMicroelectronics.X-CUBE-MEMS1.9.6.0
2023-09-13 09:39:30,132 [WARN] PackLoader:240 - Cannot read IP mode file for STMicroelectronics.X-CUBE-NFC4.3.0.0
2023-09-13 09:39:30,147 [WARN] PackLoader:240 - Cannot read IP mode file for STMicroelectronics.X-CUBE-NFC6.3.0.0
2023-09-13 09:39:30,158 [WARN] PackLoader:240 - Cannot read IP mode file for STMicroelectronics.X-CUBE-NFC7.1.0.1
2023-09-13 09:39:30,176 [WARN] PackLoader:240 - Cannot read IP mode file for STMicroelectronics.X-CUBE-SFXS2LP1.4.0.0
2023-09-13 09:39:30,198 [WARN] PackLoader:240 - Cannot read IP mode file for STMicroelectronics.X-CUBE-SUBG2.5.0.0
2023-09-13 09:39:30,216 [WARN] PackLoader:240 - Cannot read IP mode file for STMicroelectronics.X-CUBE-SMBUS.2.1.0
2023-09-13 09:39:30,236 [WARN] PackLoader:240 - Cannot read IP mode file for STMicroelectronics.X-CUBE-TOF1.3.3.1
2023-09-13 09:39:30,319 [WARN] PackLoader:240 - Cannot read IP mode file for STMicroelectronics.X-CUBE-TOUCHGFX.4.22.0
2023-09-13 09:39:30,329 [WARN] PackLoader:240 - Cannot read IP mode file for STMicroelectronics.X-CUBE-ALGOBUILD.1.3.0
2023-09-13 09:39:30,354 [WARN] ConditionMgr:438 - getConditionDescription Invalid condition id : UX DEVICE CLASS RTOS Condition cause : null
2023-09-13 09:39:30,355 [WARN] ConditionMgr:438 - getConditionDescription Invalid condition id : UX DEVICE CLASS RTOS Condition cause : null
2023-09-13 09:39:30,360 [WARN] PackLoader:240 - Cannot read IP mode file for STMicroelectronics.X-CUBE-AZRTOS-H7.3.1.0
2023-09-13 09:39:30,362 [WARN] ConditionMgr:1039 - genDependencies : Invalid condition id : UX DEVICE CLASS RTOS Condition cause : null
2023-09-13 09:39:30,363 [WARN] ConditionMgr:1039 - genDependencies : Invalid condition id : UX DEVICE CLASS RTOS Condition cause : null
2023-09-13 09:39:30,364 [WARN] ConditionMgr:1039 - genDependencies : Invalid condition id : UX DEVICE CLASS RTOS Condition cause : null
2023-09-13 09:39:30,365 [WARN] ConditionMgr:1039 - genDependencies : Invalid condition id : UX DEVICE CLASS RTOS Condition cause : null
2023-09-13 09:39:30,366 [WARN] ConditionMgr:1039 - genDependencies : Invalid condition id : UX DEVICE CLASS RTOS Condition cause : null
2023-09-13 09:39:30,418 [WARN] PackLoader:240 - Cannot read IP mode file for STMicroelectronics.X-CUBE-AZRTOS-F4.1.1.0
2023-09-13 09:39:30,464 [WARN] PackLoader:240 - Cannot read IP mode file for STMicroelectronics.X-CUBE-AZRTOS-F7.1.1.0
2023-09-13 09:39:30,505 [WARN] ConditionMgr:438 - getConditionDescription Invalid condition id : LAN8742 Phy interface Condition cause : null
2023-09-13 09:39:30,506 [WARN] PackLoader:240 - Cannot read IP mode file for STMicroelectronics.X-CUBE-AZRTOS-L4.2.0.0
2023-09-13 09:39:30,509 [WARN] ConditionMgr:1039 - genDependencies : Invalid condition id : LAN8742 Phy interface Condition cause : null
2023-09-13 09:39:30,509 [WARN] ConditionMgr:1039 - genDependencies : Invalid condition id : LAN8742 Phy interface Condition cause : null
2023-09-13 09:39:30,510 [WARN] ConditionMgr:1039 - genDependencies : Invalid condition id : LAN8742 Phy interface Condition cause : null
2023-09-13 09:39:30,582 [WARN] PackLoader:240 - Cannot read IP mode file for STMicroelectronics.X-CUBE-AZRTOS-L5.2.0.0
2023-09-13 09:39:30,619 [WARN] PackLoader:240 - Cannot read IP mode file for STMicroelectronics.X-CUBE-AZRTOS-G0.1.1.0
2023-09-13 09:39:30,647 [WARN] PackLoader:240 - Cannot read IP mode file for STMicroelectronics.X-CUBE-AZRTOS-G4.2.0.0
2023-09-13 09:39:30,671 [WARN] ConditionMgr:438 - getConditionDescription Invalid condition id : UX DEVICE CLASS RTOS Condition cause : null
2023-09-13 09:39:30,671 [WARN] ConditionMgr:438 - getConditionDescription Invalid condition id : UX DEVICE CLASS RTOS Condition cause : null
2023-09-13 09:39:30,675 [WARN] PackLoader:240 - Cannot read IP mode file for STMicroelectronics.X-CUBE-AZRTOS-WB.2.0.0
2023-09-13 09:39:30,677 [WARN] ConditionMgr:1039 - genDependencies : Invalid condition id : UX DEVICE CLASS RTOS Condition cause : null
2023-09-13 09:39:30,677 [WARN] ConditionMgr:1039 - genDependencies : Invalid condition id : UX DEVICE CLASS RTOS Condition cause : null
2023-09-13 09:39:30,678 [WARN] ConditionMgr:1039 - genDependencies : Invalid condition id : UX DEVICE CLASS RTOS Condition cause : null
2023-09-13 09:39:30,679 [WARN] ConditionMgr:1039 - genDependencies : Invalid condition id : UX DEVICE CLASS RTOS Condition cause : null
2023-09-13 09:39:30,679 [WARN] ConditionMgr:1039 - genDependencies : Invalid condition id : UX DEVICE CLASS RTOS Condition cause : null
2023-09-13 09:39:30,728 [INFO] LogOutputStream:77 - [STDOUT_REDIRECT] 1 : Invalid condition id : UX_CORESTACK_Condition cause : null
2023-09-13 09:39:30,729 [INFO] LogOutputStream:77 - [STDOUT_REDIRECT] 1 : Invalid condition id : UX_CORESTACK_Condition cause : null
2023-09-13 09:39:30,731 [INFO] LogOutputStream:77 - [STDOUT_REDIRECT] 1 : Invalid condition id : UX_CORESTACK_Condition cause : null
2023-09-13 09:39:30,734 [INFO] LogOutputStream:77 - [STDOUT_REDIRECT] 1 : Invalid condition id : UX_CORESTACK_Condition cause : null
2023-09-13 09:39:30,737 [INFO] LogOutputStream:77 - [STDOUT_REDIRECT] 1 : Invalid condition id : UX_CORESTACK_Condition cause : null
2023-09-13 09:39:30,741 [WARN] PackLoader:240 - Cannot read IP mode file for STMicroelectronics.X-CUBE-AZRTOS-WL.2.0.0
2023-09-13 09:39:30,747 [INFO] McuFinderGlobals:63 - Set McuFinder mode to 2 (CubeIDE integrated)
2023-09-13 09:39:30,748 [WARN] PackLoader:240 - Cannot read IP mode file for wolfSSL.I-CUBE-wolfSSL.5.6.3
2023-09-13 09:39:30,786 [INFO] MainUpdater:2868 - connection check result : 10
2023-09-13 09:39:30,842 [WARN] PackLoader:240 - Cannot read IP mode file for SEGGER.I-CUBE-embOS.1.3.1
2023-09-13 09:39:30,851 [INFO] McuFinderGlobals:76 - Set McuFinderConnectedMode to true
2023-09-13 09:39:31,062 [WARN] PackLoader:240 - Cannot read IP mode file for portGmbH.I-Cube-SoM-uGOAL.1.1.0
2023-09-13 09:39:31,075 [WARN] PackLoader:240 - Cannot read IP mode file for emotas.I-CUBE-CANOPEN.1.3.0
2023-09-13 09:39:31,091 [WARN] PackLoader:240 - Cannot read IP mode file for WES.I-CUBE-Cesium.1.3.0
2023-09-13 09:39:31,092 [INFO] PopulateThirdPartyThread:66 - Ending populate Thread
2023-09-13 09:39:31,096 [INFO] ThirdParty:1030 - CMSIS Pack Vendor :STMicroelectronics X-CUBE-ISPU 1.1.0
2023-09-13 09:39:31,096 [INFO] ThirdParty:1030 - CMSIS Pack Vendor :STMicroelectronics X-CUBE-DISPLAY 3.0.0
2023-09-13 09:39:31,096 [INFO] ThirdParty:1030 - CMSIS Pack Vendor :STMicroelectronics X-CUBE-GNSS1 6.0.0
2023-09-13 09:39:31,096 [INFO] ThirdParty:1030 - CMSIS Pack Vendor :STMicroelectronics X-CUBE-AZRTOS-F4 1.1.0
2023-09-13 09:39:31,096 [INFO] ThirdParty:1030 - CMSIS Pack Vendor :STMicroelectronics FP-ATR-SIGFOX1 3.2.0
2023-09-13 09:39:31,098 [INFO] ThirdParty:1030 - CMSIS Pack Vendor :STMicroelectronics X-CUBE-BLE1 7.0.0
2023-09-13 09:39:31,098 [INFO] ThirdParty:1030 - CMSIS Pack Vendor :wolfSSL I-CUBE-wolfSSL 5.6.3
2023-09-13 09:39:31,098 [INFO] ThirdParty:1030 - CMSIS Pack Vendor :STMicroelectronics X-CUBE-SMBUS 2.1.0
2023-09-13 09:39:31,098 [INFO] ThirdParty:1030 - CMSIS Pack Vendor :STMicroelectronics X-CUBE-AZRTOS-WB 2.0.0
2023-09-13 09:39:31,098 [INFO] ThirdParty:1030 - CMSIS Pack Vendor :emotas I-CUBE-CANOPEN 1.3.0
2023-09-13 09:39:31,099 [INFO] ThirdParty:1030 - CMSIS Pack Vendor :STMicroelectronics X-CUBE-FREERTOS 1.1.0
2023-09-13 09:39:31,099 [INFO] ThirdParty:1030 - CMSIS Pack Vendor :STMicroelectronics X-CUBE-NFC7 1.0.1
2023-09-13 09:39:31,099 [INFO] ThirdParty:1030 - CMSIS Pack Vendor :STMicroelectronics X-CUBE-TOUCHGFX 4.22.0
2023-09-13 09:39:31,099 [INFO] ThirdParty:1030 - CMSIS Pack Vendor :STMicroelectronics X-CUBE-AZRTOS-F7 1.1.0
2023-09-13 09:39:31,099 [INFO] ThirdParty:1030 - CMSIS Pack Vendor :STMicroelectronics X-CUBE-AZRTOS-L5 2.0.0
2023-09-13 09:39:31,101 [INFO] ThirdParty:1030 - CMSIS Pack Vendor :STMicroelectronics X-CUBE-NFC6 3.0.0
2023-09-13 09:39:31,101 [INFO] ThirdParty:1030 - CMSIS Pack Vendor :STMicroelectronics X-CUBE-ALS 1.0.1
2023-09-13 09:39:31,101 [INFO] ThirdParty:1030 - CMSIS Pack Vendor :STMicroelectronics X-CUBE-EEPRMA1 4.1.0
2023-09-13 09:39:31,101 [INFO] ThirdParty:1030 - CMSIS Pack Vendor :portGmbH I-Cube-SoM-uGOAL 1.1.0
2023-09-13 09:39:31,101 [INFO] ThirdParty:1030 - CMSIS Pack Vendor :STMicroelectronics X-CUBE-MEMS1 9.6.0
2023-09-13 09:39:31,101 [INFO] ThirdParty:1030 - CMSIS Pack Vendor :STMicroelectronics FP-SNS-SMARTAG2 1.2.0
2023-09-13 09:39:31,101 [INFO] ThirdParty:1030 - CMSIS Pack Vendor :STMicroelectronics FP-SNS-MOTENV1 4.3.2
2023-09-13 09:39:31,102 [INFO] ThirdParty:1030 - CMSIS Pack Vendor :STMicroelectronics X-CUBE-ALGOBUILD 1.3.0
2023-09-13 09:39:31,102 [INFO] ThirdParty:1030 - CMSIS Pack Vendor :STMicroelectronics X-CUBE-AZRTOS-WL 2.0.0
2023-09-13 09:39:31,102 [INFO] ThirdParty:1030 - CMSIS Pack Vendor :SEGGER I-CUBE-embOS 1.3.1
2023-09-13 09:39:31,102 [INFO] ThirdParty:1030 - CMSIS Pack Vendor :STMicroelectronics X-CUBE-AZRTOS-G0 1.1.0
2023-09-13 09:39:31,102 [INFO] ThirdParty:1030 - CMSIS Pack Vendor :STMicroelectronics X-CUBE-AI 8.1.0
2023-09-13 09:39:31,103 [INFO] ThirdParty:1030 - CMSIS Pack Vendor :STMicroelectronics X-CUBE-BLEMGR 2.0.0
2023-09-13 09:39:31,103 [INFO] ThirdParty:1030 - CMSIS Pack Vendor :STMicroelectronics X-CUBE-NFC4 3.0.0
2023-09-13 09:39:31,104 [INFO] ThirdParty:1030 - CMSIS Pack Vendor :STMicroelectronics X-CUBE-SUBG2 5.0.0
2023-09-13 09:39:31,104 [INFO] ThirdParty:1030 - CMSIS Pack Vendor :STMicroelectronics X-CUBE-AZRTOS-L4 2.0.0
2023-09-13 09:39:31,104 [INFO] ThirdParty:1030 - CMSIS Pack Vendor :STMicroelectronics FP-ATR-ASTRA1 2.0.0
2023-09-13 09:39:31,105 [INFO] ThirdParty:1030 - CMSIS Pack Vendor :WES I-CUBE-Cesium 1.3.0
2023-09-13 09:39:31,105 [INFO] ThirdParty:1030 - CMSIS Pack Vendor :STMicroelectronics X-CUBE-SFXS2LP1 4.0.0
2023-09-13 09:39:31,105 [INFO] ThirdParty:1030 - CMSIS Pack Vendor :STMicroelectronics FP-SNS-FLIGHT1 5.0.2
2023-09-13 09:39:31,106 [INFO] ThirdParty:1030 - CMSIS Pack Vendor :STMicroelectronics X-CUBE-BLE2 3.3.0
2023-09-13 09:39:31,106 [INFO] ThirdParty:1030 - CMSIS Pack Vendor :STMicroelectronics X-CUBE-TOF1 3.3.1
2023-09-13 09:39:31,149 [INFO] ThirdParty:1030 - CMSIS Pack Vendor :STMicroelectronics X-CUBE-AZRTOS-G4 2.0.0
2023-09-13 09:39:31,149 [INFO] ThirdParty:1030 - CMSIS Pack Vendor :STMicroelectronics X-CUBE-AZRTOS-H7 3.1.0
2023-09-13 09:39:31,150 [INFO] LoadServerUpdatesThread:373 - End of LoadServerUpdate Thread
2023-09-13 09:39:31,387 [INFO] ServerAccessManage:473 - Download File mcusAds.json._tmp_
2023-09-13 09:39:31,480 [WARN] MainUpdater:1189 - Updater busy. Cannot search thirdparties
2023-09-13 09:39:31,480 [INFO] ThirdPartyUpdaterWithRetryManager:96 - Updater plugin is busy. [12/15]
2023-09-13 09:39:31,497 [INFO] LoadUrlFilesThread:156 - End of LoadUrlFiles Thread
2023-09-13 09:39:31,587 [ERROR] LogOutputStream:75 - [STDERR_REDIRECT] SLF4J: Failed to load class "org.slf4j.impl.StaticLoggerBinder".
2023-09-13 09:39:31,588 [ERROR] LogOutputStream:75 - [STDERR_REDIRECT] SLF4J: Defaulting to no-operation (NOP) logger implementation
2023-09-13 09:39:31,592 [ERROR] LogOutputStream:75 - [STDERR_REDIRECT] SLF4J: See http://www.slf4j.org/codes.html#StaticLoggerBinder for further details.
2023-09-13 09:39:31,750 [INFO] ServerAccessManage:473 - Download File cube-finder-db.zip
2023-09-13 09:39:33,883 [INFO] FileExtend:240 - Unzip File : cube-finder-db.zip
2023-09-13 09:39:33,884 [INFO] FileExtend:255 - Standard Zip Deflate
2023-09-13 09:39:34,504 [WARN] MainUpdater:1189 - Updater busy. Cannot search thirdparties
2023-09-13 09:39:34,504 [INFO] ThirdPartyUpdaterWithRetryManager:96 - Updater plugin is busy. [13/15]
2023-09-13 09:39:35,071 [INFO] LoadUrlFilesThread:156 - End of LoadUrlFiles Thread
2023-09-13 09:39:35,361 [INFO] ServerAccessManage:473 - Download File crdb.zip
2023-09-13 09:39:35,663 [INFO] FileExtend:240 - Unzip File : crdb.zip
2023-09-13 09:39:35,665 [INFO] FileExtend:255 - Standard Zip Deflate
2023-09-13 09:39:35,826 [INFO] LoadUrlFilesThread:156 - End of LoadUrlFiles Thread
2023-09-13 09:39:35,962 [INFO] ServerAccessManage:473 - Download File tutoVideoDB.zip
2023-09-13 09:39:35,969 [INFO] FileExtend:240 - Unzip File : tutoVideoDB.zip
2023-09-13 09:39:35,970 [INFO] FileExtend:255 - Standard Zip Deflate
2023-09-13 09:39:36,100 [INFO] LoadUrlFilesThread:156 - End of LoadUrlFiles Thread
2023-09-13 09:39:36,126 [WARN] DbFile:41 - Overriding database path with different value: C:\Users\green\.stmcufinder\plugins\mcufinder/ => C:\Users\green\.stmcufinder\plugins\mcufinder
2023-09-13 09:39:36,350 [INFO] ServerAccessManage:473 - Download File api_config.json
2023-09-13 09:39:36,461 [INFO] LoadUrlFilesThread:156 - End of LoadUrlFiles Thread
2023-09-13 09:39:36,463 [INFO] DbMcusAds:53 - JSON generation date=Tue Mar 07 10:50:55 EET 2023 (1678179055335)
2023-09-13 09:39:36,657 [INFO] ServerAccessManage:473 - Download File 
2023-09-13 09:39:36,696 [INFO] LoadUrlFilesThread:185 - End of LoadServerUrlFiles without Thread
2023-09-13 09:39:36,697 [INFO] TargetSelectorAdapter:259 - Refresh data is successful
2023-09-13 09:39:36,923 [INFO] ApiDb:581 - Connected to CubeFinder SQLite database (C:\Users\green\.stmcufinder\plugins\mcufinder\mcu\cube-finder-db.db)
2023-09-13 09:39:37,047 [INFO] ApiDb:668 - CubeFinder database Data Model version=2.1
2023-09-13 09:39:37,047 [INFO] ApiDb:669 - CubeFinder database Configuration version=3.0.37
2023-09-13 09:39:37,047 [INFO] ApiDb:670 - CubeFinder database generation date=2023-08-31 (1693470701)
2023-09-13 09:39:37,048 [INFO] ApiDb:671 - CubeFinder database FW Pack versions=[FP-ATR-ASTRA1_V2.0.0, FP-SNS-FLIGHT1_V5.0.1, FP-SNS-FLIGHT1_V5.0.2, FP-SNS-MOTENV1_V4.3.1, FP-SNS-MOTENV1_V4.3.2, STM32Cube_FW_C0_V1.1.0, STM32Cube_FW_F4_V1.27.1, STM32Cube_FW_F7_V1.17.0, STM32Cube_FW_G0_V1.6.1, STM32Cube_FW_G4_V1.5.1, STM32Cube_FW_H5_V0.5.1, STM32Cube_FW_H5_V1.1.1, STM32Cube_FW_H7_V1.11.0, STM32Cube_FW_L0_V1.12.2, STM32Cube_FW_L5_V1.5.0, STM32Cube_FW_U5_V1.3.0, STM32Cube_FW_U5_V1.3.0RC4, STM32Cube_FW_WBA_V1.0.0RC1, STM32Cube_FW_WBA_V1.1.0, STM32Cube_FW_WBA_V1.1.0RC1, STM32Cube_FW_WB_V1.15.0RC1, STM32Cube_FW_WB_V1.16.0, STM32Cube_FW_WB_V1.16.0RC2, STM32Cube_FW_WB_V1.17.0, STM32Cube_FW_WB_V1.17.2, STM32Cube_FW_WL_V1.3.0, X-CUBE-ALGOBUILD_V1.3.0, X-CUBE-ALS_V1.0.1, X-CUBE-AZRTOS-F4_V1.1.0, X-CUBE-AZRTOS-F7_V1.1.0, X-CUBE-AZRTOS-G0_V1.1.0, X-CUBE-AZRTOS-G4_V2.0.0, X-CUBE-AZRTOS-H7_V3.1.0, X-CUBE-AZRTOS-L4_V1.0.0, X-CUBE-AZRTOS-L4_V2.0.0, X-CUBE-AZRTOS-L5_V1.1.0, X-CUBE-AZRTOS-WB_V2.0.0, X-CUBE-AZRTOS-WL_V2.0.0, X-CUBE-BLE1_V7.0.0, X-CUBE-BLE2_V3.3.0, X-CUBE-BLEMGR_V2.0.0, X-CUBE-EEPRMA1_V4.1.0, X-CUBE-FREERTOS_V1.1.0, X-CUBE-GNSS1_V6.0.0, X-CUBE-MEMS1_V9.1.0, X-CUBE-MEMS1_V9.4.0, X-CUBE-MEMS1_V9.6.0, X-CUBE-NFC4_V3.0.0, X-CUBE-NFC7_V1.0.0, X-CUBE-SFXS2LP1_V4.0.0, X-CUBE-SUBG2_V5.0.0, X-CUBE-TOF1_V3.3.1]
2023-09-13 09:39:37,867 [WARN] PackLoader:240 - Cannot read IP mode file for STMicroelectronics.X-CUBE-SMBUS.2.1.0
2023-09-13 09:39:37,894 [WARN] PackLoader:240 - Cannot read IP mode file for STMicroelectronics.X-CUBE-AZRTOS-F7.1.1.0
2023-09-13 09:39:37,906 [WARN] PackLoader:240 - Cannot read IP mode file for STMicroelectronics.FP-SNS-MOTENV1.4.3.2
2023-09-13 09:39:37,913 [WARN] PackLoader:240 - Cannot read IP mode file for STMicroelectronics.FP-SNS-FLIGHT1.5.0.2
2023-09-13 09:39:37,922 [WARN] PackLoader:240 - Cannot read IP mode file for STMicroelectronics.X-CUBE-DISPLAY.3.0.0
2023-09-13 09:39:37,933 [WARN] PackLoader:240 - Cannot read IP mode file for STMicroelectronics.X-CUBE-BLE1.7.0.0
2023-09-13 09:39:37,939 [WARN] PackLoader:240 - Cannot read IP mode file for emotas.I-CUBE-CANOPEN.1.3.0
2023-09-13 09:39:37,943 [WARN] PackLoader:240 - Cannot read IP mode file for STMicroelectronics.X-CUBE-TOUCHGFX.4.22.0
2023-09-13 09:39:37,950 [WARN] PackLoader:240 - Cannot read IP mode file for STMicroelectronics.FP-SNS-SMARTAG2.1.2.0
2023-09-13 09:39:37,965 [INFO] LogOutputStream:77 - [STDOUT_REDIRECT] 1 : Invalid condition id : UX_CORESTACK_Condition cause : null
2023-09-13 09:39:37,967 [INFO] LogOutputStream:77 - [STDOUT_REDIRECT] 1 : Invalid condition id : UX_CORESTACK_Condition cause : null
2023-09-13 09:39:37,969 [INFO] LogOutputStream:77 - [STDOUT_REDIRECT] 1 : Invalid condition id : UX_CORESTACK_Condition cause : null
2023-09-13 09:39:37,971 [INFO] LogOutputStream:77 - [STDOUT_REDIRECT] 1 : Invalid condition id : UX_CORESTACK_Condition cause : null
2023-09-13 09:39:37,973 [INFO] LogOutputStream:77 - [STDOUT_REDIRECT] 1 : Invalid condition id : UX_CORESTACK_Condition cause : null
2023-09-13 09:39:37,978 [WARN] PackLoader:240 - Cannot read IP mode file for STMicroelectronics.X-CUBE-AZRTOS-WL.2.0.0
2023-09-13 09:39:37,987 [WARN] PackLoader:240 - Cannot read IP mode file for WES.I-CUBE-Cesium.1.3.0
2023-09-13 09:39:37,993 [WARN] PackLoader:240 - Cannot read IP mode file for STMicroelectronics.X-CUBE-BLE2.3.3.0
2023-09-13 09:39:38,018 [WARN] PackLoader:240 - Cannot read IP mode file for STMicroelectronics.X-CUBE-ALGOBUILD.1.3.0
2023-09-13 09:39:38,041 [WARN] PackLoader:240 - Cannot read IP mode file for STMicroelectronics.X-CUBE-AZRTOS-G0.1.1.0
2023-09-13 09:39:38,053 [WARN] PackLoader:240 - Cannot read IP mode file for STMicroelectronics.X-CUBE-NFC4.3.0.0
2023-09-13 09:39:38,061 [WARN] PackLoader:240 - Cannot read IP mode file for STMicroelectronics.FP-ATR-SIGFOX1.3.2.0
2023-09-13 09:39:38,108 [WARN] PackLoader:240 - Cannot read IP mode file for SEGGER.I-CUBE-embOS.1.3.1
2023-09-13 09:39:38,180 [WARN] PackLoader:240 - Cannot read IP mode file for STMicroelectronics.X-CUBE-GNSS1.6.0.0
2023-09-13 09:39:38,206 [WARN] PackLoader:240 - Cannot read IP mode file for STMicroelectronics.X-CUBE-AZRTOS-F4.1.1.0
2023-09-13 09:39:38,216 [WARN] PackLoader:240 - Cannot read IP mode file for wolfSSL.I-CUBE-wolfSSL.5.6.3
2023-09-13 09:39:38,266 [WARN] PackLoader:240 - Cannot read IP mode file for STMicroelectronics.X-CUBE-AZRTOS-L5.2.0.0
2023-09-13 09:39:38,343 [WARN] PackLoader:240 - Cannot read IP mode file for STMicroelectronics.X-CUBE-MEMS1.9.6.0
2023-09-13 09:39:38,636 [WARN] PackLoader:240 - Cannot read IP mode file for STMicroelectronics.X-CUBE-BLEMGR.2.0.0
2023-09-13 09:39:38,658 [WARN] ConditionMgr:438 - getConditionDescription Invalid condition id : UX DEVICE CLASS RTOS Condition cause : null
2023-09-13 09:39:38,658 [WARN] ConditionMgr:438 - getConditionDescription Invalid condition id : UX DEVICE CLASS RTOS Condition cause : null
2023-09-13 09:39:38,662 [WARN] PackLoader:240 - Cannot read IP mode file for STMicroelectronics.X-CUBE-AZRTOS-H7.3.1.0
2023-09-13 09:39:38,663 [WARN] ConditionMgr:1039 - genDependencies : Invalid condition id : UX DEVICE CLASS RTOS Condition cause : null
2023-09-13 09:39:38,663 [WARN] ConditionMgr:1039 - genDependencies : Invalid condition id : UX DEVICE CLASS RTOS Condition cause : null
2023-09-13 09:39:38,664 [WARN] ConditionMgr:1039 - genDependencies : Invalid condition id : UX DEVICE CLASS RTOS Condition cause : null
2023-09-13 09:39:38,665 [WARN] ConditionMgr:1039 - genDependencies : Invalid condition id : UX DEVICE CLASS RTOS Condition cause : null
2023-09-13 09:39:38,665 [WARN] ConditionMgr:1039 - genDependencies : Invalid condition id : UX DEVICE CLASS RTOS Condition cause : null
2023-09-13 09:39:38,672 [WARN] PackLoader:240 - Cannot read IP mode file for STMicroelectronics.X-CUBE-NFC7.1.0.1
2023-09-13 09:39:38,684 [WARN] PackLoader:240 - Cannot read IP mode file for STMicroelectronics.X-CUBE-NFC6.3.0.0
2023-09-13 09:39:38,721 [WARN] PackLoader:240 - Cannot read IP mode file for STMicroelectronics.X-CUBE-EEPRMA1.4.1.0
2023-09-13 09:39:38,730 [WARN] PackLoader:240 - Cannot read IP mode file for STMicroelectronics.X-CUBE-AI.8.1.0
2023-09-13 09:39:38,756 [WARN] ConditionMgr:438 - getConditionDescription Invalid condition id : LAN8742 Phy interface Condition cause : null
2023-09-13 09:39:38,757 [WARN] PackLoader:240 - Cannot read IP mode file for STMicroelectronics.X-CUBE-AZRTOS-L4.2.0.0
2023-09-13 09:39:38,759 [WARN] ConditionMgr:1039 - genDependencies : Invalid condition id : LAN8742 Phy interface Condition cause : null
2023-09-13 09:39:38,759 [WARN] ConditionMgr:1039 - genDependencies : Invalid condition id : LAN8742 Phy interface Condition cause : null
2023-09-13 09:39:38,760 [WARN] ConditionMgr:1039 - genDependencies : Invalid condition id : LAN8742 Phy interface Condition cause : null
2023-09-13 09:39:38,772 [WARN] PackLoader:240 - Cannot read IP mode file for STMicroelectronics.X-CUBE-SFXS2LP1.4.0.0
2023-09-13 09:39:38,780 [WARN] PackLoader:240 - Cannot read IP mode file for STMicroelectronics.X-CUBE-ISPU.1.1.0
2023-09-13 09:39:38,796 [WARN] ConditionMgr:438 - getConditionDescription Invalid condition id : UX DEVICE CLASS RTOS Condition cause : null
2023-09-13 09:39:38,797 [WARN] ConditionMgr:438 - getConditionDescription Invalid condition id : UX DEVICE CLASS RTOS Condition cause : null
2023-09-13 09:39:38,801 [WARN] PackLoader:240 - Cannot read IP mode file for STMicroelectronics.X-CUBE-AZRTOS-WB.2.0.0
2023-09-13 09:39:38,802 [WARN] ConditionMgr:1039 - genDependencies : Invalid condition id : UX DEVICE CLASS RTOS Condition cause : null
2023-09-13 09:39:38,803 [WARN] ConditionMgr:1039 - genDependencies : Invalid condition id : UX DEVICE CLASS RTOS Condition cause : null
2023-09-13 09:39:38,803 [WARN] ConditionMgr:1039 - genDependencies : Invalid condition id : UX DEVICE CLASS RTOS Condition cause : null
2023-09-13 09:39:38,804 [WARN] ConditionMgr:1039 - genDependencies : Invalid condition id : UX DEVICE CLASS RTOS Condition cause : null
2023-09-13 09:39:38,804 [WARN] ConditionMgr:1039 - genDependencies : Invalid condition id : UX DEVICE CLASS RTOS Condition cause : null
2023-09-13 09:39:38,817 [WARN] PackLoader:240 - Cannot read IP mode file for STMicroelectronics.X-CUBE-SUBG2.5.0.0
2023-09-13 09:39:38,849 [WARN] PackLoader:240 - Cannot read IP mode file for STMicroelectronics.X-CUBE-TOF1.3.3.1
2023-09-13 09:39:38,885 [WARN] PackLoader:240 - Cannot read IP mode file for STMicroelectronics.X-CUBE-AZRTOS-G4.2.0.0
2023-09-13 09:39:38,899 [WARN] PackLoader:240 - Cannot read IP mode file for STMicroelectronics.X-CUBE-FREERTOS.1.1.0
2023-09-13 09:39:38,907 [WARN] PackLoader:240 - Cannot read IP mode file for portGmbH.I-Cube-SoM-uGOAL.1.1.0
2023-09-13 09:39:38,912 [WARN] PackLoader:240 - Cannot read IP mode file for STMicroelectronics.X-CUBE-ALS.1.0.1
2023-09-13 09:39:38,918 [WARN] PackLoader:240 - Cannot read IP mode file for STMicroelectronics.FP-ATR-ASTRA1.2.0.0
2023-09-13 09:39:38,919 [INFO] ThirdParty:978 - Integrity check success = true
2023-09-13 09:39:38,919 [INFO] IntegrityCheckThread:100 - exiting critical section [integrity check]
2023-09-13 09:39:38,919 [INFO] IntegrityCheckThread:103 - End integrity checks thread
2023-09-13 09:39:41,159 [INFO] ApiDb:240 - Found 323 in-development CPN: [B-G473E-ZEST1S, B-WB1M-WPAN1, B-WL5M-SUBG1, NUCLEO-C031C6, NUCLEO-H503RB, NUCLEO-H563ZI, NUCLEO-U545RE-Q, NUCLEO-U5A5ZJ-Q, NUCLEO-WBA52CG, STEVAL-PROTEUS1, STEVAL-SMARTAG2, STEVAL-STWINBX1, STM320518-EVAL, STM32C0116-DK, STM32C011D6Y3TR, STM32C011D6Y6TR, STM32C011F4P3, STM32C011F4P6, STM32C011F4U3, STM32C011F4U6TR, STM32C011F6P3, STM32C011F6P6, STM32C011F6U3, STM32C011F6U6TR, STM32C011J4M3, STM32C011J4M6, STM32C011J6M3, STM32C011J6M6, STM32C0316-DK, STM32C031C4T3, STM32C031C4T6, STM32C031C4U3, STM32C031C4U6, STM32C031C6T3, STM32C031C6T6, STM32C031C6U3, STM32C031C6U6, STM32C031F4P3, STM32C031F4P6, STM32C031F6P3, STM32C031F6P6, STM32C031G4U3, STM32C031G4U6, STM32C031G6U3, STM32C031G6U6, STM32C031K4T3, STM32C031K4T6, STM32C031K4U3, STM32C031K4U6, STM32C031K6T3, STM32C031K6T6, STM32C031K6U3, STM32C031K6U6, STM32G071K8TXN, STM32G071K8UXN, STM32G081GBU6N, STM32G081KBT6N, STM32G081KBUXN, STM32G0B1CCT6N, STM32G0B1KCT6, STM32G0B1NEY6TR, STM32G0B1RCT6N, STM32G0C1CCT6, STM32G0C1CCT6N, STM32G0C1CCU6N, STM32G0C1CET6N, STM32G0C1CEU6N, STM32G0C1KCT6, STM32G0C1NEY6TR, STM32G0C1RCI6N, STM32G0C1RCT6N, STM32G0C1REI6N, STM32G0C1RET6N, STM32G0C1VCI6, STM32G0C1VEI6, STM32G471CCT6, STM32G471CCU6, STM32G471CET3, STM32G471CET6, STM32G471CEU3, STM32G471CEU6, STM32G471MCT6, STM32G471MET3, STM32G471MET6, STM32G471MEY6TR, STM32G471QCT6, STM32G471QET3, STM32G471RCT6, STM32G471RET3, STM32G471RET6, STM32G471VCH6, STM32G471VCI6, STM32G471VCT6, STM32G471VEH3, STM32G471VEH6, STM32G471VEI3, STM32G471VEI6, STM32G471VET3, STM32G471VET6, STM32G474CCT6, STM32H503CBT6, STM32H503CBU6, STM32H503EBY6TR, STM32H503KBU6, STM32H503RBT6, STM32H562AGI6, STM32H562AII6, STM32H562IGK6, STM32H562IGT6, STM32H562IIK6, STM32H562IIT6, STM32H562RGT6, STM32H562RGV6, STM32H562RIT6, STM32H562RIV6, STM32H562VGT6, STM32H562VIT6, STM32H562ZGT6, STM32H562ZIT6, STM32H563AGI6, STM32H563AII3Q, STM32H563AII6, STM32H563IGK6, STM32H563IGT6, STM32H563IIK3Q, STM32H563IIK6, STM32H563IIT3Q, STM32H563IIT6, STM32H563MIY3QTR, STM32H563RGT6, STM32H563RGV6, STM32H563RIT6, STM32H563RIV6, STM32H563VGT6, STM32H563VIT3Q, STM32H563VIT6, STM32H563ZGT6, STM32H563ZIT3Q, STM32H563ZIT6, STM32H573AII3Q, STM32H573AII6, STM32H573I-DK, STM32H573IIK3Q, STM32H573IIK6, STM32H573IIT3Q, STM32H573IIT6, STM32H573MIY3QTR, STM32H573RIT6, STM32H573RIV6, STM32H573VIT3Q, STM32H573VIT6, STM32H573ZIT3Q, STM32H573ZIT6, STM32L4R5QGI6STR, STM32MP131AAE3, STM32MP131AAF3, STM32MP131AAG3, STM32MP131CAE3, STM32MP131CAF3, STM32MP131CAG3, STM32MP131DAE7, STM32MP131DAF7, STM32MP131DAG7, STM32MP131FAE7, STM32MP131FAF7, STM32MP131FAG7, STM32MP133AAE3, STM32MP133AAF3, STM32MP133AAG3, STM32MP133CAE3, STM32MP133CAF3, STM32MP133CAG3, STM32MP133DAE7, STM32MP133DAF7, STM32MP133DAG7, STM32MP133FAE7, STM32MP133FAF7, STM32MP133FAG7, STM32MP135AAE3, STM32MP135AAF3, STM32MP135AAG3, STM32MP135CAE3, STM32MP135CAF3, STM32MP135CAG3, STM32MP135DAE7, STM32MP135DAF7, STM32MP135DAG7, STM32MP135F-DK, STM32MP135FAE7, STM32MP135FAF7, STM32MP135FAF7T, STM32MP135FAF7U, STM32MP135FAG7, STM32U535CBT6, STM32U535CBT6Q, STM32U535CBU6, STM32U535CBU6Q, STM32U535CCT6, STM32U535CCT6Q, STM32U535CCU6, STM32U535CCU6Q, STM32U535CET6, STM32U535CET6Q, STM32U535CEU6, STM32U535CEU6Q, STM32U535JEY6QTR, STM32U535NCY6QTR, STM32U535NEY6QTR, STM32U535RBI6, STM32U535RBI6Q, STM32U535RBT6, STM32U535RBT6Q, STM32U535RCI6, STM32U535RCI6Q, STM32U535RCT6, STM32U535RCT6Q, STM32U535REI6, STM32U535REI6Q, STM32U535RET6, STM32U535RET6Q, STM32U535VCI6, STM32U535VCI6Q, STM32U535VCT6, STM32U535VCT6Q, STM32U535VEI6, STM32U535VEI6Q, STM32U535VET6, STM32U535VET6Q, STM32U545CET6, STM32U545CET6Q, STM32U545CEU6, STM32U545CEU6Q, STM32U545JEY6QTR, STM32U545NEY6QTR, STM32U545REI6, STM32U545REI6Q, STM32U545RET6, STM32U545RET6Q, STM32U545VEI6, STM32U545VEI6Q, STM32U545VET6, STM32U545VET6Q, STM32U595AIH6, STM32U595AIH6Q, STM32U595AJH6, STM32U595AJH6Q, STM32U595QII6, STM32U595QII6Q, STM32U595QJI6, STM32U595QJI6Q, STM32U595RIT6, STM32U595RIT6Q, STM32U595RJT6, STM32U595RJT6Q, STM32U595VIT6, STM32U595VIT6Q, STM32U595VJT6, STM32U595VJT6Q, STM32U595ZIT6, STM32U595ZIT6Q, STM32U595ZIY6QTR, STM32U595ZJT6, STM32U595ZJT6Q, STM32U595ZJY6QTR, STM32U599BJY6QTR, STM32U599NIH6Q, STM32U599NJH6Q, STM32U599VIT6Q, STM32U599VJT6, STM32U599VJT6Q, STM32U599ZIT6Q, STM32U599ZIY6QTR, STM32U599ZJT6Q, STM32U599ZJY6QTR, STM32U5A5AJH6, STM32U5A5AJH6Q, STM32U5A5QJI6, STM32U5A5QJI6Q, STM32U5A5RJT6, STM32U5A5RJT6Q, STM32U5A5VJT6, STM32U5A5VJT6Q, STM32U5A5ZJT6, STM32U5A5ZJT6Q, STM32U5A5ZJY6QTR, STM32U5A9BJY6QTR, STM32U5A9J-DK, STM32U5A9NJH6Q, STM32U5A9VJT6Q, STM32U5A9ZJT6Q, STM32U5A9ZJY6QTR, STM32U5F7VIT6, STM32U5F7VIT6Q, STM32U5F7VJT6, STM32U5F7VJT6Q, STM32U5F9BJY6QTR, STM32U5F9NJH6Q, STM32U5F9VIT6Q, STM32U5F9VJT6Q, STM32U5F9ZIJ6QTR, STM32U5F9ZIT6Q, STM32U5F9ZJJ6QTR, STM32U5F9ZJT6Q, STM32U5G7VJT6, STM32U5G7VJT6Q, STM32U5G9BJY6QTR, STM32U5G9J-DK1, STM32U5G9J-DK2, STM32U5G9NJH6Q, STM32U5G9VJT6Q, STM32U5G9ZJJ6QTR, STM32U5G9ZJT6Q, STM32WB1MMCH6, STM32WBA52CEU6, STM32WBA52CEU6T, STM32WBA52CGU6, STM32WBA52CGU6T, STM32WBA52KEU6, STM32WBA52KEU6T, STM32WBA52KGU6, STM32WBA52KGU6T, STM32WL5MOCH6, STM32WL5MOCH6TR]
2023-09-13 09:39:41,168 [INFO] DbMcus:217 - Found 3848 MCUs, 3848 are supported
2023-09-13 09:39:41,169 [INFO] ApiDb:414 - User favorites file not found: C:\Users\green/.stm32cubeide/favorites.mcus.txt
2023-09-13 09:39:41,169 [INFO] DbMcus:223 - Set 0 / 0 favorites MCUs
2023-09-13 09:39:41,595 [INFO] ApiDb:668 - CubeFinder database Data Model version=2.1
2023-09-13 09:39:41,595 [INFO] ApiDb:669 - CubeFinder database Configuration version=3.0.37
2023-09-13 09:39:41,595 [INFO] ApiDb:670 - CubeFinder database generation date=2023-08-31 (1693470701)
2023-09-13 09:39:41,595 [INFO] ApiDb:671 - CubeFinder database FW Pack versions=[FP-ATR-ASTRA1_V2.0.0, FP-SNS-FLIGHT1_V5.0.1, FP-SNS-FLIGHT1_V5.0.2, FP-SNS-MOTENV1_V4.3.1, FP-SNS-MOTENV1_V4.3.2, STM32Cube_FW_C0_V1.1.0, STM32Cube_FW_F4_V1.27.1, STM32Cube_FW_F7_V1.17.0, STM32Cube_FW_G0_V1.6.1, STM32Cube_FW_G4_V1.5.1, STM32Cube_FW_H5_V0.5.1, STM32Cube_FW_H5_V1.1.1, STM32Cube_FW_H7_V1.11.0, STM32Cube_FW_L0_V1.12.2, STM32Cube_FW_L5_V1.5.0, STM32Cube_FW_U5_V1.3.0, STM32Cube_FW_U5_V1.3.0RC4, STM32Cube_FW_WBA_V1.0.0RC1, STM32Cube_FW_WBA_V1.1.0, STM32Cube_FW_WBA_V1.1.0RC1, STM32Cube_FW_WB_V1.15.0RC1, STM32Cube_FW_WB_V1.16.0, STM32Cube_FW_WB_V1.16.0RC2, STM32Cube_FW_WB_V1.17.0, STM32Cube_FW_WB_V1.17.2, STM32Cube_FW_WL_V1.3.0, X-CUBE-ALGOBUILD_V1.3.0, X-CUBE-ALS_V1.0.1, X-CUBE-AZRTOS-F4_V1.1.0, X-CUBE-AZRTOS-F7_V1.1.0, X-CUBE-AZRTOS-G0_V1.1.0, X-CUBE-AZRTOS-G4_V2.0.0, X-CUBE-AZRTOS-H7_V3.1.0, X-CUBE-AZRTOS-L4_V1.0.0, X-CUBE-AZRTOS-L4_V2.0.0, X-CUBE-AZRTOS-L5_V1.1.0, X-CUBE-AZRTOS-WB_V2.0.0, X-CUBE-AZRTOS-WL_V2.0.0, X-CUBE-BLE1_V7.0.0, X-CUBE-BLE2_V3.3.0, X-CUBE-BLEMGR_V2.0.0, X-CUBE-EEPRMA1_V4.1.0, X-CUBE-FREERTOS_V1.1.0, X-CUBE-GNSS1_V6.0.0, X-CUBE-MEMS1_V9.1.0, X-CUBE-MEMS1_V9.4.0, X-CUBE-MEMS1_V9.6.0, X-CUBE-NFC4_V3.0.0, X-CUBE-NFC7_V1.0.0, X-CUBE-SFXS2LP1_V4.0.0, X-CUBE-SUBG2_V5.0.0, X-CUBE-TOF1_V3.3.1]
2023-09-13 09:39:41,675 [INFO] DbBoardsSqlite:226 - include board P-NUCLEO-WB55-NUCLEO as a kit item of type 'Nucleo-64'
2023-09-13 09:39:41,676 [INFO] DbBoardsSqlite:226 - include board P-NUCLEO-WB55-USBDONGLE as a kit item of type 'Nucleo USB Dongle'
2023-09-13 09:39:41,676 [INFO] DbBoardsSqlite:226 - include board STEVAL-IDP005V1 as a kit item of type 'Evaluation Board'
2023-09-13 09:39:41,676 [INFO] DbBoardsSqlite:226 - include board STEVAL-IDP005V2 as a kit item of type 'Evaluation Board'
2023-09-13 09:39:41,738 [INFO] ApiDb:240 - Found 323 in-development CPN: [B-G473E-ZEST1S, B-WB1M-WPAN1, B-WL5M-SUBG1, NUCLEO-C031C6, NUCLEO-H503RB, NUCLEO-H563ZI, NUCLEO-U545RE-Q, NUCLEO-U5A5ZJ-Q, NUCLEO-WBA52CG, STEVAL-PROTEUS1, STEVAL-SMARTAG2, STEVAL-STWINBX1, STM320518-EVAL, STM32C0116-DK, STM32C011D6Y3TR, STM32C011D6Y6TR, STM32C011F4P3, STM32C011F4P6, STM32C011F4U3, STM32C011F4U6TR, STM32C011F6P3, STM32C011F6P6, STM32C011F6U3, STM32C011F6U6TR, STM32C011J4M3, STM32C011J4M6, STM32C011J6M3, STM32C011J6M6, STM32C0316-DK, STM32C031C4T3, STM32C031C4T6, STM32C031C4U3, STM32C031C4U6, STM32C031C6T3, STM32C031C6T6, STM32C031C6U3, STM32C031C6U6, STM32C031F4P3, STM32C031F4P6, STM32C031F6P3, STM32C031F6P6, STM32C031G4U3, STM32C031G4U6, STM32C031G6U3, STM32C031G6U6, STM32C031K4T3, STM32C031K4T6, STM32C031K4U3, STM32C031K4U6, STM32C031K6T3, STM32C031K6T6, STM32C031K6U3, STM32C031K6U6, STM32G071K8TXN, STM32G071K8UXN, STM32G081GBU6N, STM32G081KBT6N, STM32G081KBUXN, STM32G0B1CCT6N, STM32G0B1KCT6, STM32G0B1NEY6TR, STM32G0B1RCT6N, STM32G0C1CCT6, STM32G0C1CCT6N, STM32G0C1CCU6N, STM32G0C1CET6N, STM32G0C1CEU6N, STM32G0C1KCT6, STM32G0C1NEY6TR, STM32G0C1RCI6N, STM32G0C1RCT6N, STM32G0C1REI6N, STM32G0C1RET6N, STM32G0C1VCI6, STM32G0C1VEI6, STM32G471CCT6, STM32G471CCU6, STM32G471CET3, STM32G471CET6, STM32G471CEU3, STM32G471CEU6, STM32G471MCT6, STM32G471MET3, STM32G471MET6, STM32G471MEY6TR, STM32G471QCT6, STM32G471QET3, STM32G471RCT6, STM32G471RET3, STM32G471RET6, STM32G471VCH6, STM32G471VCI6, STM32G471VCT6, STM32G471VEH3, STM32G471VEH6, STM32G471VEI3, STM32G471VEI6, STM32G471VET3, STM32G471VET6, STM32G474CCT6, STM32H503CBT6, STM32H503CBU6, STM32H503EBY6TR, STM32H503KBU6, STM32H503RBT6, STM32H562AGI6, STM32H562AII6, STM32H562IGK6, STM32H562IGT6, STM32H562IIK6, STM32H562IIT6, STM32H562RGT6, STM32H562RGV6, STM32H562RIT6, STM32H562RIV6, STM32H562VGT6, STM32H562VIT6, STM32H562ZGT6, STM32H562ZIT6, STM32H563AGI6, STM32H563AII3Q, STM32H563AII6, STM32H563IGK6, STM32H563IGT6, STM32H563IIK3Q, STM32H563IIK6, STM32H563IIT3Q, STM32H563IIT6, STM32H563MIY3QTR, STM32H563RGT6, STM32H563RGV6, STM32H563RIT6, STM32H563RIV6, STM32H563VGT6, STM32H563VIT3Q, STM32H563VIT6, STM32H563ZGT6, STM32H563ZIT3Q, STM32H563ZIT6, STM32H573AII3Q, STM32H573AII6, STM32H573I-DK, STM32H573IIK3Q, STM32H573IIK6, STM32H573IIT3Q, STM32H573IIT6, STM32H573MIY3QTR, STM32H573RIT6, STM32H573RIV6, STM32H573VIT3Q, STM32H573VIT6, STM32H573ZIT3Q, STM32H573ZIT6, STM32L4R5QGI6STR, STM32MP131AAE3, STM32MP131AAF3, STM32MP131AAG3, STM32MP131CAE3, STM32MP131CAF3, STM32MP131CAG3, STM32MP131DAE7, STM32MP131DAF7, STM32MP131DAG7, STM32MP131FAE7, STM32MP131FAF7, STM32MP131FAG7, STM32MP133AAE3, STM32MP133AAF3, STM32MP133AAG3, STM32MP133CAE3, STM32MP133CAF3, STM32MP133CAG3, STM32MP133DAE7, STM32MP133DAF7, STM32MP133DAG7, STM32MP133FAE7, STM32MP133FAF7, STM32MP133FAG7, STM32MP135AAE3, STM32MP135AAF3, STM32MP135AAG3, STM32MP135CAE3, STM32MP135CAF3, STM32MP135CAG3, STM32MP135DAE7, STM32MP135DAF7, STM32MP135DAG7, STM32MP135F-DK, STM32MP135FAE7, STM32MP135FAF7, STM32MP135FAF7T, STM32MP135FAF7U, STM32MP135FAG7, STM32U535CBT6, STM32U535CBT6Q, STM32U535CBU6, STM32U535CBU6Q, STM32U535CCT6, STM32U535CCT6Q, STM32U535CCU6, STM32U535CCU6Q, STM32U535CET6, STM32U535CET6Q, STM32U535CEU6, STM32U535CEU6Q, STM32U535JEY6QTR, STM32U535NCY6QTR, STM32U535NEY6QTR, STM32U535RBI6, STM32U535RBI6Q, STM32U535RBT6, STM32U535RBT6Q, STM32U535RCI6, STM32U535RCI6Q, STM32U535RCT6, STM32U535RCT6Q, STM32U535REI6, STM32U535REI6Q, STM32U535RET6, STM32U535RET6Q, STM32U535VCI6, STM32U535VCI6Q, STM32U535VCT6, STM32U535VCT6Q, STM32U535VEI6, STM32U535VEI6Q, STM32U535VET6, STM32U535VET6Q, STM32U545CET6, STM32U545CET6Q, STM32U545CEU6, STM32U545CEU6Q, STM32U545JEY6QTR, STM32U545NEY6QTR, STM32U545REI6, STM32U545REI6Q, STM32U545RET6, STM32U545RET6Q, STM32U545VEI6, STM32U545VEI6Q, STM32U545VET6, STM32U545VET6Q, STM32U595AIH6, STM32U595AIH6Q, STM32U595AJH6, STM32U595AJH6Q, STM32U595QII6, STM32U595QII6Q, STM32U595QJI6, STM32U595QJI6Q, STM32U595RIT6, STM32U595RIT6Q, STM32U595RJT6, STM32U595RJT6Q, STM32U595VIT6, STM32U595VIT6Q, STM32U595VJT6, STM32U595VJT6Q, STM32U595ZIT6, STM32U595ZIT6Q, STM32U595ZIY6QTR, STM32U595ZJT6, STM32U595ZJT6Q, STM32U595ZJY6QTR, STM32U599BJY6QTR, STM32U599NIH6Q, STM32U599NJH6Q, STM32U599VIT6Q, STM32U599VJT6, STM32U599VJT6Q, STM32U599ZIT6Q, STM32U599ZIY6QTR, STM32U599ZJT6Q, STM32U599ZJY6QTR, STM32U5A5AJH6, STM32U5A5AJH6Q, STM32U5A5QJI6, STM32U5A5QJI6Q, STM32U5A5RJT6, STM32U5A5RJT6Q, STM32U5A5VJT6, STM32U5A5VJT6Q, STM32U5A5ZJT6, STM32U5A5ZJT6Q, STM32U5A5ZJY6QTR, STM32U5A9BJY6QTR, STM32U5A9J-DK, STM32U5A9NJH6Q, STM32U5A9VJT6Q, STM32U5A9ZJT6Q, STM32U5A9ZJY6QTR, STM32U5F7VIT6, STM32U5F7VIT6Q, STM32U5F7VJT6, STM32U5F7VJT6Q, STM32U5F9BJY6QTR, STM32U5F9NJH6Q, STM32U5F9VIT6Q, STM32U5F9VJT6Q, STM32U5F9ZIJ6QTR, STM32U5F9ZIT6Q, STM32U5F9ZJJ6QTR, STM32U5F9ZJT6Q, STM32U5G7VJT6, STM32U5G7VJT6Q, STM32U5G9BJY6QTR, STM32U5G9J-DK1, STM32U5G9J-DK2, STM32U5G9NJH6Q, STM32U5G9VJT6Q, STM32U5G9ZJJ6QTR, STM32U5G9ZJT6Q, STM32WB1MMCH6, STM32WBA52CEU6, STM32WBA52CEU6T, STM32WBA52CGU6, STM32WBA52CGU6T, STM32WBA52KEU6, STM32WBA52KEU6T, STM32WBA52KGU6, STM32WBA52KGU6T, STM32WL5MOCH6, STM32WL5MOCH6TR]
2023-09-13 09:39:41,909 [INFO] BoardInfo:880 - No configuration file found for board P-NUCLEO-WB55
2023-09-13 09:39:41,910 [INFO] DbBoards:157 - Kit is not supported: P-NUCLEO-WB55
2023-09-13 09:39:41,916 [INFO] BoardInfo:880 - No configuration file found for board STEVAL-BFA001V1B
2023-09-13 09:39:41,917 [INFO] DbBoards:157 - Kit is not supported: STEVAL-BFA001V1B
2023-09-13 09:39:41,918 [INFO] BoardInfo:880 - No configuration file found for board STEVAL-BFA001V2B
2023-09-13 09:39:41,918 [INFO] DbBoards:157 - Kit is not supported: STEVAL-BFA001V2B
2023-09-13 09:39:42,078 [INFO] DbBoards:161 - Found 190 boards, 187 are supported
2023-09-13 09:39:42,081 [INFO] ApiDb:414 - User favorites file not found: C:\Users\green/.stm32cubeide/favorites.boards.txt
2023-09-13 09:39:42,081 [INFO] DbBoards:190 - Set 0 / 0 favorites Boards
2023-09-13 09:39:42,084 [INFO] ApiDb:668 - CubeFinder database Data Model version=2.1
2023-09-13 09:39:42,084 [INFO] ApiDb:669 - CubeFinder database Configuration version=3.0.37
2023-09-13 09:39:42,084 [INFO] ApiDb:670 - CubeFinder database generation date=2023-08-31 (1693470701)
2023-09-13 09:39:42,085 [INFO] ApiDb:671 - CubeFinder database FW Pack versions=[FP-ATR-ASTRA1_V2.0.0, FP-SNS-FLIGHT1_V5.0.1, FP-SNS-FLIGHT1_V5.0.2, FP-SNS-MOTENV1_V4.3.1, FP-SNS-MOTENV1_V4.3.2, STM32Cube_FW_C0_V1.1.0, STM32Cube_FW_F4_V1.27.1, STM32Cube_FW_F7_V1.17.0, STM32Cube_FW_G0_V1.6.1, STM32Cube_FW_G4_V1.5.1, STM32Cube_FW_H5_V0.5.1, STM32Cube_FW_H5_V1.1.1, STM32Cube_FW_H7_V1.11.0, STM32Cube_FW_L0_V1.12.2, STM32Cube_FW_L5_V1.5.0, STM32Cube_FW_U5_V1.3.0, STM32Cube_FW_U5_V1.3.0RC4, STM32Cube_FW_WBA_V1.0.0RC1, STM32Cube_FW_WBA_V1.1.0, STM32Cube_FW_WBA_V1.1.0RC1, STM32Cube_FW_WB_V1.15.0RC1, STM32Cube_FW_WB_V1.16.0, STM32Cube_FW_WB_V1.16.0RC2, STM32Cube_FW_WB_V1.17.0, STM32Cube_FW_WB_V1.17.2, STM32Cube_FW_WL_V1.3.0, X-CUBE-ALGOBUILD_V1.3.0, X-CUBE-ALS_V1.0.1, X-CUBE-AZRTOS-F4_V1.1.0, X-CUBE-AZRTOS-F7_V1.1.0, X-CUBE-AZRTOS-G0_V1.1.0, X-CUBE-AZRTOS-G4_V2.0.0, X-CUBE-AZRTOS-H7_V3.1.0, X-CUBE-AZRTOS-L4_V1.0.0, X-CUBE-AZRTOS-L4_V2.0.0, X-CUBE-AZRTOS-L5_V1.1.0, X-CUBE-AZRTOS-WB_V2.0.0, X-CUBE-AZRTOS-WL_V2.0.0, X-CUBE-BLE1_V7.0.0, X-CUBE-BLE2_V3.3.0, X-CUBE-BLEMGR_V2.0.0, X-CUBE-EEPRMA1_V4.1.0, X-CUBE-FREERTOS_V1.1.0, X-CUBE-GNSS1_V6.0.0, X-CUBE-MEMS1_V9.1.0, X-CUBE-MEMS1_V9.4.0, X-CUBE-MEMS1_V9.6.0, X-CUBE-NFC4_V3.0.0, X-CUBE-NFC7_V1.0.0, X-CUBE-SFXS2LP1_V4.0.0, X-CUBE-SUBG2_V5.0.0, X-CUBE-TOF1_V3.3.1]
2023-09-13 09:39:42,963 [INFO] DbExamplesSqlite:395 - Ignored 27 examples not supported by CubeIDE
2023-09-13 09:39:42,963 [INFO] DbExamplesSqlite:396 - Found 7232 examples active
2023-09-13 09:39:42,963 [INFO] DbExamplesSqlite:397 - Found 678 examples obsolete
2023-09-13 09:39:42,963 [INFO] DbExamplesSqlite:398 - Found 0 examples under development
2023-09-13 09:39:42,964 [INFO] DbExamplesSqlite:399 - Found 74 examples not building
2023-09-13 09:39:42,966 [INFO] DbExamples:125 - Found 7279 examples
2023-09-13 09:39:42,983 [INFO] DbExamples:222 - Found 92 boards with related examples
2023-09-13 09:39:42,985 [INFO] DbExamples:235 - Found 78 MCUs with related examples
2023-09-13 09:39:43,012 [INFO] ApiDb:414 - User favorites file not found: C:\Users\green/.stm32cubeide/favorites.examples.txt
2023-09-13 09:39:43,013 [INFO] DbExamples:250 - Set 0 / 0 favorites Examples
2023-09-13 09:39:43,497 [INFO] McuFinderGlobals:76 - Set McuFinderConnectedMode to true
2023-09-13 09:39:43,510 [INFO] MultiScanPanel:200 - Auto-refresh data requested => check proxy status ongoing
2023-09-13 09:39:43,514 [INFO] FinderPluginLoader:95 - Searching for filters in installed packs
2023-09-13 09:39:46,613 [INFO] LoadUrlFilesThread:185 - End of LoadServerUrlFiles without Thread
2023-09-13 09:39:46,626 [INFO] DetailPanel:341 - Set advertising image to C:/Users/green/STM32Cube/Repository/\en.prom-stm32h5-mcu-finder.jpg
2023-09-13 09:40:15,417 [INFO] McuFinderGlobals:76 - Set McuFinderConnectedMode to true
2023-09-13 09:40:15,835 [INFO] ApiDb:448 - Save user favorites file C:\Users\green/.stm32cubeide/favorites.mcus.txt: 0 item(s)
2023-09-13 09:40:15,835 [INFO] ApiDb:452 - User favorites MCUs=[]
2023-09-13 09:40:27,493 [ERROR] LogOutputStream:75 - [STDERR_REDIRECT] 
