2023-12-08 08:46:05,740 [INFO] Activator:176 - 


2023-12-08 08:46:05,749 [INFO] Activator:177 - !SESSION log4j initialized
2023-12-08 08:46:14,706 [INFO] LogOutputStream:77 - [STDOUT_REDIRECT] 
2023-12-08 08:46:17,655 [INFO] ApplicationProperties:184 - Using Application install path: C:\ST\STM32CubeIDE_1.13.1\STM32CubeIDE\plugins\com.st.stm32cube.common.mx_6.9.1.202307191849
2023-12-08 08:46:17,706 [INFO] DbMcusXml:78 - Set database path to: C:\ST\STM32CubeIDE_1.13.1\STM32CubeIDE\plugins\com.st.stm32cube.common.mx_6.9.1.202307191849\\db\/mcu/
2023-12-08 08:46:17,707 [INFO] ApiDb:274 - Set plugin database path to: C:\ST\STM32CubeIDE_1.13.1\STM32CubeIDE\plugins\com.st.stm32cube.common.mx_6.9.1.202307191849\\db\/plugins/boardmanager/
2023-12-08 08:46:17,732 [WARN] ApiDb:259 - Overriding images path with different value:  => C:\ST\STM32CubeIDE_1.13.1\STM32CubeIDE\plugins\com.st.stm32cube.common.mx_6.9.1.202307191849\\db\/plugins/mcufinder/images/
2023-12-08 08:46:17,769 [INFO] ApiDb:250 - Set database path to: C:\Users\green\.stmcufinder\plugins\mcufinder//mcu/
2023-12-08 08:46:17,774 [INFO] DbMcusAds:125 - Set database path to: C:\Users\green\.stmcufinder\plugins\mcufinder//mcu/
2023-12-08 08:46:17,779 [INFO] CrossReferenceDbSqlite:203 - Set database path to: C:\Users\green\.stmcufinder\plugins\mcufinder//mcu/cs/
2023-12-08 08:46:18,015 [INFO] RulesReader:64 - Compatibility file has been processed (293 Rules)
2023-12-08 08:46:18,175 [INFO] DbMcusXml:78 - Set database path to: C:\ST\STM32CubeIDE_1.13.1\STM32CubeIDE\plugins\com.st.stm32cube.common.mx_6.9.1.202307191849\\db\/mcu/
2023-12-08 08:46:18,175 [INFO] ApiDb:274 - Set plugin database path to: C:\ST\STM32CubeIDE_1.13.1\STM32CubeIDE\plugins\com.st.stm32cube.common.mx_6.9.1.202307191849\\db\/plugins/boardmanager/
2023-12-08 08:46:18,175 [INFO] ApiDb:261 - Set plugin images path to: C:\ST\STM32CubeIDE_1.13.1\STM32CubeIDE\plugins\com.st.stm32cube.common.mx_6.9.1.202307191849\\db\/plugins/mcufinder/images/
2023-12-08 08:46:18,176 [WARN] DbFile:41 - Overriding database path with different value: C:\Users\green\.stmcufinder\plugins\mcufinder/ => C:\Users\green\.stmcufinder\plugins\mcufinder
2023-12-08 08:46:18,176 [INFO] ApiDb:250 - Set database path to: C:\Users\green\.stmcufinder\plugins\mcufinder//mcu/
2023-12-08 08:46:18,176 [WARN] DbFile:41 - Overriding database path with different value: C:\Users\green\.stmcufinder\plugins\mcufinder/ => C:\Users\green\.stmcufinder\plugins\mcufinder
2023-12-08 08:46:18,177 [INFO] DbMcusAds:125 - Set database path to: C:\Users\green\.stmcufinder\plugins\mcufinder//mcu/
2023-12-08 08:46:18,177 [WARN] DbFile:41 - Overriding database path with different value: C:\Users\green\.stmcufinder\plugins\mcufinder/ => C:\Users\green\.stmcufinder\plugins\mcufinder
2023-12-08 08:46:18,177 [WARN] DbFile:41 - Overriding database path with different value: C:\Users\green\.stmcufinder\plugins\mcufinder/ => C:\Users\green\.stmcufinder\plugins\mcufinder
2023-12-08 08:46:18,177 [INFO] CrossReferenceDbSqlite:203 - Set database path to: C:\Users\green\.stmcufinder\plugins\mcufinder//mcu/cs/
2023-12-08 08:46:18,332 [INFO] MainPanel:262 - HeapMemory: 268435456
2023-12-08 08:46:18,515 [INFO] DbMcusXml:78 - Set database path to: C:\ST\STM32CubeIDE_1.13.1\STM32CubeIDE\plugins\com.st.stm32cube.common.mx_6.9.1.202307191849\\db\/mcu/
2023-12-08 08:46:18,515 [INFO] ApiDb:274 - Set plugin database path to: C:\ST\STM32CubeIDE_1.13.1\STM32CubeIDE\plugins\com.st.stm32cube.common.mx_6.9.1.202307191849\\db\/plugins/boardmanager/
2023-12-08 08:46:18,516 [INFO] ApiDb:261 - Set plugin images path to: C:\ST\STM32CubeIDE_1.13.1\STM32CubeIDE\plugins\com.st.stm32cube.common.mx_6.9.1.202307191849\\db\/plugins/mcufinder/images/
2023-12-08 08:46:18,517 [WARN] DbFile:41 - Overriding database path with different value: C:\Users\green\.stmcufinder\plugins\mcufinder/ => C:\Users\green\.stmcufinder\plugins\mcufinder
2023-12-08 08:46:18,517 [INFO] ApiDb:250 - Set database path to: C:\Users\green\.stmcufinder\plugins\mcufinder//mcu/
2023-12-08 08:46:18,517 [WARN] DbFile:41 - Overriding database path with different value: C:\Users\green\.stmcufinder\plugins\mcufinder/ => C:\Users\green\.stmcufinder\plugins\mcufinder
2023-12-08 08:46:18,517 [INFO] DbMcusAds:125 - Set database path to: C:\Users\green\.stmcufinder\plugins\mcufinder//mcu/
2023-12-08 08:46:18,518 [WARN] DbFile:41 - Overriding database path with different value: C:\Users\green\.stmcufinder\plugins\mcufinder/ => C:\Users\green\.stmcufinder\plugins\mcufinder
2023-12-08 08:46:18,518 [WARN] DbFile:41 - Overriding database path with different value: C:\Users\green\.stmcufinder\plugins\mcufinder/ => C:\Users\green\.stmcufinder\plugins\mcufinder
2023-12-08 08:46:18,518 [INFO] CrossReferenceDbSqlite:203 - Set database path to: C:\Users\green\.stmcufinder\plugins\mcufinder//mcu/cs/
2023-12-08 08:46:18,557 [INFO] ApplicationProperties:184 - Using Application install path: C:\ST\STM32CubeIDE_1.13.1\STM32CubeIDE\plugins\com.st.stm32cube.common.mx_6.9.1.202307191849
2023-12-08 08:46:18,560 [INFO] PluginManage:196 - Search for loadable plugins [exclusion list=, ]
2023-12-08 08:46:18,563 [INFO] PluginManage:310 - Check plugin analytics
2023-12-08 08:46:18,985 [INFO] AnalyticsPlugin:253 - Accepted Software Licenses: 
2023-12-08 08:46:18,985 [INFO] AnalyticsPlugin:255 - Accepted CMSIS Pack Licenses: 
2023-12-08 08:46:18,985 [INFO] AnalyticsPlugin:257 - Accepted Firmware Licenses: 
2023-12-08 08:46:18,990 [INFO] PluginManage:359 - Loaded plugin analytics (category:tool,tabindex:-1)
2023-12-08 08:46:18,991 [INFO] PluginManage:310 - Check plugin cadmodel
2023-12-08 08:46:19,018 [INFO] CADModel:105 - Init CAD model plugin
2023-12-08 08:46:19,018 [INFO] PluginManage:359 - Loaded plugin cadmodel (category:power,tabindex:5)
2023-12-08 08:46:19,019 [INFO] PluginManage:310 - Check plugin clock
2023-12-08 08:46:19,055 [INFO] PluginManage:359 - Loaded plugin clock (category:base,tabindex:2)
2023-12-08 08:46:19,055 [INFO] PluginManage:310 - Check plugin ddr
2023-12-08 08:46:19,060 [INFO] PluginManage:359 - Loaded plugin ddr (category:tool,tabindex:6)
2023-12-08 08:46:19,060 [INFO] PluginManage:310 - Check plugin filemanager
2023-12-08 08:46:19,330 [INFO] PluginManage:359 - Loaded plugin filemanager (category:base,tabindex:10)
2023-12-08 08:46:19,330 [INFO] PluginManage:310 - Check plugin ipmanager
2023-12-08 08:46:19,343 [INFO] PluginManage:359 - Loaded plugin ipmanager (category:base,tabindex:5)
2023-12-08 08:46:19,343 [INFO] PluginManage:310 - Check plugin lpbam
2023-12-08 08:46:19,378 [INFO] PluginManage:359 - Loaded plugin lpbam (category:base,tabindex:0)
2023-12-08 08:46:19,378 [INFO] PluginManage:310 - Check plugin memorymap
2023-12-08 08:46:19,424 [INFO] PluginManage:359 - Loaded plugin memorymap (category:base,tabindex:4)
2023-12-08 08:46:19,424 [INFO] PluginManage:310 - Check plugin pinoutandconfiguration
2023-12-08 08:46:19,456 [INFO] PluginManage:359 - Loaded plugin pinoutandconfiguration (category:base,tabindex:1)
2023-12-08 08:46:19,456 [INFO] PluginManage:310 - Check plugin pinoutconfig
2023-12-08 08:46:19,663 [WARN] SupportedApi:132 - Cannot load RTOS API schema: s4s-elt-must-match.1: The content of 'definitions' must match (annotation?, (simpleType | complexType)?, (unique | key | keyref)*)). A problem was found starting at: attribute.
2023-12-08 08:46:19,944 [INFO] PluginManage:359 - Loaded plugin pinoutconfig (category:base,tabindex:0)
2023-12-08 08:46:19,944 [INFO] PluginManage:310 - Check plugin power
2023-12-08 08:46:19,990 [INFO] PluginManage:359 - Loaded plugin power (category:power,tabindex:4)
2023-12-08 08:46:19,990 [INFO] PluginManage:310 - Check plugin projectmanager
2023-12-08 08:46:20,040 [INFO] PluginManage:359 - Loaded plugin projectmanager (category:projectmanager,tabindex:3)
2023-12-08 08:46:20,040 [INFO] PluginManage:310 - Check plugin thirdparty
2023-12-08 08:46:20,505 [INFO] PluginManage:359 - Loaded plugin thirdparty (category:base,tabindex:-1)
2023-12-08 08:46:20,505 [INFO] PluginManage:310 - Check plugin tools
2023-12-08 08:46:20,506 [WARN] IntegrityCheckThread:84 - waiting for thirdparty lock release [integrity check]
2023-12-08 08:46:20,506 [INFO] IntegrityCheckThread:86 - entering critical section [integrity check]
2023-12-08 08:46:20,507 [INFO] ThirdPartyUpdaterWithRetryManager:70 - Updater plugin not ready yet. [1/15]
2023-12-08 08:46:20,548 [INFO] PluginManage:359 - Loaded plugin tools (category:base,tabindex:7)
2023-12-08 08:46:20,548 [INFO] PluginManage:310 - Check plugin tutovideos
2023-12-08 08:46:21,039 [INFO] PluginManage:359 - Loaded plugin tutovideos (category:base,tabindex:-1)
2023-12-08 08:46:21,039 [INFO] PluginManage:310 - Check plugin updater
2023-12-08 08:46:21,065 [INFO] PluginManage:359 - Loaded plugin updater (category:base,tabindex:12)
2023-12-08 08:46:21,065 [INFO] PluginManage:310 - Check plugin userauth
2023-12-08 08:46:21,072 [INFO] UserAuth:113 - Init User Auth plugin
2023-12-08 08:46:21,072 [INFO] PluginManage:359 - Loaded plugin userauth (category:base,tabindex:14)
2023-12-08 08:46:21,072 [INFO] PluginManage:283 - PluginManage : Loaded plugins [17]
2023-12-08 08:46:21,447 [INFO] PinOutPanel:1499 - setPackage(No Configuration,No Configuration)
2023-12-08 08:46:21,676 [INFO] CADModel:165 - CPN selected for project level
2023-12-08 08:46:21,676 [INFO] CADModel:114 - Register for checkConnection events
2023-12-08 08:46:21,746 [INFO] IPUIPlugin:80 - create IPUIPlugin
2023-12-08 08:46:21,747 [INFO] PluginManager:220 - loadIPPluginJar : add adc
2023-12-08 08:46:21,796 [INFO] IPUIPlugin:80 - create IPUIPlugin
2023-12-08 08:46:21,798 [INFO] PluginManager:220 - loadIPPluginJar : add aes
2023-12-08 08:46:21,848 [INFO] IPUIPlugin:80 - create IPUIPlugin
2023-12-08 08:46:21,848 [INFO] PluginManager:220 - loadIPPluginJar : add can
2023-12-08 08:46:21,881 [INFO] IPUIPlugin:80 - create IPUIPlugin
2023-12-08 08:46:21,881 [INFO] PluginManager:220 - loadIPPluginJar : add comp
2023-12-08 08:46:21,925 [INFO] IPUIPlugin:80 - create IPUIPlugin
2023-12-08 08:46:21,925 [INFO] PluginManager:220 - loadIPPluginJar : add cryp
2023-12-08 08:46:21,987 [INFO] IPUIPlugin:80 - create IPUIPlugin
2023-12-08 08:46:21,987 [INFO] PluginManager:220 - loadIPPluginJar : add dfsdm
2023-12-08 08:46:22,016 [INFO] IPUIPlugin:80 - create IPUIPlugin
2023-12-08 08:46:22,018 [INFO] PluginManager:220 - loadIPPluginJar : add dma
2023-12-08 08:46:22,107 [INFO] IPUIPlugin:80 - create IPUIPlugin
2023-12-08 08:46:22,107 [INFO] PluginManager:220 - loadIPPluginJar : add dma3
2023-12-08 08:46:22,149 [INFO] IPUIPlugin:80 - create IPUIPlugin
2023-12-08 08:46:22,150 [INFO] PluginManager:220 - loadIPPluginJar : add fatfs
2023-12-08 08:46:22,240 [INFO] IPUIPlugin:80 - create IPUIPlugin
2023-12-08 08:46:22,240 [INFO] PluginManager:220 - loadIPPluginJar : add fmc
2023-12-08 08:46:22,266 [INFO] IPUIPlugin:80 - create IPUIPlugin
2023-12-08 08:46:22,266 [INFO] PluginManager:220 - loadIPPluginJar : add freertos
2023-12-08 08:46:22,310 [INFO] IPUIPlugin:80 - create IPUIPlugin
2023-12-08 08:46:22,310 [INFO] PluginManager:220 - loadIPPluginJar : add genericplugin
2023-12-08 08:46:22,459 [INFO] IPUIPlugin:80 - create IPUIPlugin
2023-12-08 08:46:22,459 [INFO] PluginManager:220 - loadIPPluginJar : add gfxmmu
2023-12-08 08:46:22,689 [INFO] IPUIPlugin:80 - create IPUIPlugin
2023-12-08 08:46:22,689 [INFO] PluginManager:220 - loadIPPluginJar : add gic
2023-12-08 08:46:22,718 [INFO] IPUIPlugin:80 - create IPUIPlugin
2023-12-08 08:46:22,718 [INFO] PluginManager:220 - loadIPPluginJar : add gpio
2023-12-08 08:46:22,890 [INFO] IPUIPlugin:80 - create IPUIPlugin
2023-12-08 08:46:22,890 [INFO] PluginManager:220 - loadIPPluginJar : add gtzc
2023-12-08 08:46:22,937 [INFO] IPUIPlugin:80 - create IPUIPlugin
2023-12-08 08:46:22,937 [INFO] PluginManager:220 - loadIPPluginJar : add hash
2023-12-08 08:46:23,004 [INFO] IPUIPlugin:80 - create IPUIPlugin
2023-12-08 08:46:23,004 [INFO] PluginManager:220 - loadIPPluginJar : add i2c
2023-12-08 08:46:23,042 [INFO] IPUIPlugin:80 - create IPUIPlugin
2023-12-08 08:46:23,042 [INFO] PluginManager:220 - loadIPPluginJar : add i2s
2023-12-08 08:46:23,090 [INFO] IPUIPlugin:80 - create IPUIPlugin
2023-12-08 08:46:23,090 [INFO] PluginManager:220 - loadIPPluginJar : add i3c
2023-12-08 08:46:23,234 [INFO] IPUIPlugin:80 - create IPUIPlugin
2023-12-08 08:46:23,234 [INFO] PluginManager:220 - loadIPPluginJar : add ipddr
2023-12-08 08:46:23,436 [INFO] IPUIPlugin:80 - create IPUIPlugin
2023-12-08 08:46:23,436 [INFO] PluginManager:220 - loadIPPluginJar : add linkedlist
2023-12-08 08:46:23,483 [INFO] IPUIPlugin:80 - create IPUIPlugin
2023-12-08 08:46:23,483 [INFO] PluginManager:220 - loadIPPluginJar : add lorawan
2023-12-08 08:46:23,514 [INFO] ThirdPartyUpdaterWithRetryManager:70 - Updater plugin not ready yet. [2/15]
2023-12-08 08:46:23,549 [INFO] IPUIPlugin:80 - create IPUIPlugin
2023-12-08 08:46:23,549 [INFO] PluginManager:220 - loadIPPluginJar : add ltdc
2023-12-08 08:46:23,586 [INFO] IPUIPlugin:80 - create IPUIPlugin
2023-12-08 08:46:23,589 [INFO] PluginManager:220 - loadIPPluginJar : add mdma
2023-12-08 08:46:23,607 [INFO] IPUIPlugin:80 - create IPUIPlugin
2023-12-08 08:46:23,607 [INFO] PluginManager:220 - loadIPPluginJar : add nvic
2023-12-08 08:46:23,681 [INFO] IPUIPlugin:80 - create IPUIPlugin
2023-12-08 08:46:23,681 [INFO] PluginManager:220 - loadIPPluginJar : add opamp
2023-12-08 08:46:23,790 [INFO] IPUIPlugin:80 - create IPUIPlugin
2023-12-08 08:46:23,790 [INFO] PluginManager:220 - loadIPPluginJar : add openamp
2023-12-08 08:46:23,876 [INFO] IPUIPlugin:80 - create IPUIPlugin
2023-12-08 08:46:23,876 [INFO] PluginManager:220 - loadIPPluginJar : add pdm2pcm
2023-12-08 08:46:23,898 [INFO] IPUIPlugin:80 - create IPUIPlugin
2023-12-08 08:46:23,906 [INFO] PluginManager:220 - loadIPPluginJar : add plateformsettings
2023-12-08 08:46:23,941 [INFO] IPUIPlugin:80 - create IPUIPlugin
2023-12-08 08:46:23,941 [INFO] PluginManager:220 - loadIPPluginJar : add quadspi
2023-12-08 08:46:23,969 [INFO] IPUIPlugin:80 - create IPUIPlugin
2023-12-08 08:46:23,969 [INFO] PluginManager:220 - loadIPPluginJar : add resmgrutility
2023-12-08 08:46:24,054 [INFO] IPUIPlugin:80 - create IPUIPlugin
2023-12-08 08:46:24,054 [INFO] PluginManager:220 - loadIPPluginJar : add sai
2023-12-08 08:46:24,107 [INFO] IPUIPlugin:80 - create IPUIPlugin
2023-12-08 08:46:24,107 [INFO] PluginManager:220 - loadIPPluginJar : add spi
2023-12-08 08:46:24,183 [INFO] IPUIPlugin:80 - create IPUIPlugin
2023-12-08 08:46:24,183 [INFO] PluginManager:220 - loadIPPluginJar : add stm32_wpan
2023-12-08 08:46:24,212 [INFO] IPUIPlugin:80 - create IPUIPlugin
2023-12-08 08:46:24,212 [INFO] PluginManager:220 - loadIPPluginJar : add tim
2023-12-08 08:46:24,316 [INFO] IPUIPlugin:80 - create IPUIPlugin
2023-12-08 08:46:24,316 [INFO] PluginManager:220 - loadIPPluginJar : add touchsensing
2023-12-08 08:46:24,355 [INFO] IPUIPlugin:80 - create IPUIPlugin
2023-12-08 08:46:24,355 [INFO] PluginManager:220 - loadIPPluginJar : add tracer_emb
2023-12-08 08:46:24,397 [INFO] IPUIPlugin:80 - create IPUIPlugin
2023-12-08 08:46:24,397 [INFO] PluginManager:220 - loadIPPluginJar : add ts
2023-12-08 08:46:24,432 [INFO] IPUIPlugin:80 - create IPUIPlugin
2023-12-08 08:46:24,432 [INFO] PluginManager:220 - loadIPPluginJar : add tsc
2023-12-08 08:46:24,477 [INFO] IPUIPlugin:80 - create IPUIPlugin
2023-12-08 08:46:24,477 [INFO] PluginManager:220 - loadIPPluginJar : add ucpd
2023-12-08 08:46:24,548 [INFO] IPUIPlugin:80 - create IPUIPlugin
2023-12-08 08:46:24,548 [INFO] PluginManager:220 - loadIPPluginJar : add usart
2023-12-08 08:46:24,616 [INFO] IPUIPlugin:80 - create IPUIPlugin
2023-12-08 08:46:24,616 [INFO] PluginManager:220 - loadIPPluginJar : add usbx
2023-12-08 08:46:24,793 [INFO] CADModel:165 - CPN selected for project level
2023-12-08 08:46:24,793 [INFO] CADModel:114 - Register for checkConnection events
2023-12-08 08:46:24,794 [FATAL] Updater:308 - Updater called before beeing initialized
2023-12-08 08:46:24,796 [ERROR] CADModel:125 - Updater not yet initialized, retry later 
2023-12-08 08:46:25,366 [INFO] CADModel:165 - CPN selected for project level
2023-12-08 08:46:25,366 [INFO] CADModel:114 - Register for checkConnection events
2023-12-08 08:46:25,366 [FATAL] Updater:308 - Updater called before beeing initialized
2023-12-08 08:46:25,366 [ERROR] CADModel:125 - Updater not yet initialized, retry later 
2023-12-08 08:46:25,372 [FATAL] Updater:308 - Updater called before beeing initialized
2023-12-08 08:46:25,566 [FATAL] Updater:308 - Updater called before beeing initialized
2023-12-08 08:46:25,586 [INFO] DbMcusAds:53 - JSON generation date=Tue Mar 07 10:50:55 EET 2023 (1678179055335)
2023-12-08 08:46:25,586 [FATAL] Updater:308 - Updater called before beeing initialized
2023-12-08 08:46:25,795 [WARN] DetailPanel:346 - Failed to get advertising image, set to default
2023-12-08 08:46:26,051 [FATAL] Updater:308 - Updater called before beeing initialized
2023-12-08 08:46:26,056 [FATAL] Updater:308 - Updater called before beeing initialized
2023-12-08 08:46:26,056 [FATAL] Updater:308 - Updater called before beeing initialized
2023-12-08 08:46:26,056 [WARN] DetailPanel:346 - Failed to get advertising image, set to default
2023-12-08 08:46:26,056 [FATAL] Updater:308 - Updater called before beeing initialized
2023-12-08 08:46:26,144 [ERROR] Updater:1120 - MainUpdater not yet initialized. External WinMGr cannot be set.
2023-12-08 08:46:26,153 [INFO] Updater:1056 - Updater Version found : 6.9.1
2023-12-08 08:46:26,177 [INFO] ApplicationProperties:184 - Using Application install path: C:\ST\STM32CubeIDE_1.13.1\STM32CubeIDE\plugins\com.st.stm32cube.common.mx_6.9.1.202307191849
2023-12-08 08:46:26,486 [INFO] MainUpdater:2868 - connection check result : 10
2023-12-08 08:46:26,486 [INFO] MainUpdater:3562 - Updater definition file requires update
2023-12-08 08:46:26,488 [INFO] MainUpdater:285 - Updater Check For Update Now.
2023-12-08 08:46:26,488 [INFO] MicroXplorer:498 - Change Database Version : DB.6.0.91
2023-12-08 08:46:26,514 [INFO] McuFinderGlobals:63 - Set McuFinder mode to 2 (CubeIDE integrated)
2023-12-08 08:46:26,517 [WARN] MainUpdater:1189 - Updater busy. Cannot search thirdparties
2023-12-08 08:46:26,518 [INFO] ThirdPartyUpdaterWithRetryManager:96 - Updater plugin is busy. [1/15]
2023-12-08 08:46:26,545 [INFO] ServerAccessManage:473 - Download File updaters.zip
2023-12-08 08:46:26,684 [INFO] FileExtend:240 - Unzip File : updaters.zip
2023-12-08 08:46:26,684 [INFO] FileExtend:255 - Standard Zip Deflate
2023-12-08 08:46:27,333 [INFO] ServerAccessManage:473 - Download File PacksControlFlags.xml
2023-12-08 08:46:27,459 [INFO] ServerAccessManage:473 - Download File cubemx.pidx
2023-12-08 08:46:28,088 [INFO] ServerAccessManage:473 - Download File STMicroelectronics.FP-SNS-MOTENVWB1.pdsc
2023-12-08 08:46:28,813 [INFO] ServerAccessManage:473 - Download File STMicroelectronics.X-CUBE-ISPU.pdsc
2023-12-08 08:46:29,520 [WARN] MainUpdater:1189 - Updater busy. Cannot search thirdparties
2023-12-08 08:46:29,520 [INFO] ThirdPartyUpdaterWithRetryManager:96 - Updater plugin is busy. [2/15]
2023-12-08 08:46:29,593 [INFO] ServerAccessManage:473 - Download File STMicroelectronics.X-CUBE-AZRTOS-H7.pdsc
2023-12-08 08:46:31,414 [ERROR] ServerAccessManage:1096 - Problem, Http access forbiden
2023-12-08 08:46:31,416 [ERROR] ServerAccessManage:651 - Problem, Http access forbiden : RoweBots.I-CUBE-UNISONRTOS.pdsc.
2023-12-08 08:46:31,711 [WARN] PackLoader:240 - Cannot read IP mode file for STMicroelectronics.FP-SNS-MOTENVWB1.1.3.1
2023-12-08 08:46:31,730 [WARN] PackLoader:240 - Cannot read IP mode file for STMicroelectronics.X-CUBE-ISPU.2.0.0
2023-12-08 08:46:31,812 [WARN] PackLoader:240 - Cannot read IP mode file for STMicroelectronics.X-CUBE-AZRTOS-H7.3.2.0
2023-12-08 08:46:31,824 [INFO] PopulateThirdPartyThread:66 - Ending populate Thread
2023-12-08 08:46:31,825 [INFO] ThirdParty:1030 - CMSIS Pack Vendor :STMicroelectronics FP-SNS-MOTENVWB1 1.3.1
2023-12-08 08:46:31,825 [INFO] ThirdParty:1030 - CMSIS Pack Vendor :STMicroelectronics X-CUBE-AZRTOS-H7 3.2.0
2023-12-08 08:46:31,826 [INFO] ThirdParty:1030 - CMSIS Pack Vendor :STMicroelectronics X-CUBE-ISPU 2.0.0
2023-12-08 08:46:31,826 [INFO] LoadServerUpdatesThread:373 - End of LoadServerUpdate Thread
2023-12-08 08:46:31,950 [INFO] CheckServerUpdateThread:120 - End of CheckServer Thread
2023-12-08 08:46:32,795 [WARN] PackLoader:240 - Cannot read IP mode file for STMicroelectronics.X-CUBE-SMBUS.2.1.0
2023-12-08 08:46:32,858 [WARN] PackLoader:240 - Cannot read IP mode file for STMicroelectronics.X-CUBE-AZRTOS-F7.1.1.0
2023-12-08 08:46:32,889 [WARN] PackLoader:240 - Cannot read IP mode file for STMicroelectronics.FP-SNS-MOTENV1.4.3.2
2023-12-08 08:46:32,902 [WARN] PackLoader:240 - Cannot read IP mode file for STMicroelectronics.FP-SNS-FLIGHT1.5.0.2
2023-12-08 08:46:32,925 [WARN] PackLoader:240 - Cannot read IP mode file for STMicroelectronics.X-CUBE-DISPLAY.3.0.0
2023-12-08 08:46:32,956 [WARN] PackLoader:240 - Cannot read IP mode file for STMicroelectronics.X-CUBE-BLE1.7.0.0
2023-12-08 08:46:32,972 [WARN] PackLoader:240 - Cannot read IP mode file for emotas.I-CUBE-CANOPEN.1.3.0
2023-12-08 08:46:32,988 [WARN] PackLoader:240 - Cannot read IP mode file for STMicroelectronics.X-CUBE-TOUCHGFX.4.22.0
2023-12-08 08:46:33,002 [WARN] PackLoader:240 - Cannot read IP mode file for STMicroelectronics.X-CUBE-TOUCHGFX.4.22.1
2023-12-08 08:46:33,017 [WARN] PackLoader:240 - Cannot read IP mode file for STMicroelectronics.FP-SNS-SMARTAG2.1.2.0
2023-12-08 08:46:33,054 [INFO] LogOutputStream:77 - [STDOUT_REDIRECT] 1 : Invalid condition id : UX_CORESTACK_Condition cause : null
2023-12-08 08:46:33,055 [INFO] LogOutputStream:77 - [STDOUT_REDIRECT] 1 : Invalid condition id : UX_CORESTACK_Condition cause : null
2023-12-08 08:46:33,057 [INFO] LogOutputStream:77 - [STDOUT_REDIRECT] 1 : Invalid condition id : UX_CORESTACK_Condition cause : null
2023-12-08 08:46:33,059 [INFO] LogOutputStream:77 - [STDOUT_REDIRECT] 1 : Invalid condition id : UX_CORESTACK_Condition cause : null
2023-12-08 08:46:33,061 [INFO] LogOutputStream:77 - [STDOUT_REDIRECT] 1 : Invalid condition id : UX_CORESTACK_Condition cause : null
2023-12-08 08:46:33,070 [WARN] PackLoader:240 - Cannot read IP mode file for STMicroelectronics.X-CUBE-AZRTOS-WL.2.0.0
2023-12-08 08:46:33,093 [WARN] PackLoader:240 - Cannot read IP mode file for WES.I-CUBE-Cesium.1.3.0
2023-12-08 08:46:33,115 [WARN] PackLoader:240 - Cannot read IP mode file for STMicroelectronics.X-CUBE-BLE2.3.3.0
2023-12-08 08:46:33,139 [WARN] PackLoader:240 - Cannot read IP mode file for STMicroelectronics.X-CUBE-ALGOBUILD.1.3.0
2023-12-08 08:46:33,183 [WARN] PackLoader:240 - Cannot read IP mode file for STMicroelectronics.X-CUBE-AZRTOS-G0.1.1.0
2023-12-08 08:46:33,206 [WARN] PackLoader:240 - Cannot read IP mode file for STMicroelectronics.X-CUBE-NFC4.3.0.0
2023-12-08 08:46:33,239 [WARN] PackLoader:240 - Cannot read IP mode file for STMicroelectronics.X-CUBE-BLEMGR.3.0.0
2023-12-08 08:46:33,252 [WARN] PackLoader:240 - Cannot read IP mode file for STMicroelectronics.FP-ATR-SIGFOX1.3.2.0
2023-12-08 08:46:33,321 [WARN] PackLoader:240 - Cannot read IP mode file for SEGGER.I-CUBE-embOS.1.3.1
2023-12-08 08:46:33,426 [WARN] PackLoader:240 - Cannot read IP mode file for STMicroelectronics.X-CUBE-GNSS1.6.0.0
2023-12-08 08:46:33,486 [WARN] PackLoader:240 - Cannot read IP mode file for STMicroelectronics.X-CUBE-AZRTOS-F4.1.1.0
2023-12-08 08:46:33,510 [WARN] PackLoader:240 - Cannot read IP mode file for wolfSSL.I-CUBE-wolfSSL.5.6.3
2023-12-08 08:46:33,566 [WARN] PackLoader:240 - Cannot read IP mode file for STMicroelectronics.X-CUBE-AZRTOS-L5.2.0.0
2023-12-08 08:46:33,682 [WARN] PackLoader:240 - Cannot read IP mode file for STMicroelectronics.X-CUBE-MEMS1.9.6.0
2023-12-08 08:46:33,991 [WARN] PackLoader:240 - Cannot read IP mode file for STMicroelectronics.X-CUBE-EEPRMA1.4.2.0
2023-12-08 08:46:34,007 [WARN] PackLoader:240 - Cannot read IP mode file for ITTIA_DB.I-CUBE-ITTIADB.8.8.0
2023-12-08 08:46:34,028 [WARN] PackLoader:240 - Cannot read IP mode file for STMicroelectronics.X-CUBE-BLEMGR.2.0.0
2023-12-08 08:46:34,086 [WARN] ConditionMgr:438 - getConditionDescription Invalid condition id : UX DEVICE CLASS RTOS Condition cause : null
2023-12-08 08:46:34,086 [WARN] ConditionMgr:438 - getConditionDescription Invalid condition id : UX DEVICE CLASS RTOS Condition cause : null
2023-12-08 08:46:34,092 [WARN] PackLoader:240 - Cannot read IP mode file for STMicroelectronics.X-CUBE-AZRTOS-H7.3.1.0
2023-12-08 08:46:34,094 [WARN] ConditionMgr:1039 - genDependencies : Invalid condition id : UX DEVICE CLASS RTOS Condition cause : null
2023-12-08 08:46:34,094 [WARN] ConditionMgr:1039 - genDependencies : Invalid condition id : UX DEVICE CLASS RTOS Condition cause : null
2023-12-08 08:46:34,095 [WARN] ConditionMgr:1039 - genDependencies : Invalid condition id : UX DEVICE CLASS RTOS Condition cause : null
2023-12-08 08:46:34,096 [WARN] ConditionMgr:1039 - genDependencies : Invalid condition id : UX DEVICE CLASS RTOS Condition cause : null
2023-12-08 08:46:34,097 [WARN] ConditionMgr:1039 - genDependencies : Invalid condition id : UX DEVICE CLASS RTOS Condition cause : null
2023-12-08 08:46:34,119 [WARN] PackLoader:240 - Cannot read IP mode file for STMicroelectronics.X-CUBE-NFC7.1.0.1
2023-12-08 08:46:34,138 [WARN] PackLoader:240 - Cannot read IP mode file for STMicroelectronics.X-CUBE-NFC6.3.0.0
2023-12-08 08:46:34,162 [WARN] PackLoader:240 - Cannot read IP mode file for STMicroelectronics.X-CUBE-EEPRMA1.4.1.0
2023-12-08 08:46:34,178 [WARN] PackLoader:240 - Cannot read IP mode file for STMicroelectronics.X-CUBE-AI.8.1.0
2023-12-08 08:46:34,227 [WARN] ConditionMgr:438 - getConditionDescription Invalid condition id : LAN8742 Phy interface Condition cause : null
2023-12-08 08:46:34,229 [WARN] PackLoader:240 - Cannot read IP mode file for STMicroelectronics.X-CUBE-AZRTOS-L4.2.0.0
2023-12-08 08:46:34,231 [WARN] ConditionMgr:1039 - genDependencies : Invalid condition id : LAN8742 Phy interface Condition cause : null
2023-12-08 08:46:34,231 [WARN] ConditionMgr:1039 - genDependencies : Invalid condition id : LAN8742 Phy interface Condition cause : null
2023-12-08 08:46:34,232 [WARN] ConditionMgr:1039 - genDependencies : Invalid condition id : LAN8742 Phy interface Condition cause : null
2023-12-08 08:46:34,252 [WARN] PackLoader:240 - Cannot read IP mode file for STMicroelectronics.X-CUBE-SFXS2LP1.4.0.0
2023-12-08 08:46:34,267 [WARN] PackLoader:240 - Cannot read IP mode file for STMicroelectronics.X-CUBE-ISPU.1.1.0
2023-12-08 08:46:34,297 [WARN] ConditionMgr:438 - getConditionDescription Invalid condition id : UX DEVICE CLASS RTOS Condition cause : null
2023-12-08 08:46:34,297 [WARN] ConditionMgr:438 - getConditionDescription Invalid condition id : UX DEVICE CLASS RTOS Condition cause : null
2023-12-08 08:46:34,301 [WARN] PackLoader:240 - Cannot read IP mode file for STMicroelectronics.X-CUBE-AZRTOS-WB.2.0.0
2023-12-08 08:46:34,302 [WARN] ConditionMgr:1039 - genDependencies : Invalid condition id : UX DEVICE CLASS RTOS Condition cause : null
2023-12-08 08:46:34,302 [WARN] ConditionMgr:1039 - genDependencies : Invalid condition id : UX DEVICE CLASS RTOS Condition cause : null
2023-12-08 08:46:34,302 [WARN] ConditionMgr:1039 - genDependencies : Invalid condition id : UX DEVICE CLASS RTOS Condition cause : null
2023-12-08 08:46:34,303 [WARN] ConditionMgr:1039 - genDependencies : Invalid condition id : UX DEVICE CLASS RTOS Condition cause : null
2023-12-08 08:46:34,303 [WARN] ConditionMgr:1039 - genDependencies : Invalid condition id : UX DEVICE CLASS RTOS Condition cause : null
2023-12-08 08:46:34,331 [WARN] PackLoader:240 - Cannot read IP mode file for STMicroelectronics.X-CUBE-SUBG2.5.0.0
2023-12-08 08:46:34,363 [WARN] PackLoader:240 - Cannot read IP mode file for STMicroelectronics.X-CUBE-TOF1.3.3.1
2023-12-08 08:46:34,399 [WARN] PackLoader:240 - Cannot read IP mode file for STMicroelectronics.X-CUBE-AZRTOS-G4.2.0.0
2023-12-08 08:46:34,427 [WARN] PackLoader:240 - Cannot read IP mode file for Infineon.AIROC-Wi-Fi-Bluetooth-STM32.1.5.1
2023-12-08 08:46:34,436 [WARN] PackLoader:240 - Cannot read IP mode file for STMicroelectronics.FP-SNS-MOTENVWB1.1.3.0
2023-12-08 08:46:34,441 [WARN] PackLoader:240 - Cannot read IP mode file for STMicroelectronics.FP-SNS-MOTENVWB1.1.3.1
2023-12-08 08:46:34,446 [WARN] PackLoader:240 - Cannot read IP mode file for STMicroelectronics.X-CUBE-ISPU.2.0.0
2023-12-08 08:46:34,514 [WARN] PackLoader:240 - Cannot read IP mode file for STMicroelectronics.X-CUBE-MEMS1.10.0.0
2023-12-08 08:46:34,683 [WARN] PackLoader:240 - Cannot read IP mode file for STMicroelectronics.X-CUBE-FREERTOS.1.1.0
2023-12-08 08:46:34,700 [WARN] PackLoader:240 - Cannot read IP mode file for portGmbH.I-Cube-SoM-uGOAL.1.1.0
2023-12-08 08:46:34,719 [WARN] PackLoader:240 - Cannot read IP mode file for STMicroelectronics.X-CUBE-ALS.1.0.1
2023-12-08 08:46:34,725 [WARN] PackLoader:240 - Cannot read IP mode file for STMicroelectronics.FP-ATR-ASTRA1.2.0.0
2023-12-08 08:46:34,752 [WARN] PackLoader:240 - Cannot read IP mode file for STMicroelectronics.X-CUBE-TOF1.3.4.0
2023-12-08 08:46:34,798 [WARN] PackLoader:240 - Cannot read IP mode file for STMicroelectronics.X-CUBE-AZRTOS-H7.3.2.0
2023-12-08 08:46:34,804 [INFO] ThirdParty:978 - Integrity check success = true
2023-12-08 08:46:34,804 [INFO] IntegrityCheckThread:100 - exiting critical section [integrity check]
2023-12-08 08:46:34,804 [INFO] IntegrityCheckThread:103 - End integrity checks thread
2023-12-08 08:46:48,394 [ERROR] LogOutputStream:75 - [STDERR_REDIRECT] SLF4J: Failed to load class "org.slf4j.impl.StaticLoggerBinder".
2023-12-08 08:46:48,394 [ERROR] LogOutputStream:75 - [STDERR_REDIRECT] SLF4J: Defaulting to no-operation (NOP) logger implementation
2023-12-08 08:46:48,397 [ERROR] LogOutputStream:75 - [STDERR_REDIRECT] SLF4J: See http://www.slf4j.org/codes.html#StaticLoggerBinder for further details.
2023-12-08 12:14:39,934 [INFO] Activator:176 - 


2023-12-08 12:14:39,937 [INFO] Activator:177 - !SESSION log4j initialized
2023-12-08 12:14:49,176 [INFO] LogOutputStream:77 - [STDOUT_REDIRECT] 
2023-12-08 12:14:51,105 [INFO] ApplicationProperties:184 - Using Application install path: C:\ST\STM32CubeIDE_1.13.1\STM32CubeIDE\plugins\com.st.stm32cube.common.mx_6.9.1.202307191849
2023-12-08 12:14:51,138 [INFO] DbMcusXml:78 - Set database path to: C:\ST\STM32CubeIDE_1.13.1\STM32CubeIDE\plugins\com.st.stm32cube.common.mx_6.9.1.202307191849\\db\/mcu/
2023-12-08 12:14:51,138 [INFO] ApiDb:274 - Set plugin database path to: C:\ST\STM32CubeIDE_1.13.1\STM32CubeIDE\plugins\com.st.stm32cube.common.mx_6.9.1.202307191849\\db\/plugins/boardmanager/
2023-12-08 12:14:51,138 [WARN] ApiDb:259 - Overriding images path with different value:  => C:\ST\STM32CubeIDE_1.13.1\STM32CubeIDE\plugins\com.st.stm32cube.common.mx_6.9.1.202307191849\\db\/plugins/mcufinder/images/
2023-12-08 12:14:51,156 [INFO] ApiDb:250 - Set database path to: C:\Users\green\.stmcufinder\plugins\mcufinder//mcu/
2023-12-08 12:14:51,158 [INFO] DbMcusAds:125 - Set database path to: C:\Users\green\.stmcufinder\plugins\mcufinder//mcu/
2023-12-08 12:14:51,161 [INFO] CrossReferenceDbSqlite:203 - Set database path to: C:\Users\green\.stmcufinder\plugins\mcufinder//mcu/cs/
2023-12-08 12:14:51,320 [INFO] RulesReader:64 - Compatibility file has been processed (293 Rules)
2023-12-08 12:14:51,452 [INFO] DbMcusXml:78 - Set database path to: C:\ST\STM32CubeIDE_1.13.1\STM32CubeIDE\plugins\com.st.stm32cube.common.mx_6.9.1.202307191849\\db\/mcu/
2023-12-08 12:14:51,452 [INFO] ApiDb:274 - Set plugin database path to: C:\ST\STM32CubeIDE_1.13.1\STM32CubeIDE\plugins\com.st.stm32cube.common.mx_6.9.1.202307191849\\db\/plugins/boardmanager/
2023-12-08 12:14:51,453 [INFO] ApiDb:261 - Set plugin images path to: C:\ST\STM32CubeIDE_1.13.1\STM32CubeIDE\plugins\com.st.stm32cube.common.mx_6.9.1.202307191849\\db\/plugins/mcufinder/images/
2023-12-08 12:14:51,453 [WARN] DbFile:41 - Overriding database path with different value: C:\Users\green\.stmcufinder\plugins\mcufinder/ => C:\Users\green\.stmcufinder\plugins\mcufinder
2023-12-08 12:14:51,454 [INFO] ApiDb:250 - Set database path to: C:\Users\green\.stmcufinder\plugins\mcufinder//mcu/
2023-12-08 12:14:51,454 [WARN] DbFile:41 - Overriding database path with different value: C:\Users\green\.stmcufinder\plugins\mcufinder/ => C:\Users\green\.stmcufinder\plugins\mcufinder
2023-12-08 12:14:51,454 [INFO] DbMcusAds:125 - Set database path to: C:\Users\green\.stmcufinder\plugins\mcufinder//mcu/
2023-12-08 12:14:51,454 [WARN] DbFile:41 - Overriding database path with different value: C:\Users\green\.stmcufinder\plugins\mcufinder/ => C:\Users\green\.stmcufinder\plugins\mcufinder
2023-12-08 12:14:51,454 [WARN] DbFile:41 - Overriding database path with different value: C:\Users\green\.stmcufinder\plugins\mcufinder/ => C:\Users\green\.stmcufinder\plugins\mcufinder
2023-12-08 12:14:51,455 [INFO] CrossReferenceDbSqlite:203 - Set database path to: C:\Users\green\.stmcufinder\plugins\mcufinder//mcu/cs/
2023-12-08 12:14:51,627 [INFO] MainPanel:262 - HeapMemory: 268435456
2023-12-08 12:14:51,882 [INFO] DbMcusXml:78 - Set database path to: C:\ST\STM32CubeIDE_1.13.1\STM32CubeIDE\plugins\com.st.stm32cube.common.mx_6.9.1.202307191849\\db\/mcu/
2023-12-08 12:14:51,882 [INFO] ApiDb:274 - Set plugin database path to: C:\ST\STM32CubeIDE_1.13.1\STM32CubeIDE\plugins\com.st.stm32cube.common.mx_6.9.1.202307191849\\db\/plugins/boardmanager/
2023-12-08 12:14:51,883 [INFO] ApiDb:261 - Set plugin images path to: C:\ST\STM32CubeIDE_1.13.1\STM32CubeIDE\plugins\com.st.stm32cube.common.mx_6.9.1.202307191849\\db\/plugins/mcufinder/images/
2023-12-08 12:14:51,885 [WARN] DbFile:41 - Overriding database path with different value: C:\Users\green\.stmcufinder\plugins\mcufinder/ => C:\Users\green\.stmcufinder\plugins\mcufinder
2023-12-08 12:14:51,885 [INFO] ApiDb:250 - Set database path to: C:\Users\green\.stmcufinder\plugins\mcufinder//mcu/
2023-12-08 12:14:51,886 [WARN] DbFile:41 - Overriding database path with different value: C:\Users\green\.stmcufinder\plugins\mcufinder/ => C:\Users\green\.stmcufinder\plugins\mcufinder
2023-12-08 12:14:51,886 [INFO] DbMcusAds:125 - Set database path to: C:\Users\green\.stmcufinder\plugins\mcufinder//mcu/
2023-12-08 12:14:51,886 [WARN] DbFile:41 - Overriding database path with different value: C:\Users\green\.stmcufinder\plugins\mcufinder/ => C:\Users\green\.stmcufinder\plugins\mcufinder
2023-12-08 12:14:51,887 [WARN] DbFile:41 - Overriding database path with different value: C:\Users\green\.stmcufinder\plugins\mcufinder/ => C:\Users\green\.stmcufinder\plugins\mcufinder
2023-12-08 12:14:51,888 [INFO] CrossReferenceDbSqlite:203 - Set database path to: C:\Users\green\.stmcufinder\plugins\mcufinder//mcu/cs/
2023-12-08 12:14:51,961 [INFO] ApplicationProperties:184 - Using Application install path: C:\ST\STM32CubeIDE_1.13.1\STM32CubeIDE\plugins\com.st.stm32cube.common.mx_6.9.1.202307191849
2023-12-08 12:14:51,967 [INFO] PluginManage:196 - Search for loadable plugins [exclusion list=, ]
2023-12-08 12:14:51,973 [INFO] PluginManage:310 - Check plugin analytics
2023-12-08 12:14:52,449 [INFO] AnalyticsPlugin:253 - Accepted Software Licenses: 
2023-12-08 12:14:52,449 [INFO] AnalyticsPlugin:255 - Accepted CMSIS Pack Licenses: 
2023-12-08 12:14:52,449 [INFO] AnalyticsPlugin:257 - Accepted Firmware Licenses: 
2023-12-08 12:14:52,453 [INFO] PluginManage:359 - Loaded plugin analytics (category:tool,tabindex:-1)
2023-12-08 12:14:52,456 [INFO] PluginManage:310 - Check plugin cadmodel
2023-12-08 12:14:52,463 [INFO] CADModel:105 - Init CAD model plugin
2023-12-08 12:14:52,464 [INFO] PluginManage:359 - Loaded plugin cadmodel (category:power,tabindex:5)
2023-12-08 12:14:52,464 [INFO] PluginManage:310 - Check plugin clock
2023-12-08 12:14:52,478 [INFO] PluginManage:359 - Loaded plugin clock (category:base,tabindex:2)
2023-12-08 12:14:52,478 [INFO] PluginManage:310 - Check plugin ddr
2023-12-08 12:14:52,482 [INFO] PluginManage:359 - Loaded plugin ddr (category:tool,tabindex:6)
2023-12-08 12:14:52,482 [INFO] PluginManage:310 - Check plugin filemanager
2023-12-08 12:14:52,696 [INFO] PluginManage:359 - Loaded plugin filemanager (category:base,tabindex:10)
2023-12-08 12:14:52,696 [INFO] PluginManage:310 - Check plugin ipmanager
2023-12-08 12:14:52,711 [INFO] PluginManage:359 - Loaded plugin ipmanager (category:base,tabindex:5)
2023-12-08 12:14:52,711 [INFO] PluginManage:310 - Check plugin lpbam
2023-12-08 12:14:52,730 [INFO] PluginManage:359 - Loaded plugin lpbam (category:base,tabindex:0)
2023-12-08 12:14:52,730 [INFO] PluginManage:310 - Check plugin memorymap
2023-12-08 12:14:52,754 [INFO] PluginManage:359 - Loaded plugin memorymap (category:base,tabindex:4)
2023-12-08 12:14:52,754 [INFO] PluginManage:310 - Check plugin pinoutandconfiguration
2023-12-08 12:14:52,768 [INFO] PluginManage:359 - Loaded plugin pinoutandconfiguration (category:base,tabindex:1)
2023-12-08 12:14:52,769 [INFO] PluginManage:310 - Check plugin pinoutconfig
2023-12-08 12:14:52,908 [WARN] SupportedApi:132 - Cannot load RTOS API schema: s4s-elt-must-match.1: The content of 'definitions' must match (annotation?, (simpleType | complexType)?, (unique | key | keyref)*)). A problem was found starting at: attribute.
2023-12-08 12:14:53,120 [INFO] PluginManage:359 - Loaded plugin pinoutconfig (category:base,tabindex:0)
2023-12-08 12:14:53,120 [INFO] PluginManage:310 - Check plugin power
2023-12-08 12:14:53,170 [INFO] PluginManage:359 - Loaded plugin power (category:power,tabindex:4)
2023-12-08 12:14:53,170 [INFO] PluginManage:310 - Check plugin projectmanager
2023-12-08 12:14:53,212 [INFO] PluginManage:359 - Loaded plugin projectmanager (category:projectmanager,tabindex:3)
2023-12-08 12:14:53,212 [INFO] PluginManage:310 - Check plugin thirdparty
2023-12-08 12:14:53,694 [INFO] PluginManage:359 - Loaded plugin thirdparty (category:base,tabindex:-1)
2023-12-08 12:14:53,695 [INFO] PluginManage:310 - Check plugin tools
2023-12-08 12:14:53,700 [INFO] PluginManage:359 - Loaded plugin tools (category:base,tabindex:7)
2023-12-08 12:14:53,704 [INFO] PluginManage:310 - Check plugin tutovideos
2023-12-08 12:14:53,705 [WARN] IntegrityCheckThread:84 - waiting for thirdparty lock release [integrity check]
2023-12-08 12:14:53,706 [INFO] IntegrityCheckThread:86 - entering critical section [integrity check]
2023-12-08 12:14:53,707 [INFO] ThirdPartyUpdaterWithRetryManager:70 - Updater plugin not ready yet. [1/15]
2023-12-08 12:14:54,465 [INFO] PluginManage:359 - Loaded plugin tutovideos (category:base,tabindex:-1)
2023-12-08 12:14:54,465 [INFO] PluginManage:310 - Check plugin updater
2023-12-08 12:14:54,518 [INFO] PluginManage:359 - Loaded plugin updater (category:base,tabindex:12)
2023-12-08 12:14:54,518 [INFO] PluginManage:310 - Check plugin userauth
2023-12-08 12:14:54,534 [INFO] UserAuth:113 - Init User Auth plugin
2023-12-08 12:14:54,534 [INFO] PluginManage:359 - Loaded plugin userauth (category:base,tabindex:14)
2023-12-08 12:14:54,536 [INFO] PluginManage:283 - PluginManage : Loaded plugins [17]
2023-12-08 12:14:55,228 [INFO] PinOutPanel:1499 - setPackage(No Configuration,No Configuration)
2023-12-08 12:14:55,520 [INFO] CADModel:165 - CPN selected for project level
2023-12-08 12:14:55,521 [INFO] CADModel:114 - Register for checkConnection events
2023-12-08 12:14:55,564 [INFO] IPUIPlugin:80 - create IPUIPlugin
2023-12-08 12:14:55,565 [INFO] PluginManager:220 - loadIPPluginJar : add adc
2023-12-08 12:14:55,571 [INFO] IPUIPlugin:80 - create IPUIPlugin
2023-12-08 12:14:55,571 [INFO] PluginManager:220 - loadIPPluginJar : add aes
2023-12-08 12:14:55,578 [INFO] IPUIPlugin:80 - create IPUIPlugin
2023-12-08 12:14:55,579 [INFO] PluginManager:220 - loadIPPluginJar : add can
2023-12-08 12:14:55,583 [INFO] IPUIPlugin:80 - create IPUIPlugin
2023-12-08 12:14:55,583 [INFO] PluginManager:220 - loadIPPluginJar : add comp
2023-12-08 12:14:55,591 [INFO] IPUIPlugin:80 - create IPUIPlugin
2023-12-08 12:14:55,591 [INFO] PluginManager:220 - loadIPPluginJar : add cryp
2023-12-08 12:14:55,596 [INFO] IPUIPlugin:80 - create IPUIPlugin
2023-12-08 12:14:55,596 [INFO] PluginManager:220 - loadIPPluginJar : add dfsdm
2023-12-08 12:14:55,607 [INFO] IPUIPlugin:80 - create IPUIPlugin
2023-12-08 12:14:55,608 [INFO] PluginManager:220 - loadIPPluginJar : add dma
2023-12-08 12:14:55,614 [INFO] IPUIPlugin:80 - create IPUIPlugin
2023-12-08 12:14:55,614 [INFO] PluginManager:220 - loadIPPluginJar : add dma3
2023-12-08 12:14:55,618 [INFO] IPUIPlugin:80 - create IPUIPlugin
2023-12-08 12:14:55,618 [INFO] PluginManager:220 - loadIPPluginJar : add fatfs
2023-12-08 12:14:55,627 [INFO] IPUIPlugin:80 - create IPUIPlugin
2023-12-08 12:14:55,627 [INFO] PluginManager:220 - loadIPPluginJar : add fmc
2023-12-08 12:14:55,639 [INFO] IPUIPlugin:80 - create IPUIPlugin
2023-12-08 12:14:55,639 [INFO] PluginManager:220 - loadIPPluginJar : add freertos
2023-12-08 12:14:55,642 [INFO] IPUIPlugin:80 - create IPUIPlugin
2023-12-08 12:14:55,642 [INFO] PluginManager:220 - loadIPPluginJar : add genericplugin
2023-12-08 12:14:55,647 [INFO] IPUIPlugin:80 - create IPUIPlugin
2023-12-08 12:14:55,647 [INFO] PluginManager:220 - loadIPPluginJar : add gfxmmu
2023-12-08 12:14:55,656 [INFO] IPUIPlugin:80 - create IPUIPlugin
2023-12-08 12:14:55,657 [INFO] PluginManager:220 - loadIPPluginJar : add gic
2023-12-08 12:14:55,666 [INFO] IPUIPlugin:80 - create IPUIPlugin
2023-12-08 12:14:55,666 [INFO] PluginManager:220 - loadIPPluginJar : add gpio
2023-12-08 12:14:55,672 [INFO] IPUIPlugin:80 - create IPUIPlugin
2023-12-08 12:14:55,673 [INFO] PluginManager:220 - loadIPPluginJar : add gtzc
2023-12-08 12:14:55,678 [INFO] IPUIPlugin:80 - create IPUIPlugin
2023-12-08 12:14:55,679 [INFO] PluginManager:220 - loadIPPluginJar : add hash
2023-12-08 12:14:55,685 [INFO] IPUIPlugin:80 - create IPUIPlugin
2023-12-08 12:14:55,685 [INFO] PluginManager:220 - loadIPPluginJar : add i2c
2023-12-08 12:14:55,691 [INFO] IPUIPlugin:80 - create IPUIPlugin
2023-12-08 12:14:55,691 [INFO] PluginManager:220 - loadIPPluginJar : add i2s
2023-12-08 12:14:55,697 [INFO] IPUIPlugin:80 - create IPUIPlugin
2023-12-08 12:14:55,697 [INFO] PluginManager:220 - loadIPPluginJar : add i3c
2023-12-08 12:14:55,705 [INFO] IPUIPlugin:80 - create IPUIPlugin
2023-12-08 12:14:55,705 [INFO] PluginManager:220 - loadIPPluginJar : add ipddr
2023-12-08 12:14:55,719 [INFO] IPUIPlugin:80 - create IPUIPlugin
2023-12-08 12:14:55,720 [INFO] PluginManager:220 - loadIPPluginJar : add linkedlist
2023-12-08 12:14:55,725 [INFO] IPUIPlugin:80 - create IPUIPlugin
2023-12-08 12:14:55,726 [INFO] PluginManager:220 - loadIPPluginJar : add lorawan
2023-12-08 12:14:55,777 [INFO] IPUIPlugin:80 - create IPUIPlugin
2023-12-08 12:14:55,779 [INFO] PluginManager:220 - loadIPPluginJar : add ltdc
2023-12-08 12:14:55,791 [INFO] IPUIPlugin:80 - create IPUIPlugin
2023-12-08 12:14:55,792 [INFO] PluginManager:220 - loadIPPluginJar : add mdma
2023-12-08 12:14:55,800 [INFO] IPUIPlugin:80 - create IPUIPlugin
2023-12-08 12:14:55,800 [INFO] PluginManager:220 - loadIPPluginJar : add nvic
2023-12-08 12:14:55,807 [INFO] IPUIPlugin:80 - create IPUIPlugin
2023-12-08 12:14:55,807 [INFO] PluginManager:220 - loadIPPluginJar : add opamp
2023-12-08 12:14:55,812 [INFO] IPUIPlugin:80 - create IPUIPlugin
2023-12-08 12:14:55,813 [INFO] PluginManager:220 - loadIPPluginJar : add openamp
2023-12-08 12:14:55,821 [INFO] IPUIPlugin:80 - create IPUIPlugin
2023-12-08 12:14:55,822 [INFO] PluginManager:220 - loadIPPluginJar : add pdm2pcm
2023-12-08 12:14:55,837 [INFO] IPUIPlugin:80 - create IPUIPlugin
2023-12-08 12:14:55,843 [INFO] PluginManager:220 - loadIPPluginJar : add plateformsettings
2023-12-08 12:14:55,846 [INFO] IPUIPlugin:80 - create IPUIPlugin
2023-12-08 12:14:55,847 [INFO] PluginManager:220 - loadIPPluginJar : add quadspi
2023-12-08 12:14:55,854 [INFO] IPUIPlugin:80 - create IPUIPlugin
2023-12-08 12:14:55,854 [INFO] PluginManager:220 - loadIPPluginJar : add resmgrutility
2023-12-08 12:14:55,860 [INFO] IPUIPlugin:80 - create IPUIPlugin
2023-12-08 12:14:55,860 [INFO] PluginManager:220 - loadIPPluginJar : add sai
2023-12-08 12:14:55,865 [INFO] IPUIPlugin:80 - create IPUIPlugin
2023-12-08 12:14:55,866 [INFO] PluginManager:220 - loadIPPluginJar : add spi
2023-12-08 12:14:55,877 [INFO] IPUIPlugin:80 - create IPUIPlugin
2023-12-08 12:14:55,878 [INFO] PluginManager:220 - loadIPPluginJar : add stm32_wpan
2023-12-08 12:14:55,883 [INFO] IPUIPlugin:80 - create IPUIPlugin
2023-12-08 12:14:55,883 [INFO] PluginManager:220 - loadIPPluginJar : add tim
2023-12-08 12:14:55,891 [INFO] IPUIPlugin:80 - create IPUIPlugin
2023-12-08 12:14:55,891 [INFO] PluginManager:220 - loadIPPluginJar : add touchsensing
2023-12-08 12:14:55,897 [INFO] IPUIPlugin:80 - create IPUIPlugin
2023-12-08 12:14:55,898 [INFO] PluginManager:220 - loadIPPluginJar : add tracer_emb
2023-12-08 12:14:55,904 [INFO] IPUIPlugin:80 - create IPUIPlugin
2023-12-08 12:14:55,904 [INFO] PluginManager:220 - loadIPPluginJar : add ts
2023-12-08 12:14:55,909 [INFO] IPUIPlugin:80 - create IPUIPlugin
2023-12-08 12:14:55,909 [INFO] PluginManager:220 - loadIPPluginJar : add tsc
2023-12-08 12:14:55,919 [INFO] IPUIPlugin:80 - create IPUIPlugin
2023-12-08 12:14:55,919 [INFO] PluginManager:220 - loadIPPluginJar : add ucpd
2023-12-08 12:14:55,929 [INFO] IPUIPlugin:80 - create IPUIPlugin
2023-12-08 12:14:55,930 [INFO] PluginManager:220 - loadIPPluginJar : add usart
2023-12-08 12:14:55,940 [INFO] IPUIPlugin:80 - create IPUIPlugin
2023-12-08 12:14:55,941 [INFO] PluginManager:220 - loadIPPluginJar : add usbx
2023-12-08 12:14:56,198 [INFO] CADModel:165 - CPN selected for project level
2023-12-08 12:14:56,198 [INFO] CADModel:114 - Register for checkConnection events
2023-12-08 12:14:56,199 [FATAL] Updater:308 - Updater called before beeing initialized
2023-12-08 12:14:56,200 [ERROR] CADModel:125 - Updater not yet initialized, retry later 
2023-12-08 12:14:56,659 [INFO] CADModel:165 - CPN selected for project level
2023-12-08 12:14:56,659 [INFO] CADModel:114 - Register for checkConnection events
2023-12-08 12:14:56,659 [FATAL] Updater:308 - Updater called before beeing initialized
2023-12-08 12:14:56,660 [ERROR] CADModel:125 - Updater not yet initialized, retry later 
2023-12-08 12:14:56,667 [FATAL] Updater:308 - Updater called before beeing initialized
2023-12-08 12:14:56,709 [INFO] ThirdPartyUpdaterWithRetryManager:70 - Updater plugin not ready yet. [2/15]
2023-12-08 12:14:56,905 [FATAL] Updater:308 - Updater called before beeing initialized
2023-12-08 12:14:56,916 [INFO] DbMcusAds:53 - JSON generation date=Tue Mar 07 10:50:55 EET 2023 (1678179055335)
2023-12-08 12:14:56,917 [FATAL] Updater:308 - Updater called before beeing initialized
2023-12-08 12:14:57,036 [WARN] DetailPanel:346 - Failed to get advertising image, set to default
2023-12-08 12:14:57,333 [FATAL] Updater:308 - Updater called before beeing initialized
2023-12-08 12:14:57,340 [FATAL] Updater:308 - Updater called before beeing initialized
2023-12-08 12:14:57,341 [FATAL] Updater:308 - Updater called before beeing initialized
2023-12-08 12:14:57,341 [WARN] DetailPanel:346 - Failed to get advertising image, set to default
2023-12-08 12:14:57,344 [FATAL] Updater:308 - Updater called before beeing initialized
2023-12-08 12:14:57,538 [ERROR] Updater:1120 - MainUpdater not yet initialized. External WinMGr cannot be set.
2023-12-08 12:14:57,555 [INFO] Updater:1056 - Updater Version found : 6.9.1
2023-12-08 12:14:57,596 [INFO] ApplicationProperties:184 - Using Application install path: C:\ST\STM32CubeIDE_1.13.1\STM32CubeIDE\plugins\com.st.stm32cube.common.mx_6.9.1.202307191849
2023-12-08 12:14:58,071 [INFO] MainUpdater:2868 - connection check result : 10
2023-12-08 12:14:58,072 [INFO] MainUpdater:285 - Updater Check For Update Now.
2023-12-08 12:14:58,073 [INFO] MicroXplorer:498 - Change Database Version : DB.6.0.91
2023-12-08 12:14:58,083 [INFO] McuFinderGlobals:63 - Set McuFinder mode to 2 (CubeIDE integrated)
2023-12-08 12:14:58,594 [INFO] CheckServerUpdateThread:120 - End of CheckServer Thread
2023-12-08 12:15:02,542 [WARN] PackLoader:240 - Cannot read IP mode file for STMicroelectronics.X-CUBE-SMBUS.2.1.0
2023-12-08 12:15:02,856 [WARN] PackLoader:240 - Cannot read IP mode file for STMicroelectronics.X-CUBE-AZRTOS-F7.1.1.0
2023-12-08 12:15:02,948 [WARN] PackLoader:240 - Cannot read IP mode file for STMicroelectronics.FP-SNS-MOTENV1.4.3.2
2023-12-08 12:15:02,972 [WARN] PackLoader:240 - Cannot read IP mode file for STMicroelectronics.FP-SNS-FLIGHT1.5.0.2
2023-12-08 12:15:03,022 [WARN] PackLoader:240 - Cannot read IP mode file for STMicroelectronics.X-CUBE-DISPLAY.3.0.0
2023-12-08 12:15:03,070 [WARN] PackLoader:240 - Cannot read IP mode file for STMicroelectronics.X-CUBE-BLE1.7.0.0
2023-12-08 12:15:03,138 [WARN] PackLoader:240 - Cannot read IP mode file for emotas.I-CUBE-CANOPEN.1.3.0
2023-12-08 12:15:03,150 [WARN] PackLoader:240 - Cannot read IP mode file for STMicroelectronics.X-CUBE-TOUCHGFX.4.22.0
2023-12-08 12:15:03,158 [WARN] PackLoader:240 - Cannot read IP mode file for STMicroelectronics.X-CUBE-TOUCHGFX.4.22.1
2023-12-08 12:15:03,174 [WARN] PackLoader:240 - Cannot read IP mode file for STMicroelectronics.FP-SNS-SMARTAG2.1.2.0
2023-12-08 12:15:03,256 [INFO] LogOutputStream:77 - [STDOUT_REDIRECT] 1 : Invalid condition id : UX_CORESTACK_Condition cause : null
2023-12-08 12:15:03,257 [INFO] LogOutputStream:77 - [STDOUT_REDIRECT] 1 : Invalid condition id : UX_CORESTACK_Condition cause : null
2023-12-08 12:15:03,259 [INFO] LogOutputStream:77 - [STDOUT_REDIRECT] 1 : Invalid condition id : UX_CORESTACK_Condition cause : null
2023-12-08 12:15:03,262 [INFO] LogOutputStream:77 - [STDOUT_REDIRECT] 1 : Invalid condition id : UX_CORESTACK_Condition cause : null
2023-12-08 12:15:03,265 [INFO] LogOutputStream:77 - [STDOUT_REDIRECT] 1 : Invalid condition id : UX_CORESTACK_Condition cause : null
2023-12-08 12:15:03,275 [WARN] PackLoader:240 - Cannot read IP mode file for STMicroelectronics.X-CUBE-AZRTOS-WL.2.0.0
2023-12-08 12:15:03,326 [WARN] PackLoader:240 - Cannot read IP mode file for WES.I-CUBE-Cesium.1.3.0
2023-12-08 12:15:03,338 [WARN] PackLoader:240 - Cannot read IP mode file for STMicroelectronics.X-CUBE-BLE2.3.3.0
2023-12-08 12:15:03,354 [WARN] PackLoader:240 - Cannot read IP mode file for STMicroelectronics.X-CUBE-ALGOBUILD.1.3.0
2023-12-08 12:15:03,475 [WARN] PackLoader:240 - Cannot read IP mode file for STMicroelectronics.X-CUBE-AZRTOS-G0.1.1.0
2023-12-08 12:15:03,519 [WARN] PackLoader:240 - Cannot read IP mode file for STMicroelectronics.X-CUBE-NFC4.3.0.0
2023-12-08 12:15:03,589 [WARN] PackLoader:240 - Cannot read IP mode file for STMicroelectronics.X-CUBE-BLEMGR.3.0.0
2023-12-08 12:15:03,636 [WARN] PackLoader:240 - Cannot read IP mode file for STMicroelectronics.FP-ATR-SIGFOX1.3.2.0
2023-12-08 12:15:03,952 [WARN] PackLoader:240 - Cannot read IP mode file for SEGGER.I-CUBE-embOS.1.3.1
2023-12-08 12:15:04,893 [WARN] PackLoader:240 - Cannot read IP mode file for STMicroelectronics.X-CUBE-GNSS1.6.0.0
2023-12-08 12:15:05,130 [WARN] PackLoader:240 - Cannot read IP mode file for STMicroelectronics.X-CUBE-AZRTOS-F4.1.1.0
2023-12-08 12:15:05,160 [WARN] PackLoader:240 - Cannot read IP mode file for wolfSSL.I-CUBE-wolfSSL.5.6.3
2023-12-08 12:15:05,238 [WARN] PackLoader:240 - Cannot read IP mode file for STMicroelectronics.X-CUBE-AZRTOS-L5.2.0.0
2023-12-08 12:15:05,446 [WARN] PackLoader:240 - Cannot read IP mode file for STMicroelectronics.X-CUBE-MEMS1.9.6.0
2023-12-08 12:15:06,095 [WARN] PackLoader:240 - Cannot read IP mode file for STMicroelectronics.X-CUBE-EEPRMA1.4.2.0
2023-12-08 12:15:06,114 [WARN] PackLoader:240 - Cannot read IP mode file for ITTIA_DB.I-CUBE-ITTIADB.8.8.0
2023-12-08 12:15:06,129 [WARN] PackLoader:240 - Cannot read IP mode file for STMicroelectronics.X-CUBE-BLEMGR.2.0.0
2023-12-08 12:15:06,184 [WARN] ConditionMgr:438 - getConditionDescription Invalid condition id : UX DEVICE CLASS RTOS Condition cause : null
2023-12-08 12:15:06,185 [WARN] ConditionMgr:438 - getConditionDescription Invalid condition id : UX DEVICE CLASS RTOS Condition cause : null
2023-12-08 12:15:06,191 [WARN] PackLoader:240 - Cannot read IP mode file for STMicroelectronics.X-CUBE-AZRTOS-H7.3.1.0
2023-12-08 12:15:06,193 [WARN] ConditionMgr:1039 - genDependencies : Invalid condition id : UX DEVICE CLASS RTOS Condition cause : null
2023-12-08 12:15:06,204 [WARN] ConditionMgr:1039 - genDependencies : Invalid condition id : UX DEVICE CLASS RTOS Condition cause : null
2023-12-08 12:15:06,205 [WARN] ConditionMgr:1039 - genDependencies : Invalid condition id : UX DEVICE CLASS RTOS Condition cause : null
2023-12-08 12:15:06,206 [WARN] ConditionMgr:1039 - genDependencies : Invalid condition id : UX DEVICE CLASS RTOS Condition cause : null
2023-12-08 12:15:06,206 [WARN] ConditionMgr:1039 - genDependencies : Invalid condition id : UX DEVICE CLASS RTOS Condition cause : null
2023-12-08 12:15:06,224 [WARN] PackLoader:240 - Cannot read IP mode file for STMicroelectronics.X-CUBE-NFC7.1.0.1
2023-12-08 12:15:06,238 [WARN] PackLoader:240 - Cannot read IP mode file for STMicroelectronics.X-CUBE-NFC6.3.0.0
2023-12-08 12:15:06,256 [WARN] PackLoader:240 - Cannot read IP mode file for STMicroelectronics.X-CUBE-EEPRMA1.4.1.0
2023-12-08 12:15:06,265 [WARN] PackLoader:240 - Cannot read IP mode file for STMicroelectronics.X-CUBE-AI.8.1.0
2023-12-08 12:15:06,308 [WARN] ConditionMgr:438 - getConditionDescription Invalid condition id : LAN8742 Phy interface Condition cause : null
2023-12-08 12:15:06,310 [WARN] PackLoader:240 - Cannot read IP mode file for STMicroelectronics.X-CUBE-AZRTOS-L4.2.0.0
2023-12-08 12:15:06,312 [WARN] ConditionMgr:1039 - genDependencies : Invalid condition id : LAN8742 Phy interface Condition cause : null
2023-12-08 12:15:06,312 [WARN] ConditionMgr:1039 - genDependencies : Invalid condition id : LAN8742 Phy interface Condition cause : null
2023-12-08 12:15:06,313 [WARN] ConditionMgr:1039 - genDependencies : Invalid condition id : LAN8742 Phy interface Condition cause : null
2023-12-08 12:15:06,332 [WARN] PackLoader:240 - Cannot read IP mode file for STMicroelectronics.X-CUBE-SFXS2LP1.4.0.0
2023-12-08 12:15:06,344 [WARN] PackLoader:240 - Cannot read IP mode file for STMicroelectronics.X-CUBE-ISPU.1.1.0
2023-12-08 12:15:06,476 [WARN] ConditionMgr:438 - getConditionDescription Invalid condition id : UX DEVICE CLASS RTOS Condition cause : null
2023-12-08 12:15:06,478 [WARN] ConditionMgr:438 - getConditionDescription Invalid condition id : UX DEVICE CLASS RTOS Condition cause : null
2023-12-08 12:15:06,484 [WARN] PackLoader:240 - Cannot read IP mode file for STMicroelectronics.X-CUBE-AZRTOS-WB.2.0.0
2023-12-08 12:15:06,485 [WARN] ConditionMgr:1039 - genDependencies : Invalid condition id : UX DEVICE CLASS RTOS Condition cause : null
2023-12-08 12:15:06,485 [WARN] ConditionMgr:1039 - genDependencies : Invalid condition id : UX DEVICE CLASS RTOS Condition cause : null
2023-12-08 12:15:06,487 [WARN] ConditionMgr:1039 - genDependencies : Invalid condition id : UX DEVICE CLASS RTOS Condition cause : null
2023-12-08 12:15:06,495 [WARN] ConditionMgr:1039 - genDependencies : Invalid condition id : UX DEVICE CLASS RTOS Condition cause : null
2023-12-08 12:15:06,495 [WARN] ConditionMgr:1039 - genDependencies : Invalid condition id : UX DEVICE CLASS RTOS Condition cause : null
2023-12-08 12:15:06,732 [WARN] PackLoader:240 - Cannot read IP mode file for STMicroelectronics.X-CUBE-SUBG2.5.0.0
2023-12-08 12:15:06,824 [WARN] PackLoader:240 - Cannot read IP mode file for STMicroelectronics.X-CUBE-TOF1.3.3.1
2023-12-08 12:15:06,975 [WARN] PackLoader:240 - Cannot read IP mode file for STMicroelectronics.X-CUBE-AZRTOS-G4.2.0.0
2023-12-08 12:15:07,032 [WARN] PackLoader:240 - Cannot read IP mode file for Infineon.AIROC-Wi-Fi-Bluetooth-STM32.1.5.1
2023-12-08 12:15:07,226 [WARN] PackLoader:240 - Cannot read IP mode file for STMicroelectronics.FP-SNS-MOTENVWB1.1.3.0
2023-12-08 12:15:07,514 [WARN] PackLoader:240 - Cannot read IP mode file for STMicroelectronics.FP-SNS-MOTENVWB1.1.3.1
2023-12-08 12:15:07,541 [WARN] PackLoader:240 - Cannot read IP mode file for STMicroelectronics.X-CUBE-ISPU.2.0.0
2023-12-08 12:15:07,693 [WARN] PackLoader:240 - Cannot read IP mode file for STMicroelectronics.X-CUBE-MEMS1.10.0.0
2023-12-08 12:15:08,941 [WARN] PackLoader:240 - Cannot read IP mode file for STMicroelectronics.X-CUBE-FREERTOS.1.1.0
2023-12-08 12:15:08,952 [WARN] PackLoader:240 - Cannot read IP mode file for portGmbH.I-Cube-SoM-uGOAL.1.1.0
2023-12-08 12:15:08,961 [WARN] PackLoader:240 - Cannot read IP mode file for STMicroelectronics.X-CUBE-ALS.1.0.1
2023-12-08 12:15:08,974 [WARN] PackLoader:240 - Cannot read IP mode file for STMicroelectronics.FP-ATR-ASTRA1.2.0.0
2023-12-08 12:15:09,046 [WARN] PackLoader:240 - Cannot read IP mode file for STMicroelectronics.X-CUBE-TOF1.3.4.0
2023-12-08 12:15:09,228 [WARN] PackLoader:240 - Cannot read IP mode file for STMicroelectronics.X-CUBE-AZRTOS-H7.3.2.0
2023-12-08 12:15:09,246 [INFO] ThirdParty:978 - Integrity check success = true
2023-12-08 12:15:09,246 [INFO] IntegrityCheckThread:100 - exiting critical section [integrity check]
2023-12-08 12:15:09,246 [INFO] IntegrityCheckThread:103 - End integrity checks thread
2023-12-08 12:15:22,754 [ERROR] LogOutputStream:75 - [STDERR_REDIRECT] SLF4J: Failed to load class "org.slf4j.impl.StaticLoggerBinder".
2023-12-08 12:15:22,756 [ERROR] LogOutputStream:75 - [STDERR_REDIRECT] SLF4J: Defaulting to no-operation (NOP) logger implementation
2023-12-08 12:15:22,759 [ERROR] LogOutputStream:75 - [STDERR_REDIRECT] SLF4J: See http://www.slf4j.org/codes.html#StaticLoggerBinder for further details.
